{"/home/cormac/Code/HORUS-git/HORUS/server/test/connectionTests.js":{"path":"/home/cormac/Code/HORUS-git/HORUS/server/test/connectionTests.js","statementMap":{"0":{"start":{"line":1,"column":13},"end":{"line":1,"column":30}},"1":{"start":{"line":2,"column":9},"end":{"line":2,"column":25}},"2":{"start":{"line":5,"column":16},"end":{"line":5,"column":36}},"3":{"start":{"line":6,"column":11},"end":{"line":6,"column":26}},"4":{"start":{"line":7,"column":10},"end":{"line":7,"column":30}},"5":{"start":{"line":8,"column":0},"end":{"line":8,"column":17}},"6":{"start":{"line":10,"column":0},"end":{"line":10,"column":28}},"7":{"start":{"line":11,"column":0},"end":{"line":11,"column":32}},"8":{"start":{"line":13,"column":12},"end":{"line":13,"column":28}},"9":{"start":{"line":16,"column":19},"end":{"line":16,"column":55}},"10":{"start":{"line":19,"column":0},"end":{"line":25,"column":3}},"11":{"start":{"line":20,"column":21},"end":{"line":20,"column":57}},"12":{"start":{"line":21,"column":4},"end":{"line":24,"column":7}},"13":{"start":{"line":22,"column":8},"end":{"line":22,"column":32}},"14":{"start":{"line":23,"column":8},"end":{"line":23,"column":14}},"15":{"start":{"line":27,"column":0},"end":{"line":34,"column":3}},"16":{"start":{"line":28,"column":21},"end":{"line":28,"column":59}},"17":{"start":{"line":29,"column":4},"end":{"line":33,"column":7}},"18":{"start":{"line":30,"column":8},"end":{"line":30,"column":24}},"19":{"start":{"line":31,"column":8},"end":{"line":31,"column":57}},"20":{"start":{"line":32,"column":8},"end":{"line":32,"column":14}}},"fnMap":{"0":{"name":"(anonymous_0)","decl":{"start":{"line":19,"column":49},"end":{"line":19,"column":50}},"loc":{"start":{"line":19,"column":65},"end":{"line":25,"column":1}},"line":19},"1":{"name":"(anonymous_1)","decl":{"start":{"line":21,"column":23},"end":{"line":21,"column":24}},"loc":{"start":{"line":21,"column":38},"end":{"line":24,"column":5}},"line":21},"2":{"name":"(anonymous_2)","decl":{"start":{"line":27,"column":46},"end":{"line":27,"column":47}},"loc":{"start":{"line":27,"column":62},"end":{"line":34,"column":1}},"line":27},"3":{"name":"(anonymous_3)","decl":{"start":{"line":29,"column":23},"end":{"line":29,"column":24}},"loc":{"start":{"line":29,"column":38},"end":{"line":33,"column":5}},"line":29}},"branchMap":{},"s":{"0":1,"1":1,"2":1,"3":1,"4":1,"5":1,"6":1,"7":1,"8":1,"9":1,"10":1,"11":1,"12":1,"13":1,"14":1,"15":1,"16":1,"17":1,"18":1,"19":1,"20":1},"f":{"0":1,"1":1,"2":1,"3":1},"b":{},"_coverageSchema":"d34fc3e6b8297bcde183f5492bcb8fcb36775295","hash":"491f58ba4ebab7af9ec17660354be16a45c23dea"},"/home/cormac/Code/HORUS-git/HORUS/server/db.js":{"path":"/home/cormac/Code/HORUS-git/HORUS/server/db.js","statementMap":{"0":{"start":{"line":4,"column":12},"end":{"line":4,"column":28}},"1":{"start":{"line":7,"column":14},"end":{"line":7,"column":49}},"2":{"start":{"line":8,"column":0},"end":{"line":8,"column":50}},"3":{"start":{"line":9,"column":20},"end":{"line":9,"column":55}},"4":{"start":{"line":22,"column":12},"end":{"line":22,"column":37}},"5":{"start":{"line":24,"column":9},"end":{"line":59,"column":4}},"6":{"start":{"line":27,"column":8},"end":{"line":53,"column":11}},"7":{"start":{"line":28,"column":12},"end":{"line":52,"column":13}},"8":{"start":{"line":32,"column":16},"end":{"line":32,"column":26}},"9":{"start":{"line":34,"column":16},"end":{"line":44,"column":19}},"10":{"start":{"line":35,"column":20},"end":{"line":41,"column":21}},"11":{"start":{"line":36,"column":24},"end":{"line":36,"column":45}},"12":{"start":{"line":39,"column":24},"end":{"line":39,"column":44}},"13":{"start":{"line":42,"column":20},"end":{"line":42,"column":41}},"14":{"start":{"line":43,"column":20},"end":{"line":43,"column":41}},"15":{"start":{"line":46,"column":16},"end":{"line":51,"column":19}},"16":{"start":{"line":48,"column":20},"end":{"line":48,"column":40}},"17":{"start":{"line":49,"column":20},"end":{"line":49,"column":41}},"18":{"start":{"line":50,"column":20},"end":{"line":50,"column":30}},"19":{"start":{"line":56,"column":4},"end":{"line":58,"column":6}},"20":{"start":{"line":61,"column":0},"end":{"line":61,"column":20}}},"fnMap":{"0":{"name":"(anonymous_0)","decl":{"start":{"line":24,"column":10},"end":{"line":24,"column":11}},"loc":{"start":{"line":24,"column":22},"end":{"line":59,"column":1}},"line":24},"1":{"name":"_query","decl":{"start":{"line":26,"column":13},"end":{"line":26,"column":19}},"loc":{"start":{"line":26,"column":37},"end":{"line":55,"column":5}},"line":26},"2":{"name":"(anonymous_2)","decl":{"start":{"line":27,"column":27},"end":{"line":27,"column":28}},"loc":{"start":{"line":27,"column":54},"end":{"line":53,"column":9}},"line":27},"3":{"name":"(anonymous_3)","decl":{"start":{"line":34,"column":40},"end":{"line":34,"column":41}},"loc":{"start":{"line":34,"column":61},"end":{"line":44,"column":17}},"line":34},"4":{"name":"(anonymous_4)","decl":{"start":{"line":46,"column":39},"end":{"line":46,"column":40}},"loc":{"start":{"line":46,"column":54},"end":{"line":51,"column":17}},"line":46}},"branchMap":{"0":{"loc":{"start":{"line":28,"column":12},"end":{"line":52,"column":13}},"type":"if","locations":[{"start":{"line":28,"column":12},"end":{"line":52,"column":13}},{"start":{"line":28,"column":12},"end":{"line":52,"column":13}}],"line":28},"1":{"loc":{"start":{"line":35,"column":20},"end":{"line":41,"column":21}},"type":"if","locations":[{"start":{"line":35,"column":20},"end":{"line":41,"column":21}},{"start":{"line":35,"column":20},"end":{"line":41,"column":21}}],"line":35}},"s":{"0":1,"1":1,"2":1,"3":1,"4":1,"5":1,"6":77,"7":77,"8":0,"9":77,"10":77,"11":74,"12":3,"13":77,"14":77,"15":77,"16":0,"17":0,"18":0,"19":1,"20":1},"f":{"0":1,"1":77,"2":77,"3":77,"4":0},"b":{"0":[0,77],"1":[74,3]},"_coverageSchema":"d34fc3e6b8297bcde183f5492bcb8fcb36775295","hash":"ce1e0c885605ff9fcee6c4bd77895cd4d24e1992"},"/home/cormac/Code/HORUS-git/HORUS/server/app.js":{"path":"/home/cormac/Code/HORUS-git/HORUS/server/app.js","statementMap":{"0":{"start":{"line":1,"column":14},"end":{"line":1,"column":32}},"1":{"start":{"line":2,"column":10},"end":{"line":2,"column":19}},"2":{"start":{"line":3,"column":17},"end":{"line":3,"column":39}},"3":{"start":{"line":4,"column":11},"end":{"line":4,"column":35}},"4":{"start":{"line":6,"column":16},"end":{"line":6,"column":36}},"5":{"start":{"line":8,"column":13},"end":{"line":8,"column":29}},"6":{"start":{"line":9,"column":19},"end":{"line":9,"column":59}},"7":{"start":{"line":10,"column":11},"end":{"line":10,"column":43}},"8":{"start":{"line":11,"column":16},"end":{"line":11,"column":53}},"9":{"start":{"line":12,"column":12},"end":{"line":12,"column":45}},"10":{"start":{"line":13,"column":21},"end":{"line":13,"column":53}},"11":{"start":{"line":14,"column":12},"end":{"line":14,"column":45}},"12":{"start":{"line":15,"column":16},"end":{"line":15,"column":53}},"13":{"start":{"line":16,"column":15},"end":{"line":16,"column":51}},"14":{"start":{"line":19,"column":0},"end":{"line":19,"column":32}},"15":{"start":{"line":21,"column":0},"end":{"line":21,"column":28}},"16":{"start":{"line":23,"column":11},"end":{"line":23,"column":26}},"17":{"start":{"line":24,"column":0},"end":{"line":24,"column":41}},"18":{"start":{"line":26,"column":0},"end":{"line":26,"column":50}},"19":{"start":{"line":28,"column":0},"end":{"line":28,"column":42}},"20":{"start":{"line":30,"column":0},"end":{"line":30,"column":38}},"21":{"start":{"line":31,"column":0},"end":{"line":31,"column":42}},"22":{"start":{"line":33,"column":0},"end":{"line":33,"column":36}},"23":{"start":{"line":34,"column":0},"end":{"line":34,"column":30}},"24":{"start":{"line":36,"column":0},"end":{"line":36,"column":39}},"25":{"start":{"line":37,"column":0},"end":{"line":37,"column":31}},"26":{"start":{"line":38,"column":0},"end":{"line":40,"column":3}},"27":{"start":{"line":39,"column":4},"end":{"line":39,"column":11}},"28":{"start":{"line":41,"column":0},"end":{"line":45,"column":3}},"29":{"start":{"line":42,"column":14},"end":{"line":42,"column":39}},"30":{"start":{"line":43,"column":4},"end":{"line":43,"column":21}},"31":{"start":{"line":44,"column":4},"end":{"line":44,"column":14}},"32":{"start":{"line":46,"column":0},"end":{"line":48,"column":3}},"33":{"start":{"line":47,"column":4},"end":{"line":47,"column":37}},"34":{"start":{"line":51,"column":0},"end":{"line":51,"column":57}},"35":{"start":{"line":54,"column":0},"end":{"line":54,"column":47}},"36":{"start":{"line":55,"column":0},"end":{"line":55,"column":27}},"37":{"start":{"line":56,"column":0},"end":{"line":56,"column":49}},"38":{"start":{"line":61,"column":0},"end":{"line":65,"column":3}},"39":{"start":{"line":62,"column":4},"end":{"line":62,"column":51}},"40":{"start":{"line":64,"column":4},"end":{"line":64,"column":11}},"41":{"start":{"line":73,"column":0},"end":{"line":73,"column":21}},"42":{"start":{"line":77,"column":0},"end":{"line":77,"column":10}},"43":{"start":{"line":78,"column":0},"end":{"line":78,"column":15}},"44":{"start":{"line":79,"column":0},"end":{"line":79,"column":11}},"45":{"start":{"line":80,"column":0},"end":{"line":80,"column":18}},"46":{"start":{"line":81,"column":0},"end":{"line":81,"column":11}},"47":{"start":{"line":82,"column":0},"end":{"line":82,"column":20}},"48":{"start":{"line":83,"column":0},"end":{"line":83,"column":15}},"49":{"start":{"line":84,"column":0},"end":{"line":84,"column":13}},"50":{"start":{"line":87,"column":13},"end":{"line":89,"column":2}},"51":{"start":{"line":88,"column":4},"end":{"line":88,"column":61}},"52":{"start":{"line":91,"column":0},"end":{"line":91,"column":24}}},"fnMap":{"0":{"name":"(anonymous_0)","decl":{"start":{"line":38,"column":16},"end":{"line":38,"column":17}},"loc":{"start":{"line":38,"column":42},"end":{"line":40,"column":1}},"line":38},"1":{"name":"(anonymous_1)","decl":{"start":{"line":41,"column":16},"end":{"line":41,"column":17}},"loc":{"start":{"line":41,"column":42},"end":{"line":45,"column":1}},"line":41},"2":{"name":"(anonymous_2)","decl":{"start":{"line":46,"column":16},"end":{"line":46,"column":17}},"loc":{"start":{"line":46,"column":42},"end":{"line":48,"column":1}},"line":46},"3":{"name":"(anonymous_3)","decl":{"start":{"line":61,"column":11},"end":{"line":61,"column":12}},"loc":{"start":{"line":61,"column":37},"end":{"line":65,"column":1}},"line":61},"4":{"name":"(anonymous_4)","decl":{"start":{"line":87,"column":30},"end":{"line":87,"column":31}},"loc":{"start":{"line":87,"column":42},"end":{"line":89,"column":1}},"line":87}},"branchMap":{"0":{"loc":{"start":{"line":4,"column":11},"end":{"line":4,"column":35}},"type":"binary-expr","locations":[{"start":{"line":4,"column":11},"end":{"line":4,"column":27}},{"start":{"line":4,"column":31},"end":{"line":4,"column":35}}],"line":4}},"s":{"0":1,"1":1,"2":1,"3":1,"4":1,"5":1,"6":1,"7":1,"8":1,"9":1,"10":1,"11":1,"12":1,"13":1,"14":1,"15":1,"16":1,"17":1,"18":1,"19":1,"20":1,"21":1,"22":1,"23":1,"24":1,"25":1,"26":1,"27":0,"28":1,"29":0,"30":0,"31":0,"32":1,"33":0,"34":1,"35":1,"36":1,"37":1,"38":1,"39":70,"40":70,"41":1,"42":1,"43":1,"44":1,"45":1,"46":1,"47":1,"48":1,"49":1,"50":1,"51":1,"52":1},"f":{"0":0,"1":0,"2":0,"3":70,"4":1},"b":{"0":[1,1]},"_coverageSchema":"d34fc3e6b8297bcde183f5492bcb8fcb36775295","hash":"c346777d50c3baa0be355c32ddd5a29303858c78"},"/home/cormac/Code/HORUS-git/HORUS/server/controllers/trackerNodes.js":{"path":"/home/cormac/Code/HORUS-git/HORUS/server/controllers/trackerNodes.js","statementMap":{"0":{"start":{"line":1,"column":23},"end":{"line":1,"column":59}},"1":{"start":{"line":3,"column":0},"end":{"line":67,"column":2}},"2":{"start":{"line":5,"column":4},"end":{"line":15,"column":7}},"3":{"start":{"line":7,"column":8},"end":{"line":14,"column":11}},"4":{"start":{"line":9,"column":12},"end":{"line":13,"column":13}},"5":{"start":{"line":10,"column":16},"end":{"line":10,"column":55}},"6":{"start":{"line":12,"column":16},"end":{"line":12,"column":58}},"7":{"start":{"line":17,"column":4},"end":{"line":28,"column":7}},"8":{"start":{"line":18,"column":17},"end":{"line":18,"column":30}},"9":{"start":{"line":20,"column":8},"end":{"line":27,"column":11}},"10":{"start":{"line":22,"column":12},"end":{"line":26,"column":13}},"11":{"start":{"line":23,"column":16},"end":{"line":23,"column":55}},"12":{"start":{"line":25,"column":16},"end":{"line":25,"column":58}},"13":{"start":{"line":30,"column":4},"end":{"line":41,"column":7}},"14":{"start":{"line":31,"column":17},"end":{"line":31,"column":30}},"15":{"start":{"line":33,"column":8},"end":{"line":40,"column":11}},"16":{"start":{"line":35,"column":12},"end":{"line":39,"column":13}},"17":{"start":{"line":36,"column":16},"end":{"line":36,"column":55}},"18":{"start":{"line":38,"column":16},"end":{"line":38,"column":58}},"19":{"start":{"line":43,"column":4},"end":{"line":54,"column":7}},"20":{"start":{"line":44,"column":17},"end":{"line":44,"column":30}},"21":{"start":{"line":46,"column":8},"end":{"line":53,"column":11}},"22":{"start":{"line":48,"column":12},"end":{"line":52,"column":13}},"23":{"start":{"line":49,"column":16},"end":{"line":49,"column":55}},"24":{"start":{"line":51,"column":16},"end":{"line":51,"column":58}},"25":{"start":{"line":57,"column":4},"end":{"line":65,"column":7}},"26":{"start":{"line":60,"column":8},"end":{"line":60,"column":66}}},"fnMap":{"0":{"name":"(anonymous_0)","decl":{"start":{"line":3,"column":17},"end":{"line":3,"column":18}},"loc":{"start":{"line":3,"column":32},"end":{"line":67,"column":1}},"line":3},"1":{"name":"(anonymous_1)","decl":{"start":{"line":5,"column":33},"end":{"line":5,"column":34}},"loc":{"start":{"line":5,"column":52},"end":{"line":15,"column":5}},"line":5},"2":{"name":"(anonymous_2)","decl":{"start":{"line":7,"column":44},"end":{"line":7,"column":45}},"loc":{"start":{"line":7,"column":63},"end":{"line":14,"column":9}},"line":7},"3":{"name":"(anonymous_3)","decl":{"start":{"line":17,"column":43},"end":{"line":17,"column":44}},"loc":{"start":{"line":17,"column":62},"end":{"line":28,"column":5}},"line":17},"4":{"name":"(anonymous_4)","decl":{"start":{"line":20,"column":48},"end":{"line":20,"column":49}},"loc":{"start":{"line":20,"column":67},"end":{"line":27,"column":9}},"line":20},"5":{"name":"(anonymous_5)","decl":{"start":{"line":30,"column":48},"end":{"line":30,"column":49}},"loc":{"start":{"line":30,"column":67},"end":{"line":41,"column":5}},"line":30},"6":{"name":"(anonymous_6)","decl":{"start":{"line":33,"column":52},"end":{"line":33,"column":53}},"loc":{"start":{"line":33,"column":71},"end":{"line":40,"column":9}},"line":33},"7":{"name":"(anonymous_7)","decl":{"start":{"line":43,"column":53},"end":{"line":43,"column":54}},"loc":{"start":{"line":43,"column":72},"end":{"line":54,"column":5}},"line":43},"8":{"name":"(anonymous_8)","decl":{"start":{"line":46,"column":58},"end":{"line":46,"column":59}},"loc":{"start":{"line":46,"column":77},"end":{"line":53,"column":9}},"line":46},"9":{"name":"(anonymous_9)","decl":{"start":{"line":57,"column":34},"end":{"line":57,"column":35}},"loc":{"start":{"line":57,"column":60},"end":{"line":65,"column":5}},"line":57}},"branchMap":{"0":{"loc":{"start":{"line":9,"column":12},"end":{"line":13,"column":13}},"type":"if","locations":[{"start":{"line":9,"column":12},"end":{"line":13,"column":13}},{"start":{"line":9,"column":12},"end":{"line":13,"column":13}}],"line":9},"1":{"loc":{"start":{"line":22,"column":12},"end":{"line":26,"column":13}},"type":"if","locations":[{"start":{"line":22,"column":12},"end":{"line":26,"column":13}},{"start":{"line":22,"column":12},"end":{"line":26,"column":13}}],"line":22},"2":{"loc":{"start":{"line":35,"column":12},"end":{"line":39,"column":13}},"type":"if","locations":[{"start":{"line":35,"column":12},"end":{"line":39,"column":13}},{"start":{"line":35,"column":12},"end":{"line":39,"column":13}}],"line":35},"3":{"loc":{"start":{"line":48,"column":12},"end":{"line":52,"column":13}},"type":"if","locations":[{"start":{"line":48,"column":12},"end":{"line":52,"column":13}},{"start":{"line":48,"column":12},"end":{"line":52,"column":13}}],"line":48}},"s":{"0":1,"1":1,"2":1,"3":2,"4":2,"5":2,"6":0,"7":1,"8":3,"9":3,"10":3,"11":3,"12":0,"13":1,"14":2,"15":2,"16":2,"17":2,"18":0,"19":1,"20":2,"21":2,"22":2,"23":2,"24":0,"25":1,"26":0},"f":{"0":1,"1":2,"2":2,"3":3,"4":3,"5":2,"6":2,"7":2,"8":2,"9":0},"b":{"0":[2,0],"1":[3,0],"2":[2,0],"3":[2,0]},"_coverageSchema":"d34fc3e6b8297bcde183f5492bcb8fcb36775295","hash":"b599180a32e67f47031908f65866ea2d89842237"},"/home/cormac/Code/HORUS-git/HORUS/server/models/trackerNodes.js":{"path":"/home/cormac/Code/HORUS-git/HORUS/server/models/trackerNodes.js","statementMap":{"0":{"start":{"line":1,"column":9},"end":{"line":1,"column":25}},"1":{"start":{"line":4,"column":0},"end":{"line":28,"column":2}},"2":{"start":{"line":5,"column":4},"end":{"line":5,"column":29}},"3":{"start":{"line":6,"column":4},"end":{"line":27,"column":7}},"4":{"start":{"line":9,"column":22},"end":{"line":12,"column":9}},"5":{"start":{"line":13,"column":8},"end":{"line":25,"column":9}},"6":{"start":{"line":14,"column":12},"end":{"line":14,"column":31}},"7":{"start":{"line":15,"column":12},"end":{"line":18,"column":14}},"8":{"start":{"line":20,"column":12},"end":{"line":20,"column":33}},"9":{"start":{"line":21,"column":12},"end":{"line":24,"column":14}},"10":{"start":{"line":26,"column":8},"end":{"line":26,"column":26}},"11":{"start":{"line":31,"column":0},"end":{"line":55,"column":2}},"12":{"start":{"line":32,"column":4},"end":{"line":32,"column":29}},"13":{"start":{"line":33,"column":4},"end":{"line":54,"column":7}},"14":{"start":{"line":36,"column":22},"end":{"line":39,"column":9}},"15":{"start":{"line":40,"column":8},"end":{"line":52,"column":9}},"16":{"start":{"line":41,"column":12},"end":{"line":41,"column":31}},"17":{"start":{"line":42,"column":12},"end":{"line":45,"column":14}},"18":{"start":{"line":47,"column":12},"end":{"line":47,"column":33}},"19":{"start":{"line":48,"column":12},"end":{"line":51,"column":14}},"20":{"start":{"line":53,"column":8},"end":{"line":53,"column":26}},"21":{"start":{"line":58,"column":0},"end":{"line":82,"column":2}},"22":{"start":{"line":59,"column":4},"end":{"line":59,"column":29}},"23":{"start":{"line":60,"column":4},"end":{"line":81,"column":7}},"24":{"start":{"line":63,"column":22},"end":{"line":66,"column":9}},"25":{"start":{"line":67,"column":8},"end":{"line":79,"column":9}},"26":{"start":{"line":68,"column":12},"end":{"line":68,"column":31}},"27":{"start":{"line":69,"column":12},"end":{"line":72,"column":14}},"28":{"start":{"line":74,"column":12},"end":{"line":74,"column":33}},"29":{"start":{"line":75,"column":12},"end":{"line":78,"column":14}},"30":{"start":{"line":80,"column":8},"end":{"line":80,"column":26}},"31":{"start":{"line":85,"column":0},"end":{"line":108,"column":2}},"32":{"start":{"line":87,"column":4},"end":{"line":107,"column":7}},"33":{"start":{"line":89,"column":22},"end":{"line":92,"column":9}},"34":{"start":{"line":93,"column":8},"end":{"line":105,"column":9}},"35":{"start":{"line":94,"column":12},"end":{"line":94,"column":31}},"36":{"start":{"line":95,"column":12},"end":{"line":98,"column":14}},"37":{"start":{"line":100,"column":12},"end":{"line":100,"column":33}},"38":{"start":{"line":101,"column":12},"end":{"line":104,"column":14}},"39":{"start":{"line":106,"column":8},"end":{"line":106,"column":26}}},"fnMap":{"0":{"name":"(anonymous_0)","decl":{"start":{"line":4,"column":29},"end":{"line":4,"column":30}},"loc":{"start":{"line":4,"column":52},"end":{"line":28,"column":1}},"line":4},"1":{"name":"(anonymous_1)","decl":{"start":{"line":6,"column":66},"end":{"line":6,"column":67}},"loc":{"start":{"line":6,"column":92},"end":{"line":27,"column":5}},"line":6},"2":{"name":"(anonymous_2)","decl":{"start":{"line":31,"column":33},"end":{"line":31,"column":34}},"loc":{"start":{"line":31,"column":56},"end":{"line":55,"column":1}},"line":31},"3":{"name":"(anonymous_3)","decl":{"start":{"line":33,"column":74},"end":{"line":33,"column":75}},"loc":{"start":{"line":33,"column":100},"end":{"line":54,"column":5}},"line":33},"4":{"name":"(anonymous_4)","decl":{"start":{"line":58,"column":39},"end":{"line":58,"column":40}},"loc":{"start":{"line":58,"column":62},"end":{"line":82,"column":1}},"line":58},"5":{"name":"(anonymous_5)","decl":{"start":{"line":60,"column":106},"end":{"line":60,"column":107}},"loc":{"start":{"line":60,"column":132},"end":{"line":81,"column":5}},"line":60},"6":{"name":"(anonymous_6)","decl":{"start":{"line":85,"column":29},"end":{"line":85,"column":30}},"loc":{"start":{"line":85,"column":48},"end":{"line":108,"column":1}},"line":85},"7":{"name":"(anonymous_7)","decl":{"start":{"line":87,"column":44},"end":{"line":87,"column":45}},"loc":{"start":{"line":87,"column":75},"end":{"line":107,"column":5}},"line":87}},"branchMap":{"0":{"loc":{"start":{"line":13,"column":8},"end":{"line":25,"column":9}},"type":"if","locations":[{"start":{"line":13,"column":8},"end":{"line":25,"column":9}},{"start":{"line":13,"column":8},"end":{"line":25,"column":9}}],"line":13},"1":{"loc":{"start":{"line":40,"column":8},"end":{"line":52,"column":9}},"type":"if","locations":[{"start":{"line":40,"column":8},"end":{"line":52,"column":9}},{"start":{"line":40,"column":8},"end":{"line":52,"column":9}}],"line":40},"2":{"loc":{"start":{"line":67,"column":8},"end":{"line":79,"column":9}},"type":"if","locations":[{"start":{"line":67,"column":8},"end":{"line":79,"column":9}},{"start":{"line":67,"column":8},"end":{"line":79,"column":9}}],"line":67},"3":{"loc":{"start":{"line":93,"column":8},"end":{"line":105,"column":9}},"type":"if","locations":[{"start":{"line":93,"column":8},"end":{"line":105,"column":9}},{"start":{"line":93,"column":8},"end":{"line":105,"column":9}}],"line":93}},"s":{"0":1,"1":1,"2":3,"3":3,"4":3,"5":3,"6":0,"7":0,"8":3,"9":3,"10":3,"11":1,"12":2,"13":2,"14":2,"15":2,"16":0,"17":0,"18":2,"19":2,"20":2,"21":1,"22":2,"23":2,"24":2,"25":2,"26":0,"27":0,"28":2,"29":2,"30":2,"31":1,"32":2,"33":2,"34":2,"35":0,"36":0,"37":2,"38":2,"39":2},"f":{"0":3,"1":3,"2":2,"3":2,"4":2,"5":2,"6":2,"7":2},"b":{"0":[0,3],"1":[0,2],"2":[0,2],"3":[0,2]},"_coverageSchema":"d34fc3e6b8297bcde183f5492bcb8fcb36775295","hash":"322871505ff2985c121f32c9df87e7d5d176ab70"},"/home/cormac/Code/HORUS-git/HORUS/server/controllers/home.js":{"path":"/home/cormac/Code/HORUS-git/HORUS/server/controllers/home.js","statementMap":{"0":{"start":{"line":1,"column":0},"end":{"line":25,"column":2}},"1":{"start":{"line":4,"column":4},"end":{"line":12,"column":7}},"2":{"start":{"line":6,"column":8},"end":{"line":6,"column":29}},"3":{"start":{"line":7,"column":8},"end":{"line":7,"column":14}},"4":{"start":{"line":15,"column":4},"end":{"line":24,"column":7}},"5":{"start":{"line":17,"column":8},"end":{"line":17,"column":65}},"6":{"start":{"line":19,"column":8},"end":{"line":19,"column":63}}},"fnMap":{"0":{"name":"(anonymous_0)","decl":{"start":{"line":1,"column":17},"end":{"line":1,"column":18}},"loc":{"start":{"line":1,"column":32},"end":{"line":25,"column":1}},"line":1},"1":{"name":"(anonymous_1)","decl":{"start":{"line":4,"column":23},"end":{"line":4,"column":24}},"loc":{"start":{"line":4,"column":49},"end":{"line":12,"column":5}},"line":4},"2":{"name":"(anonymous_2)","decl":{"start":{"line":15,"column":23},"end":{"line":15,"column":24}},"loc":{"start":{"line":15,"column":49},"end":{"line":24,"column":5}},"line":15}},"branchMap":{},"s":{"0":1,"1":1,"2":0,"3":0,"4":1,"5":0,"6":0},"f":{"0":1,"1":0,"2":0},"b":{},"_coverageSchema":"d34fc3e6b8297bcde183f5492bcb8fcb36775295","hash":"da11666d8a56489af2de54b46bda54b43cb083f5"},"/home/cormac/Code/HORUS-git/HORUS/server/controllers/userTypes.js":{"path":"/home/cormac/Code/HORUS-git/HORUS/server/controllers/userTypes.js","statementMap":{"0":{"start":{"line":1,"column":20},"end":{"line":1,"column":53}},"1":{"start":{"line":2,"column":0},"end":{"line":80,"column":1}},"2":{"start":{"line":4,"column":4},"end":{"line":23,"column":7}},"3":{"start":{"line":6,"column":8},"end":{"line":20,"column":11}},"4":{"start":{"line":14,"column":12},"end":{"line":19,"column":13}},"5":{"start":{"line":15,"column":16},"end":{"line":15,"column":55}},"6":{"start":{"line":18,"column":16},"end":{"line":18,"column":58}},"7":{"start":{"line":25,"column":4},"end":{"line":36,"column":7}},"8":{"start":{"line":26,"column":17},"end":{"line":26,"column":30}},"9":{"start":{"line":28,"column":8},"end":{"line":35,"column":11}},"10":{"start":{"line":30,"column":12},"end":{"line":34,"column":13}},"11":{"start":{"line":31,"column":16},"end":{"line":31,"column":55}},"12":{"start":{"line":33,"column":16},"end":{"line":33,"column":58}},"13":{"start":{"line":38,"column":4},"end":{"line":51,"column":7}},"14":{"start":{"line":39,"column":22},"end":{"line":39,"column":30}},"15":{"start":{"line":41,"column":8},"end":{"line":48,"column":11}},"16":{"start":{"line":43,"column":12},"end":{"line":47,"column":13}},"17":{"start":{"line":44,"column":16},"end":{"line":44,"column":55}},"18":{"start":{"line":46,"column":16},"end":{"line":46,"column":58}},"19":{"start":{"line":53,"column":4},"end":{"line":66,"column":7}},"20":{"start":{"line":54,"column":17},"end":{"line":54,"column":30}},"21":{"start":{"line":56,"column":8},"end":{"line":63,"column":11}},"22":{"start":{"line":58,"column":12},"end":{"line":62,"column":13}},"23":{"start":{"line":59,"column":16},"end":{"line":59,"column":55}},"24":{"start":{"line":61,"column":16},"end":{"line":61,"column":58}},"25":{"start":{"line":69,"column":4},"end":{"line":78,"column":7}},"26":{"start":{"line":71,"column":8},"end":{"line":71,"column":65}},"27":{"start":{"line":73,"column":8},"end":{"line":73,"column":63}}},"fnMap":{"0":{"name":"(anonymous_0)","decl":{"start":{"line":2,"column":17},"end":{"line":2,"column":18}},"loc":{"start":{"line":2,"column":32},"end":{"line":80,"column":1}},"line":2},"1":{"name":"(anonymous_1)","decl":{"start":{"line":4,"column":31},"end":{"line":4,"column":32}},"loc":{"start":{"line":4,"column":51},"end":{"line":23,"column":5}},"line":4},"2":{"name":"(anonymous_2)","decl":{"start":{"line":6,"column":38},"end":{"line":6,"column":39}},"loc":{"start":{"line":6,"column":58},"end":{"line":20,"column":9}},"line":6},"3":{"name":"(anonymous_3)","decl":{"start":{"line":25,"column":35},"end":{"line":25,"column":36}},"loc":{"start":{"line":25,"column":55},"end":{"line":36,"column":5}},"line":25},"4":{"name":"(anonymous_4)","decl":{"start":{"line":28,"column":42},"end":{"line":28,"column":43}},"loc":{"start":{"line":28,"column":62},"end":{"line":35,"column":9}},"line":28},"5":{"name":"(anonymous_5)","decl":{"start":{"line":38,"column":32},"end":{"line":38,"column":33}},"loc":{"start":{"line":38,"column":52},"end":{"line":51,"column":5}},"line":38},"6":{"name":"(anonymous_6)","decl":{"start":{"line":41,"column":59},"end":{"line":41,"column":60}},"loc":{"start":{"line":41,"column":79},"end":{"line":48,"column":9}},"line":41},"7":{"name":"(anonymous_7)","decl":{"start":{"line":53,"column":38},"end":{"line":53,"column":39}},"loc":{"start":{"line":53,"column":58},"end":{"line":66,"column":5}},"line":53},"8":{"name":"(anonymous_8)","decl":{"start":{"line":56,"column":45},"end":{"line":56,"column":46}},"loc":{"start":{"line":56,"column":65},"end":{"line":63,"column":9}},"line":56},"9":{"name":"(anonymous_9)","decl":{"start":{"line":69,"column":36},"end":{"line":69,"column":37}},"loc":{"start":{"line":69,"column":62},"end":{"line":78,"column":5}},"line":69}},"branchMap":{"0":{"loc":{"start":{"line":14,"column":12},"end":{"line":19,"column":13}},"type":"if","locations":[{"start":{"line":14,"column":12},"end":{"line":19,"column":13}},{"start":{"line":14,"column":12},"end":{"line":19,"column":13}}],"line":14},"1":{"loc":{"start":{"line":30,"column":12},"end":{"line":34,"column":13}},"type":"if","locations":[{"start":{"line":30,"column":12},"end":{"line":34,"column":13}},{"start":{"line":30,"column":12},"end":{"line":34,"column":13}}],"line":30},"2":{"loc":{"start":{"line":43,"column":12},"end":{"line":47,"column":13}},"type":"if","locations":[{"start":{"line":43,"column":12},"end":{"line":47,"column":13}},{"start":{"line":43,"column":12},"end":{"line":47,"column":13}}],"line":43},"3":{"loc":{"start":{"line":58,"column":12},"end":{"line":62,"column":13}},"type":"if","locations":[{"start":{"line":58,"column":12},"end":{"line":62,"column":13}},{"start":{"line":58,"column":12},"end":{"line":62,"column":13}}],"line":58}},"s":{"0":1,"1":1,"2":1,"3":0,"4":0,"5":0,"6":0,"7":1,"8":0,"9":0,"10":0,"11":0,"12":0,"13":1,"14":0,"15":0,"16":0,"17":0,"18":0,"19":1,"20":0,"21":0,"22":0,"23":0,"24":0,"25":1,"26":0,"27":0},"f":{"0":1,"1":0,"2":0,"3":0,"4":0,"5":0,"6":0,"7":0,"8":0,"9":0},"b":{"0":[0,0],"1":[0,0],"2":[0,0],"3":[0,0]},"_coverageSchema":"d34fc3e6b8297bcde183f5492bcb8fcb36775295","hash":"f1df8ef53c01b3bf026d583962ae9460b2face14"},"/home/cormac/Code/HORUS-git/HORUS/server/models/userTypes.js":{"path":"/home/cormac/Code/HORUS-git/HORUS/server/models/userTypes.js","statementMap":{"0":{"start":{"line":1,"column":9},"end":{"line":1,"column":25}},"1":{"start":{"line":4,"column":0},"end":{"line":28,"column":2}},"2":{"start":{"line":5,"column":4},"end":{"line":5,"column":29}},"3":{"start":{"line":6,"column":4},"end":{"line":27,"column":7}},"4":{"start":{"line":9,"column":22},"end":{"line":12,"column":9}},"5":{"start":{"line":13,"column":8},"end":{"line":25,"column":9}},"6":{"start":{"line":15,"column":12},"end":{"line":18,"column":14}},"7":{"start":{"line":21,"column":12},"end":{"line":24,"column":14}},"8":{"start":{"line":26,"column":8},"end":{"line":26,"column":26}},"9":{"start":{"line":31,"column":0},"end":{"line":54,"column":2}},"10":{"start":{"line":33,"column":3},"end":{"line":53,"column":7}},"11":{"start":{"line":35,"column":22},"end":{"line":38,"column":9}},"12":{"start":{"line":39,"column":8},"end":{"line":51,"column":9}},"13":{"start":{"line":41,"column":12},"end":{"line":44,"column":14}},"14":{"start":{"line":47,"column":12},"end":{"line":50,"column":14}},"15":{"start":{"line":52,"column":8},"end":{"line":52,"column":26}},"16":{"start":{"line":58,"column":0},"end":{"line":85,"column":2}},"17":{"start":{"line":60,"column":21},"end":{"line":60,"column":41}},"18":{"start":{"line":62,"column":4},"end":{"line":62,"column":33}},"19":{"start":{"line":64,"column":4},"end":{"line":84,"column":7}},"20":{"start":{"line":66,"column":22},"end":{"line":69,"column":9}},"21":{"start":{"line":70,"column":8},"end":{"line":82,"column":9}},"22":{"start":{"line":71,"column":12},"end":{"line":71,"column":31}},"23":{"start":{"line":72,"column":12},"end":{"line":75,"column":14}},"24":{"start":{"line":77,"column":12},"end":{"line":77,"column":33}},"25":{"start":{"line":78,"column":12},"end":{"line":81,"column":14}},"26":{"start":{"line":83,"column":8},"end":{"line":83,"column":26}},"27":{"start":{"line":89,"column":0},"end":{"line":113,"column":2}},"28":{"start":{"line":90,"column":4},"end":{"line":90,"column":29}},"29":{"start":{"line":91,"column":4},"end":{"line":112,"column":7}},"30":{"start":{"line":94,"column":22},"end":{"line":97,"column":9}},"31":{"start":{"line":98,"column":8},"end":{"line":110,"column":9}},"32":{"start":{"line":99,"column":12},"end":{"line":99,"column":31}},"33":{"start":{"line":100,"column":12},"end":{"line":103,"column":14}},"34":{"start":{"line":105,"column":12},"end":{"line":105,"column":33}},"35":{"start":{"line":106,"column":12},"end":{"line":109,"column":14}},"36":{"start":{"line":111,"column":8},"end":{"line":111,"column":26}}},"fnMap":{"0":{"name":"(anonymous_0)","decl":{"start":{"line":4,"column":26},"end":{"line":4,"column":27}},"loc":{"start":{"line":4,"column":49},"end":{"line":28,"column":1}},"line":4},"1":{"name":"(anonymous_1)","decl":{"start":{"line":6,"column":63},"end":{"line":6,"column":64}},"loc":{"start":{"line":6,"column":89},"end":{"line":27,"column":5}},"line":6},"2":{"name":"(anonymous_2)","decl":{"start":{"line":31,"column":26},"end":{"line":31,"column":27}},"loc":{"start":{"line":31,"column":45},"end":{"line":54,"column":1}},"line":31},"3":{"name":"(anonymous_3)","decl":{"start":{"line":33,"column":40},"end":{"line":33,"column":41}},"loc":{"start":{"line":33,"column":66},"end":{"line":53,"column":5}},"line":33},"4":{"name":"(anonymous_4)","decl":{"start":{"line":58,"column":22},"end":{"line":58,"column":23}},"loc":{"start":{"line":58,"column":51},"end":{"line":85,"column":1}},"line":58},"5":{"name":"(anonymous_5)","decl":{"start":{"line":64,"column":106},"end":{"line":64,"column":107}},"loc":{"start":{"line":64,"column":132},"end":{"line":84,"column":5}},"line":64},"6":{"name":"(anonymous_6)","decl":{"start":{"line":89,"column":29},"end":{"line":89,"column":30}},"loc":{"start":{"line":89,"column":52},"end":{"line":113,"column":1}},"line":89},"7":{"name":"(anonymous_7)","decl":{"start":{"line":91,"column":61},"end":{"line":91,"column":62}},"loc":{"start":{"line":91,"column":87},"end":{"line":112,"column":5}},"line":91}},"branchMap":{"0":{"loc":{"start":{"line":13,"column":8},"end":{"line":25,"column":9}},"type":"if","locations":[{"start":{"line":13,"column":8},"end":{"line":25,"column":9}},{"start":{"line":13,"column":8},"end":{"line":25,"column":9}}],"line":13},"1":{"loc":{"start":{"line":39,"column":8},"end":{"line":51,"column":9}},"type":"if","locations":[{"start":{"line":39,"column":8},"end":{"line":51,"column":9}},{"start":{"line":39,"column":8},"end":{"line":51,"column":9}}],"line":39},"2":{"loc":{"start":{"line":70,"column":8},"end":{"line":82,"column":9}},"type":"if","locations":[{"start":{"line":70,"column":8},"end":{"line":82,"column":9}},{"start":{"line":70,"column":8},"end":{"line":82,"column":9}}],"line":70},"3":{"loc":{"start":{"line":98,"column":8},"end":{"line":110,"column":9}},"type":"if","locations":[{"start":{"line":98,"column":8},"end":{"line":110,"column":9}},{"start":{"line":98,"column":8},"end":{"line":110,"column":9}}],"line":98}},"s":{"0":1,"1":1,"2":0,"3":0,"4":0,"5":0,"6":0,"7":0,"8":0,"9":1,"10":0,"11":0,"12":0,"13":0,"14":0,"15":0,"16":1,"17":0,"18":0,"19":0,"20":0,"21":0,"22":0,"23":0,"24":0,"25":0,"26":0,"27":1,"28":0,"29":0,"30":0,"31":0,"32":0,"33":0,"34":0,"35":0,"36":0},"f":{"0":0,"1":0,"2":0,"3":0,"4":0,"5":0,"6":0,"7":0},"b":{"0":[0,0],"1":[0,0],"2":[0,0],"3":[0,0]},"_coverageSchema":"d34fc3e6b8297bcde183f5492bcb8fcb36775295","hash":"a6a9918936d8c76fad4becd64806108fcd441df0"},"/home/cormac/Code/HORUS-git/HORUS/server/controllers/tools.js":{"path":"/home/cormac/Code/HORUS-git/HORUS/server/controllers/tools.js","statementMap":{"0":{"start":{"line":1,"column":16},"end":{"line":1,"column":45}},"1":{"start":{"line":4,"column":0},"end":{"line":114,"column":2}},"2":{"start":{"line":5,"column":4},"end":{"line":15,"column":7}},"3":{"start":{"line":7,"column":8},"end":{"line":14,"column":11}},"4":{"start":{"line":9,"column":12},"end":{"line":13,"column":13}},"5":{"start":{"line":10,"column":16},"end":{"line":10,"column":55}},"6":{"start":{"line":12,"column":16},"end":{"line":12,"column":58}},"7":{"start":{"line":17,"column":4},"end":{"line":25,"column":7}},"8":{"start":{"line":18,"column":8},"end":{"line":24,"column":11}},"9":{"start":{"line":19,"column":12},"end":{"line":23,"column":13}},"10":{"start":{"line":20,"column":16},"end":{"line":20,"column":55}},"11":{"start":{"line":22,"column":16},"end":{"line":22,"column":58}},"12":{"start":{"line":27,"column":4},"end":{"line":38,"column":7}},"13":{"start":{"line":28,"column":17},"end":{"line":28,"column":30}},"14":{"start":{"line":30,"column":8},"end":{"line":37,"column":11}},"15":{"start":{"line":32,"column":12},"end":{"line":36,"column":13}},"16":{"start":{"line":33,"column":16},"end":{"line":33,"column":55}},"17":{"start":{"line":35,"column":16},"end":{"line":35,"column":58}},"18":{"start":{"line":40,"column":4},"end":{"line":68,"column":7}},"19":{"start":{"line":43,"column":26},"end":{"line":43,"column":34}},"20":{"start":{"line":44,"column":12},"end":{"line":44,"column":47}},"21":{"start":{"line":46,"column":12},"end":{"line":63,"column":15}},"22":{"start":{"line":47,"column":30},"end":{"line":47,"column":49}},"23":{"start":{"line":48,"column":16},"end":{"line":48,"column":56}},"24":{"start":{"line":49,"column":16},"end":{"line":49,"column":49}},"25":{"start":{"line":52,"column":16},"end":{"line":62,"column":17}},"26":{"start":{"line":53,"column":20},"end":{"line":53,"column":85}},"27":{"start":{"line":55,"column":20},"end":{"line":61,"column":23}},"28":{"start":{"line":56,"column":24},"end":{"line":60,"column":25}},"29":{"start":{"line":57,"column":28},"end":{"line":57,"column":67}},"30":{"start":{"line":59,"column":28},"end":{"line":59,"column":70}},"31":{"start":{"line":70,"column":4},"end":{"line":84,"column":7}},"32":{"start":{"line":71,"column":17},"end":{"line":71,"column":30}},"33":{"start":{"line":73,"column":8},"end":{"line":81,"column":11}},"34":{"start":{"line":75,"column":12},"end":{"line":80,"column":13}},"35":{"start":{"line":76,"column":16},"end":{"line":76,"column":55}},"36":{"start":{"line":78,"column":16},"end":{"line":78,"column":58}},"37":{"start":{"line":86,"column":4},"end":{"line":102,"column":7}},"38":{"start":{"line":87,"column":17},"end":{"line":87,"column":30}},"39":{"start":{"line":88,"column":22},"end":{"line":88,"column":30}},"40":{"start":{"line":89,"column":8},"end":{"line":89,"column":42}},"41":{"start":{"line":90,"column":8},"end":{"line":90,"column":38}},"42":{"start":{"line":92,"column":8},"end":{"line":99,"column":11}},"43":{"start":{"line":93,"column":12},"end":{"line":98,"column":13}},"44":{"start":{"line":94,"column":16},"end":{"line":94,"column":55}},"45":{"start":{"line":97,"column":16},"end":{"line":97,"column":58}},"46":{"start":{"line":104,"column":4},"end":{"line":113,"column":7}},"47":{"start":{"line":106,"column":8},"end":{"line":112,"column":11}},"48":{"start":{"line":107,"column":12},"end":{"line":111,"column":13}},"49":{"start":{"line":108,"column":16},"end":{"line":108,"column":55}},"50":{"start":{"line":110,"column":16},"end":{"line":110,"column":58}}},"fnMap":{"0":{"name":"(anonymous_0)","decl":{"start":{"line":4,"column":17},"end":{"line":4,"column":18}},"loc":{"start":{"line":4,"column":32},"end":{"line":114,"column":1}},"line":4},"1":{"name":"(anonymous_1)","decl":{"start":{"line":5,"column":35},"end":{"line":5,"column":36}},"loc":{"start":{"line":5,"column":55},"end":{"line":15,"column":5}},"line":5},"2":{"name":"(anonymous_2)","decl":{"start":{"line":7,"column":30},"end":{"line":7,"column":31}},"loc":{"start":{"line":7,"column":50},"end":{"line":14,"column":9}},"line":7},"3":{"name":"(anonymous_3)","decl":{"start":{"line":17,"column":48},"end":{"line":17,"column":49}},"loc":{"start":{"line":17,"column":68},"end":{"line":25,"column":5}},"line":17},"4":{"name":"(anonymous_4)","decl":{"start":{"line":18,"column":33},"end":{"line":18,"column":34}},"loc":{"start":{"line":18,"column":53},"end":{"line":24,"column":9}},"line":18},"5":{"name":"(anonymous_5)","decl":{"start":{"line":27,"column":45},"end":{"line":27,"column":46}},"loc":{"start":{"line":27,"column":65},"end":{"line":38,"column":5}},"line":27},"6":{"name":"(anonymous_6)","decl":{"start":{"line":30,"column":34},"end":{"line":30,"column":35}},"loc":{"start":{"line":30,"column":54},"end":{"line":37,"column":9}},"line":30},"7":{"name":"(anonymous_7)","decl":{"start":{"line":40,"column":36},"end":{"line":40,"column":37}},"loc":{"start":{"line":40,"column":56},"end":{"line":68,"column":5}},"line":40},"8":{"name":"(anonymous_8)","decl":{"start":{"line":46,"column":32},"end":{"line":46,"column":33}},"loc":{"start":{"line":46,"column":52},"end":{"line":63,"column":13}},"line":46},"9":{"name":"(anonymous_9)","decl":{"start":{"line":55,"column":47},"end":{"line":55,"column":48}},"loc":{"start":{"line":55,"column":67},"end":{"line":61,"column":21}},"line":55},"10":{"name":"(anonymous_10)","decl":{"start":{"line":70,"column":42},"end":{"line":70,"column":43}},"loc":{"start":{"line":70,"column":62},"end":{"line":84,"column":5}},"line":70},"11":{"name":"(anonymous_11)","decl":{"start":{"line":73,"column":37},"end":{"line":73,"column":38}},"loc":{"start":{"line":73,"column":57},"end":{"line":81,"column":9}},"line":73},"12":{"name":"(anonymous_12)","decl":{"start":{"line":86,"column":39},"end":{"line":86,"column":40}},"loc":{"start":{"line":86,"column":59},"end":{"line":102,"column":5}},"line":86},"13":{"name":"(anonymous_13)","decl":{"start":{"line":92,"column":42},"end":{"line":92,"column":43}},"loc":{"start":{"line":92,"column":62},"end":{"line":99,"column":9}},"line":92},"14":{"name":"(anonymous_14)","decl":{"start":{"line":104,"column":41},"end":{"line":104,"column":42}},"loc":{"start":{"line":104,"column":61},"end":{"line":113,"column":5}},"line":104},"15":{"name":"(anonymous_15)","decl":{"start":{"line":106,"column":28},"end":{"line":106,"column":29}},"loc":{"start":{"line":106,"column":48},"end":{"line":112,"column":9}},"line":106}},"branchMap":{"0":{"loc":{"start":{"line":9,"column":12},"end":{"line":13,"column":13}},"type":"if","locations":[{"start":{"line":9,"column":12},"end":{"line":13,"column":13}},{"start":{"line":9,"column":12},"end":{"line":13,"column":13}}],"line":9},"1":{"loc":{"start":{"line":19,"column":12},"end":{"line":23,"column":13}},"type":"if","locations":[{"start":{"line":19,"column":12},"end":{"line":23,"column":13}},{"start":{"line":19,"column":12},"end":{"line":23,"column":13}}],"line":19},"2":{"loc":{"start":{"line":32,"column":12},"end":{"line":36,"column":13}},"type":"if","locations":[{"start":{"line":32,"column":12},"end":{"line":36,"column":13}},{"start":{"line":32,"column":12},"end":{"line":36,"column":13}}],"line":32},"3":{"loc":{"start":{"line":52,"column":16},"end":{"line":62,"column":17}},"type":"if","locations":[{"start":{"line":52,"column":16},"end":{"line":62,"column":17}},{"start":{"line":52,"column":16},"end":{"line":62,"column":17}}],"line":52},"4":{"loc":{"start":{"line":52,"column":19},"end":{"line":52,"column":88}},"type":"binary-expr","locations":[{"start":{"line":52,"column":19},"end":{"line":52,"column":50}},{"start":{"line":52,"column":54},"end":{"line":52,"column":88}}],"line":52},"5":{"loc":{"start":{"line":56,"column":24},"end":{"line":60,"column":25}},"type":"if","locations":[{"start":{"line":56,"column":24},"end":{"line":60,"column":25}},{"start":{"line":56,"column":24},"end":{"line":60,"column":25}}],"line":56},"6":{"loc":{"start":{"line":75,"column":12},"end":{"line":80,"column":13}},"type":"if","locations":[{"start":{"line":75,"column":12},"end":{"line":80,"column":13}},{"start":{"line":75,"column":12},"end":{"line":80,"column":13}}],"line":75},"7":{"loc":{"start":{"line":93,"column":12},"end":{"line":98,"column":13}},"type":"if","locations":[{"start":{"line":93,"column":12},"end":{"line":98,"column":13}},{"start":{"line":93,"column":12},"end":{"line":98,"column":13}}],"line":93},"8":{"loc":{"start":{"line":107,"column":12},"end":{"line":111,"column":13}},"type":"if","locations":[{"start":{"line":107,"column":12},"end":{"line":111,"column":13}},{"start":{"line":107,"column":12},"end":{"line":111,"column":13}}],"line":107}},"s":{"0":1,"1":1,"2":1,"3":3,"4":3,"5":3,"6":0,"7":1,"8":2,"9":2,"10":2,"11":0,"12":1,"13":4,"14":4,"15":4,"16":4,"17":0,"18":1,"19":2,"20":2,"21":2,"22":2,"23":2,"24":2,"25":2,"26":1,"27":1,"28":1,"29":1,"30":0,"31":1,"32":1,"33":1,"34":1,"35":1,"36":0,"37":1,"38":1,"39":1,"40":1,"41":1,"42":1,"43":1,"44":1,"45":0,"46":1,"47":0,"48":0,"49":0,"50":0},"f":{"0":1,"1":3,"2":3,"3":2,"4":2,"5":4,"6":4,"7":2,"8":2,"9":1,"10":1,"11":1,"12":1,"13":1,"14":0,"15":0},"b":{"0":[3,0],"1":[2,0],"2":[4,0],"3":[1,1],"4":[2,2],"5":[1,0],"6":[1,0],"7":[1,0],"8":[0,0]},"_coverageSchema":"d34fc3e6b8297bcde183f5492bcb8fcb36775295","hash":"f40a783ed82c0fd75ed1a0caa57b5c5dce3379cd"},"/home/cormac/Code/HORUS-git/HORUS/server/models/tools.js":{"path":"/home/cormac/Code/HORUS-git/HORUS/server/models/tools.js","statementMap":{"0":{"start":{"line":1,"column":9},"end":{"line":1,"column":25}},"1":{"start":{"line":4,"column":0},"end":{"line":28,"column":2}},"2":{"start":{"line":6,"column":4},"end":{"line":27,"column":7}},"3":{"start":{"line":9,"column":22},"end":{"line":12,"column":9}},"4":{"start":{"line":13,"column":8},"end":{"line":25,"column":9}},"5":{"start":{"line":15,"column":12},"end":{"line":18,"column":14}},"6":{"start":{"line":21,"column":12},"end":{"line":24,"column":14}},"7":{"start":{"line":26,"column":8},"end":{"line":26,"column":26}},"8":{"start":{"line":31,"column":0},"end":{"line":54,"column":2}},"9":{"start":{"line":32,"column":4},"end":{"line":32,"column":36}},"10":{"start":{"line":33,"column":4},"end":{"line":53,"column":7}},"11":{"start":{"line":34,"column":8},"end":{"line":34,"column":25}},"12":{"start":{"line":35,"column":22},"end":{"line":38,"column":9}},"13":{"start":{"line":39,"column":8},"end":{"line":51,"column":9}},"14":{"start":{"line":41,"column":12},"end":{"line":44,"column":14}},"15":{"start":{"line":47,"column":12},"end":{"line":50,"column":14}},"16":{"start":{"line":52,"column":8},"end":{"line":52,"column":26}},"17":{"start":{"line":57,"column":0},"end":{"line":81,"column":2}},"18":{"start":{"line":59,"column":4},"end":{"line":80,"column":7}},"19":{"start":{"line":62,"column":22},"end":{"line":65,"column":9}},"20":{"start":{"line":66,"column":8},"end":{"line":78,"column":9}},"21":{"start":{"line":68,"column":12},"end":{"line":71,"column":14}},"22":{"start":{"line":74,"column":12},"end":{"line":77,"column":14}},"23":{"start":{"line":79,"column":8},"end":{"line":79,"column":26}},"24":{"start":{"line":85,"column":0},"end":{"line":111,"column":2}},"25":{"start":{"line":87,"column":21},"end":{"line":87,"column":37}},"26":{"start":{"line":88,"column":4},"end":{"line":88,"column":56}},"27":{"start":{"line":90,"column":4},"end":{"line":110,"column":7}},"28":{"start":{"line":92,"column":22},"end":{"line":95,"column":9}},"29":{"start":{"line":96,"column":8},"end":{"line":108,"column":9}},"30":{"start":{"line":98,"column":12},"end":{"line":101,"column":14}},"31":{"start":{"line":104,"column":12},"end":{"line":107,"column":14}},"32":{"start":{"line":109,"column":8},"end":{"line":109,"column":26}},"33":{"start":{"line":115,"column":0},"end":{"line":141,"column":2}},"34":{"start":{"line":117,"column":4},"end":{"line":140,"column":7}},"35":{"start":{"line":120,"column":22},"end":{"line":123,"column":9}},"36":{"start":{"line":124,"column":8},"end":{"line":138,"column":9}},"37":{"start":{"line":126,"column":12},"end":{"line":129,"column":14}},"38":{"start":{"line":132,"column":12},"end":{"line":135,"column":14}},"39":{"start":{"line":139,"column":8},"end":{"line":139,"column":26}},"40":{"start":{"line":144,"column":0},"end":{"line":170,"column":2}},"41":{"start":{"line":146,"column":4},"end":{"line":169,"column":7}},"42":{"start":{"line":149,"column":22},"end":{"line":152,"column":9}},"43":{"start":{"line":153,"column":8},"end":{"line":167,"column":9}},"44":{"start":{"line":155,"column":12},"end":{"line":158,"column":14}},"45":{"start":{"line":161,"column":12},"end":{"line":164,"column":14}},"46":{"start":{"line":166,"column":12},"end":{"line":166,"column":65}},"47":{"start":{"line":168,"column":8},"end":{"line":168,"column":26}},"48":{"start":{"line":172,"column":0},"end":{"line":204,"column":2}},"49":{"start":{"line":174,"column":18},"end":{"line":174,"column":22}},"50":{"start":{"line":176,"column":4},"end":{"line":203,"column":7}},"51":{"start":{"line":185,"column":22},"end":{"line":188,"column":9}},"52":{"start":{"line":189,"column":8},"end":{"line":201,"column":9}},"53":{"start":{"line":191,"column":12},"end":{"line":194,"column":14}},"54":{"start":{"line":197,"column":12},"end":{"line":200,"column":14}},"55":{"start":{"line":202,"column":8},"end":{"line":202,"column":26}}},"fnMap":{"0":{"name":"(anonymous_0)","decl":{"start":{"line":4,"column":22},"end":{"line":4,"column":23}},"loc":{"start":{"line":4,"column":46},"end":{"line":28,"column":1}},"line":4},"1":{"name":"(anonymous_1)","decl":{"start":{"line":6,"column":68},"end":{"line":6,"column":69}},"loc":{"start":{"line":6,"column":94},"end":{"line":27,"column":5}},"line":6},"2":{"name":"(anonymous_2)","decl":{"start":{"line":31,"column":22},"end":{"line":31,"column":23}},"loc":{"start":{"line":31,"column":42},"end":{"line":54,"column":1}},"line":31},"3":{"name":"(anonymous_3)","decl":{"start":{"line":33,"column":46},"end":{"line":33,"column":47}},"loc":{"start":{"line":33,"column":77},"end":{"line":53,"column":5}},"line":33},"4":{"name":"(anonymous_4)","decl":{"start":{"line":57,"column":25},"end":{"line":57,"column":26}},"loc":{"start":{"line":57,"column":45},"end":{"line":81,"column":1}},"line":57},"5":{"name":"(anonymous_5)","decl":{"start":{"line":59,"column":76},"end":{"line":59,"column":77}},"loc":{"start":{"line":59,"column":102},"end":{"line":80,"column":5}},"line":59},"6":{"name":"(anonymous_6)","decl":{"start":{"line":85,"column":18},"end":{"line":85,"column":19}},"loc":{"start":{"line":85,"column":44},"end":{"line":111,"column":1}},"line":85},"7":{"name":"(anonymous_7)","decl":{"start":{"line":90,"column":293},"end":{"line":90,"column":294}},"loc":{"start":{"line":90,"column":319},"end":{"line":110,"column":5}},"line":90},"8":{"name":"(anonymous_8)","decl":{"start":{"line":115,"column":25},"end":{"line":115,"column":26}},"loc":{"start":{"line":115,"column":49},"end":{"line":141,"column":1}},"line":115},"9":{"name":"(anonymous_9)","decl":{"start":{"line":117,"column":66},"end":{"line":117,"column":67}},"loc":{"start":{"line":117,"column":92},"end":{"line":140,"column":5}},"line":117},"10":{"name":"(anonymous_10)","decl":{"start":{"line":144,"column":20},"end":{"line":144,"column":21}},"loc":{"start":{"line":144,"column":40},"end":{"line":170,"column":1}},"line":144},"11":{"name":"(anonymous_11)","decl":{"start":{"line":146,"column":66},"end":{"line":146,"column":67}},"loc":{"start":{"line":146,"column":92},"end":{"line":169,"column":5}},"line":146},"12":{"name":"(anonymous_12)","decl":{"start":{"line":172,"column":21},"end":{"line":172,"column":22}},"loc":{"start":{"line":172,"column":51},"end":{"line":204,"column":1}},"line":172},"13":{"name":"(anonymous_13)","decl":{"start":{"line":183,"column":35},"end":{"line":183,"column":36}},"loc":{"start":{"line":183,"column":61},"end":{"line":203,"column":5}},"line":183}},"branchMap":{"0":{"loc":{"start":{"line":13,"column":8},"end":{"line":25,"column":9}},"type":"if","locations":[{"start":{"line":13,"column":8},"end":{"line":25,"column":9}},{"start":{"line":13,"column":8},"end":{"line":25,"column":9}}],"line":13},"1":{"loc":{"start":{"line":39,"column":8},"end":{"line":51,"column":9}},"type":"if","locations":[{"start":{"line":39,"column":8},"end":{"line":51,"column":9}},{"start":{"line":39,"column":8},"end":{"line":51,"column":9}}],"line":39},"2":{"loc":{"start":{"line":66,"column":8},"end":{"line":78,"column":9}},"type":"if","locations":[{"start":{"line":66,"column":8},"end":{"line":78,"column":9}},{"start":{"line":66,"column":8},"end":{"line":78,"column":9}}],"line":66},"3":{"loc":{"start":{"line":96,"column":8},"end":{"line":108,"column":9}},"type":"if","locations":[{"start":{"line":96,"column":8},"end":{"line":108,"column":9}},{"start":{"line":96,"column":8},"end":{"line":108,"column":9}}],"line":96},"4":{"loc":{"start":{"line":124,"column":8},"end":{"line":138,"column":9}},"type":"if","locations":[{"start":{"line":124,"column":8},"end":{"line":138,"column":9}},{"start":{"line":124,"column":8},"end":{"line":138,"column":9}}],"line":124},"5":{"loc":{"start":{"line":153,"column":8},"end":{"line":167,"column":9}},"type":"if","locations":[{"start":{"line":153,"column":8},"end":{"line":167,"column":9}},{"start":{"line":153,"column":8},"end":{"line":167,"column":9}}],"line":153},"6":{"loc":{"start":{"line":189,"column":8},"end":{"line":201,"column":9}},"type":"if","locations":[{"start":{"line":189,"column":8},"end":{"line":201,"column":9}},{"start":{"line":189,"column":8},"end":{"line":201,"column":9}}],"line":189}},"s":{"0":1,"1":1,"2":4,"3":4,"4":4,"5":0,"6":4,"7":4,"8":1,"9":3,"10":3,"11":3,"12":3,"13":3,"14":0,"15":3,"16":3,"17":1,"18":2,"19":2,"20":2,"21":0,"22":2,"23":2,"24":1,"25":1,"26":1,"27":1,"28":1,"29":1,"30":0,"31":1,"32":1,"33":1,"34":1,"35":1,"36":1,"37":0,"38":1,"39":1,"40":1,"41":2,"42":2,"43":2,"44":0,"45":2,"46":2,"47":2,"48":1,"49":1,"50":1,"51":1,"52":1,"53":0,"54":1,"55":1},"f":{"0":4,"1":4,"2":3,"3":3,"4":2,"5":2,"6":1,"7":1,"8":1,"9":1,"10":2,"11":2,"12":1,"13":1},"b":{"0":[0,4],"1":[0,3],"2":[0,2],"3":[0,1],"4":[0,1],"5":[0,2],"6":[0,1]},"_coverageSchema":"d34fc3e6b8297bcde183f5492bcb8fcb36775295","hash":"c3daa652d778058ed15283d6deef6bce7e11e5b2"},"/home/cormac/Code/HORUS-git/HORUS/server/controllers/auth.js":{"path":"/home/cormac/Code/HORUS-git/HORUS/server/controllers/auth.js","statementMap":{"0":{"start":{"line":1,"column":16},"end":{"line":1,"column":44}},"1":{"start":{"line":4,"column":0},"end":{"line":46,"column":1}},"2":{"start":{"line":6,"column":4},"end":{"line":44,"column":7}},"3":{"start":{"line":8,"column":19},"end":{"line":8,"column":27}},"4":{"start":{"line":9,"column":25},"end":{"line":9,"column":42}},"5":{"start":{"line":10,"column":8},"end":{"line":10,"column":52}},"6":{"start":{"line":12,"column":8},"end":{"line":41,"column":11}},"7":{"start":{"line":14,"column":12},"end":{"line":40,"column":13}},"8":{"start":{"line":15,"column":16},"end":{"line":31,"column":17}},"9":{"start":{"line":16,"column":20},"end":{"line":16,"column":47}},"10":{"start":{"line":17,"column":34},"end":{"line":17,"column":36}},"11":{"start":{"line":18,"column":20},"end":{"line":25,"column":23}},"12":{"start":{"line":19,"column":24},"end":{"line":24,"column":27}},"13":{"start":{"line":21,"column":28},"end":{"line":21,"column":58}},"14":{"start":{"line":23,"column":28},"end":{"line":23,"column":58}},"15":{"start":{"line":26,"column":23},"end":{"line":31,"column":17}},"16":{"start":{"line":27,"column":20},"end":{"line":27,"column":46}},"17":{"start":{"line":28,"column":20},"end":{"line":28,"column":75}},"18":{"start":{"line":30,"column":20},"end":{"line":30,"column":57}},"19":{"start":{"line":39,"column":16},"end":{"line":39,"column":53}}},"fnMap":{"0":{"name":"(anonymous_0)","decl":{"start":{"line":4,"column":17},"end":{"line":4,"column":18}},"loc":{"start":{"line":4,"column":32},"end":{"line":46,"column":1}},"line":4},"1":{"name":"(anonymous_1)","decl":{"start":{"line":6,"column":28},"end":{"line":6,"column":29}},"loc":{"start":{"line":6,"column":48},"end":{"line":44,"column":5}},"line":6},"2":{"name":"(anonymous_2)","decl":{"start":{"line":12,"column":55},"end":{"line":12,"column":56}},"loc":{"start":{"line":12,"column":75},"end":{"line":41,"column":9}},"line":12},"3":{"name":"(anonymous_3)","decl":{"start":{"line":18,"column":55},"end":{"line":18,"column":56}},"loc":{"start":{"line":18,"column":73},"end":{"line":25,"column":21}},"line":18},"4":{"name":"(anonymous_4)","decl":{"start":{"line":19,"column":67},"end":{"line":19,"column":68}},"loc":{"start":{"line":19,"column":87},"end":{"line":24,"column":25}},"line":19}},"branchMap":{"0":{"loc":{"start":{"line":14,"column":12},"end":{"line":40,"column":13}},"type":"if","locations":[{"start":{"line":14,"column":12},"end":{"line":40,"column":13}},{"start":{"line":14,"column":12},"end":{"line":40,"column":13}}],"line":14},"1":{"loc":{"start":{"line":15,"column":16},"end":{"line":31,"column":17}},"type":"if","locations":[{"start":{"line":15,"column":16},"end":{"line":31,"column":17}},{"start":{"line":15,"column":16},"end":{"line":31,"column":17}}],"line":15},"2":{"loc":{"start":{"line":26,"column":23},"end":{"line":31,"column":17}},"type":"if","locations":[{"start":{"line":26,"column":23},"end":{"line":31,"column":17}},{"start":{"line":26,"column":23},"end":{"line":31,"column":17}}],"line":26}},"s":{"0":1,"1":1,"2":1,"3":3,"4":3,"5":3,"6":3,"7":3,"8":2,"9":1,"10":1,"11":1,"12":1,"13":1,"14":1,"15":1,"16":1,"17":1,"18":0,"19":1},"f":{"0":1,"1":3,"2":3,"3":1,"4":1},"b":{"0":[2,1],"1":[1,1],"2":[1,0]},"_coverageSchema":"d34fc3e6b8297bcde183f5492bcb8fcb36775295","hash":"2c7755d5cd3a398de1fa7e7286fe68012f8f1618"},"/home/cormac/Code/HORUS-git/HORUS/server/models/auth.js":{"path":"/home/cormac/Code/HORUS-git/HORUS/server/models/auth.js","statementMap":{"0":{"start":{"line":1,"column":9},"end":{"line":1,"column":25}},"1":{"start":{"line":2,"column":13},"end":{"line":2,"column":30}},"2":{"start":{"line":5,"column":0},"end":{"line":37,"column":2}},"3":{"start":{"line":6,"column":4},"end":{"line":6,"column":41}},"4":{"start":{"line":7,"column":4},"end":{"line":36,"column":7}},"5":{"start":{"line":10,"column":22},"end":{"line":13,"column":9}},"6":{"start":{"line":14,"column":8},"end":{"line":34,"column":9}},"7":{"start":{"line":16,"column":12},"end":{"line":19,"column":14}},"8":{"start":{"line":21,"column":12},"end":{"line":32,"column":13}},"9":{"start":{"line":22,"column":16},"end":{"line":25,"column":18}},"10":{"start":{"line":27,"column":16},"end":{"line":31,"column":18}},"11":{"start":{"line":35,"column":8},"end":{"line":35,"column":26}},"12":{"start":{"line":39,"column":0},"end":{"line":63,"column":2}},"13":{"start":{"line":40,"column":4},"end":{"line":40,"column":41}},"14":{"start":{"line":41,"column":4},"end":{"line":62,"column":7}},"15":{"start":{"line":44,"column":22},"end":{"line":47,"column":9}},"16":{"start":{"line":48,"column":8},"end":{"line":60,"column":9}},"17":{"start":{"line":50,"column":12},"end":{"line":53,"column":14}},"18":{"start":{"line":56,"column":12},"end":{"line":59,"column":14}},"19":{"start":{"line":61,"column":8},"end":{"line":61,"column":26}},"20":{"start":{"line":65,"column":0},"end":{"line":92,"column":2}},"21":{"start":{"line":66,"column":4},"end":{"line":66,"column":41}},"22":{"start":{"line":67,"column":4},"end":{"line":91,"column":7}},"23":{"start":{"line":70,"column":22},"end":{"line":73,"column":9}},"24":{"start":{"line":74,"column":8},"end":{"line":89,"column":9}},"25":{"start":{"line":76,"column":12},"end":{"line":79,"column":14}},"26":{"start":{"line":82,"column":12},"end":{"line":84,"column":15}},"27":{"start":{"line":83,"column":16},"end":{"line":83,"column":50}},"28":{"start":{"line":85,"column":12},"end":{"line":88,"column":14}},"29":{"start":{"line":90,"column":8},"end":{"line":90,"column":26}},"30":{"start":{"line":94,"column":0},"end":{"line":117,"column":2}},"31":{"start":{"line":95,"column":4},"end":{"line":95,"column":41}},"32":{"start":{"line":96,"column":4},"end":{"line":116,"column":7}},"33":{"start":{"line":99,"column":22},"end":{"line":102,"column":9}},"34":{"start":{"line":103,"column":8},"end":{"line":114,"column":9}},"35":{"start":{"line":105,"column":12},"end":{"line":108,"column":14}},"36":{"start":{"line":110,"column":12},"end":{"line":113,"column":14}},"37":{"start":{"line":115,"column":8},"end":{"line":115,"column":26}},"38":{"start":{"line":119,"column":0},"end":{"line":142,"column":2}},"39":{"start":{"line":120,"column":4},"end":{"line":120,"column":41}},"40":{"start":{"line":121,"column":4},"end":{"line":141,"column":7}},"41":{"start":{"line":124,"column":22},"end":{"line":127,"column":9}},"42":{"start":{"line":128,"column":8},"end":{"line":139,"column":9}},"43":{"start":{"line":130,"column":12},"end":{"line":133,"column":14}},"44":{"start":{"line":135,"column":12},"end":{"line":138,"column":14}},"45":{"start":{"line":140,"column":8},"end":{"line":140,"column":26}}},"fnMap":{"0":{"name":"(anonymous_0)","decl":{"start":{"line":5,"column":32},"end":{"line":5,"column":33}},"loc":{"start":{"line":5,"column":61},"end":{"line":37,"column":1}},"line":5},"1":{"name":"(anonymous_1)","decl":{"start":{"line":7,"column":90},"end":{"line":7,"column":91}},"loc":{"start":{"line":7,"column":116},"end":{"line":36,"column":5}},"line":7},"2":{"name":"(anonymous_2)","decl":{"start":{"line":39,"column":35},"end":{"line":39,"column":36}},"loc":{"start":{"line":39,"column":64},"end":{"line":63,"column":1}},"line":39},"3":{"name":"(anonymous_3)","decl":{"start":{"line":41,"column":143},"end":{"line":41,"column":144}},"loc":{"start":{"line":41,"column":169},"end":{"line":62,"column":5}},"line":41},"4":{"name":"(anonymous_4)","decl":{"start":{"line":65,"column":20},"end":{"line":65,"column":21}},"loc":{"start":{"line":65,"column":49},"end":{"line":92,"column":1}},"line":65},"5":{"name":"(anonymous_5)","decl":{"start":{"line":67,"column":85},"end":{"line":67,"column":86}},"loc":{"start":{"line":67,"column":111},"end":{"line":91,"column":5}},"line":67},"6":{"name":"(anonymous_6)","decl":{"start":{"line":82,"column":55},"end":{"line":82,"column":56}},"loc":{"start":{"line":82,"column":73},"end":{"line":84,"column":13}},"line":82},"7":{"name":"(anonymous_7)","decl":{"start":{"line":94,"column":21},"end":{"line":94,"column":22}},"loc":{"start":{"line":94,"column":50},"end":{"line":117,"column":1}},"line":94},"8":{"name":"(anonymous_8)","decl":{"start":{"line":96,"column":86},"end":{"line":96,"column":87}},"loc":{"start":{"line":96,"column":112},"end":{"line":116,"column":5}},"line":96},"9":{"name":"(anonymous_9)","decl":{"start":{"line":119,"column":28},"end":{"line":119,"column":29}},"loc":{"start":{"line":119,"column":57},"end":{"line":142,"column":1}},"line":119},"10":{"name":"(anonymous_10)","decl":{"start":{"line":121,"column":72},"end":{"line":121,"column":73}},"loc":{"start":{"line":121,"column":98},"end":{"line":141,"column":5}},"line":121}},"branchMap":{"0":{"loc":{"start":{"line":14,"column":8},"end":{"line":34,"column":9}},"type":"if","locations":[{"start":{"line":14,"column":8},"end":{"line":34,"column":9}},{"start":{"line":14,"column":8},"end":{"line":34,"column":9}}],"line":14},"1":{"loc":{"start":{"line":21,"column":12},"end":{"line":32,"column":13}},"type":"if","locations":[{"start":{"line":21,"column":12},"end":{"line":32,"column":13}},{"start":{"line":21,"column":12},"end":{"line":32,"column":13}}],"line":21},"2":{"loc":{"start":{"line":48,"column":8},"end":{"line":60,"column":9}},"type":"if","locations":[{"start":{"line":48,"column":8},"end":{"line":60,"column":9}},{"start":{"line":48,"column":8},"end":{"line":60,"column":9}}],"line":48},"3":{"loc":{"start":{"line":74,"column":8},"end":{"line":89,"column":9}},"type":"if","locations":[{"start":{"line":74,"column":8},"end":{"line":89,"column":9}},{"start":{"line":74,"column":8},"end":{"line":89,"column":9}}],"line":74},"4":{"loc":{"start":{"line":103,"column":8},"end":{"line":114,"column":9}},"type":"if","locations":[{"start":{"line":103,"column":8},"end":{"line":114,"column":9}},{"start":{"line":103,"column":8},"end":{"line":114,"column":9}}],"line":103},"5":{"loc":{"start":{"line":128,"column":8},"end":{"line":139,"column":9}},"type":"if","locations":[{"start":{"line":128,"column":8},"end":{"line":139,"column":9}},{"start":{"line":128,"column":8},"end":{"line":139,"column":9}}],"line":128}},"s":{"0":1,"1":1,"2":1,"3":3,"4":3,"5":3,"6":3,"7":0,"8":3,"9":2,"10":1,"11":3,"12":1,"13":1,"14":1,"15":1,"16":1,"17":0,"18":1,"19":1,"20":1,"21":1,"22":1,"23":1,"24":1,"25":0,"26":1,"27":1,"28":1,"29":1,"30":1,"31":0,"32":0,"33":0,"34":0,"35":0,"36":0,"37":0,"38":1,"39":1,"40":1,"41":1,"42":1,"43":0,"44":1,"45":1},"f":{"0":3,"1":3,"2":1,"3":1,"4":1,"5":1,"6":1,"7":0,"8":0,"9":1,"10":1},"b":{"0":[0,3],"1":[2,1],"2":[0,1],"3":[0,1],"4":[0,0],"5":[0,1]},"_coverageSchema":"d34fc3e6b8297bcde183f5492bcb8fcb36775295","hash":"2c6ec5f285f3a814f04560e9003500347450283f"},"/home/cormac/Code/HORUS-git/HORUS/server/controllers/users.js":{"path":"/home/cormac/Code/HORUS-git/HORUS/server/controllers/users.js","statementMap":{"0":{"start":{"line":1,"column":16},"end":{"line":1,"column":45}},"1":{"start":{"line":2,"column":0},"end":{"line":127,"column":2}},"2":{"start":{"line":4,"column":4},"end":{"line":21,"column":7}},"3":{"start":{"line":6,"column":8},"end":{"line":20,"column":11}},"4":{"start":{"line":14,"column":12},"end":{"line":19,"column":13}},"5":{"start":{"line":15,"column":16},"end":{"line":15,"column":55}},"6":{"start":{"line":18,"column":16},"end":{"line":18,"column":58}},"7":{"start":{"line":23,"column":4},"end":{"line":32,"column":7}},"8":{"start":{"line":24,"column":23},"end":{"line":24,"column":42}},"9":{"start":{"line":25,"column":8},"end":{"line":31,"column":11}},"10":{"start":{"line":26,"column":12},"end":{"line":30,"column":13}},"11":{"start":{"line":27,"column":16},"end":{"line":27,"column":55}},"12":{"start":{"line":29,"column":16},"end":{"line":29,"column":58}},"13":{"start":{"line":34,"column":4},"end":{"line":47,"column":7}},"14":{"start":{"line":35,"column":17},"end":{"line":35,"column":30}},"15":{"start":{"line":37,"column":8},"end":{"line":37,"column":39}},"16":{"start":{"line":39,"column":8},"end":{"line":46,"column":11}},"17":{"start":{"line":41,"column":12},"end":{"line":45,"column":13}},"18":{"start":{"line":42,"column":16},"end":{"line":42,"column":55}},"19":{"start":{"line":44,"column":16},"end":{"line":44,"column":58}},"20":{"start":{"line":49,"column":4},"end":{"line":69,"column":7}},"21":{"start":{"line":50,"column":22},"end":{"line":50,"column":30}},"22":{"start":{"line":52,"column":8},"end":{"line":66,"column":11}},"23":{"start":{"line":53,"column":12},"end":{"line":65,"column":13}},"24":{"start":{"line":54,"column":16},"end":{"line":54,"column":55}},"25":{"start":{"line":56,"column":16},"end":{"line":56,"column":80}},"26":{"start":{"line":57,"column":16},"end":{"line":63,"column":17}},"27":{"start":{"line":58,"column":20},"end":{"line":58,"column":57}},"28":{"start":{"line":59,"column":22},"end":{"line":63,"column":17}},"29":{"start":{"line":60,"column":20},"end":{"line":60,"column":57}},"30":{"start":{"line":62,"column":20},"end":{"line":62,"column":57}},"31":{"start":{"line":71,"column":4},"end":{"line":84,"column":7}},"32":{"start":{"line":72,"column":17},"end":{"line":72,"column":30}},"33":{"start":{"line":74,"column":8},"end":{"line":81,"column":11}},"34":{"start":{"line":76,"column":12},"end":{"line":80,"column":13}},"35":{"start":{"line":77,"column":16},"end":{"line":77,"column":55}},"36":{"start":{"line":79,"column":16},"end":{"line":79,"column":61}},"37":{"start":{"line":87,"column":4},"end":{"line":105,"column":7}},"38":{"start":{"line":88,"column":8},"end":{"line":88,"column":33}},"39":{"start":{"line":89,"column":8},"end":{"line":104,"column":11}},"40":{"start":{"line":97,"column":12},"end":{"line":103,"column":13}},"41":{"start":{"line":98,"column":16},"end":{"line":98,"column":55}},"42":{"start":{"line":102,"column":16},"end":{"line":102,"column":53}},"43":{"start":{"line":107,"column":4},"end":{"line":125,"column":7}},"44":{"start":{"line":108,"column":17},"end":{"line":108,"column":30}},"45":{"start":{"line":109,"column":22},"end":{"line":109,"column":46}},"46":{"start":{"line":111,"column":8},"end":{"line":120,"column":11}},"47":{"start":{"line":113,"column":12},"end":{"line":119,"column":13}},"48":{"start":{"line":114,"column":16},"end":{"line":114,"column":55}},"49":{"start":{"line":118,"column":16},"end":{"line":118,"column":53}}},"fnMap":{"0":{"name":"(anonymous_0)","decl":{"start":{"line":2,"column":17},"end":{"line":2,"column":18}},"loc":{"start":{"line":2,"column":32},"end":{"line":127,"column":1}},"line":2},"1":{"name":"(anonymous_1)","decl":{"start":{"line":4,"column":27},"end":{"line":4,"column":28}},"loc":{"start":{"line":4,"column":47},"end":{"line":21,"column":5}},"line":4},"2":{"name":"(anonymous_2)","decl":{"start":{"line":6,"column":30},"end":{"line":6,"column":31}},"loc":{"start":{"line":6,"column":50},"end":{"line":20,"column":9}},"line":6},"3":{"name":"(anonymous_3)","decl":{"start":{"line":23,"column":68},"end":{"line":23,"column":69}},"loc":{"start":{"line":23,"column":88},"end":{"line":32,"column":5}},"line":23},"4":{"name":"(anonymous_4)","decl":{"start":{"line":25,"column":52},"end":{"line":25,"column":53}},"loc":{"start":{"line":25,"column":72},"end":{"line":31,"column":9}},"line":25},"5":{"name":"(anonymous_5)","decl":{"start":{"line":34,"column":37},"end":{"line":34,"column":38}},"loc":{"start":{"line":34,"column":57},"end":{"line":47,"column":5}},"line":34},"6":{"name":"(anonymous_6)","decl":{"start":{"line":39,"column":34},"end":{"line":39,"column":35}},"loc":{"start":{"line":39,"column":54},"end":{"line":46,"column":9}},"line":39},"7":{"name":"(anonymous_7)","decl":{"start":{"line":49,"column":28},"end":{"line":49,"column":29}},"loc":{"start":{"line":49,"column":48},"end":{"line":69,"column":5}},"line":49},"8":{"name":"(anonymous_8)","decl":{"start":{"line":52,"column":51},"end":{"line":52,"column":52}},"loc":{"start":{"line":52,"column":71},"end":{"line":66,"column":9}},"line":52},"9":{"name":"(anonymous_9)","decl":{"start":{"line":71,"column":40},"end":{"line":71,"column":41}},"loc":{"start":{"line":71,"column":60},"end":{"line":84,"column":5}},"line":71},"10":{"name":"(anonymous_10)","decl":{"start":{"line":74,"column":37},"end":{"line":74,"column":38}},"loc":{"start":{"line":74,"column":57},"end":{"line":81,"column":9}},"line":74},"11":{"name":"(anonymous_11)","decl":{"start":{"line":87,"column":37},"end":{"line":87,"column":38}},"loc":{"start":{"line":87,"column":57},"end":{"line":105,"column":5}},"line":87},"12":{"name":"(anonymous_12)","decl":{"start":{"line":89,"column":34},"end":{"line":89,"column":35}},"loc":{"start":{"line":89,"column":54},"end":{"line":104,"column":9}},"line":89},"13":{"name":"(anonymous_13)","decl":{"start":{"line":107,"column":37},"end":{"line":107,"column":38}},"loc":{"start":{"line":107,"column":57},"end":{"line":125,"column":5}},"line":107},"14":{"name":"(anonymous_14)","decl":{"start":{"line":111,"column":42},"end":{"line":111,"column":43}},"loc":{"start":{"line":111,"column":62},"end":{"line":120,"column":9}},"line":111}},"branchMap":{"0":{"loc":{"start":{"line":14,"column":12},"end":{"line":19,"column":13}},"type":"if","locations":[{"start":{"line":14,"column":12},"end":{"line":19,"column":13}},{"start":{"line":14,"column":12},"end":{"line":19,"column":13}}],"line":14},"1":{"loc":{"start":{"line":26,"column":12},"end":{"line":30,"column":13}},"type":"if","locations":[{"start":{"line":26,"column":12},"end":{"line":30,"column":13}},{"start":{"line":26,"column":12},"end":{"line":30,"column":13}}],"line":26},"2":{"loc":{"start":{"line":41,"column":12},"end":{"line":45,"column":13}},"type":"if","locations":[{"start":{"line":41,"column":12},"end":{"line":45,"column":13}},{"start":{"line":41,"column":12},"end":{"line":45,"column":13}}],"line":41},"3":{"loc":{"start":{"line":53,"column":12},"end":{"line":65,"column":13}},"type":"if","locations":[{"start":{"line":53,"column":12},"end":{"line":65,"column":13}},{"start":{"line":53,"column":12},"end":{"line":65,"column":13}}],"line":53},"4":{"loc":{"start":{"line":57,"column":16},"end":{"line":63,"column":17}},"type":"if","locations":[{"start":{"line":57,"column":16},"end":{"line":63,"column":17}},{"start":{"line":57,"column":16},"end":{"line":63,"column":17}}],"line":57},"5":{"loc":{"start":{"line":59,"column":22},"end":{"line":63,"column":17}},"type":"if","locations":[{"start":{"line":59,"column":22},"end":{"line":63,"column":17}},{"start":{"line":59,"column":22},"end":{"line":63,"column":17}}],"line":59},"6":{"loc":{"start":{"line":76,"column":12},"end":{"line":80,"column":13}},"type":"if","locations":[{"start":{"line":76,"column":12},"end":{"line":80,"column":13}},{"start":{"line":76,"column":12},"end":{"line":80,"column":13}}],"line":76},"7":{"loc":{"start":{"line":76,"column":16},"end":{"line":76,"column":78}},"type":"binary-expr","locations":[{"start":{"line":76,"column":16},"end":{"line":76,"column":39}},{"start":{"line":76,"column":43},"end":{"line":76,"column":78}}],"line":76},"8":{"loc":{"start":{"line":97,"column":12},"end":{"line":103,"column":13}},"type":"if","locations":[{"start":{"line":97,"column":12},"end":{"line":103,"column":13}},{"start":{"line":97,"column":12},"end":{"line":103,"column":13}}],"line":97},"9":{"loc":{"start":{"line":113,"column":12},"end":{"line":119,"column":13}},"type":"if","locations":[{"start":{"line":113,"column":12},"end":{"line":119,"column":13}},{"start":{"line":113,"column":12},"end":{"line":119,"column":13}}],"line":113}},"s":{"0":1,"1":1,"2":1,"3":8,"4":8,"5":8,"6":0,"7":1,"8":2,"9":2,"10":2,"11":2,"12":0,"13":1,"14":4,"15":4,"16":4,"17":4,"18":4,"19":0,"20":1,"21":4,"22":4,"23":4,"24":1,"25":3,"26":3,"27":1,"28":2,"29":2,"30":0,"31":1,"32":2,"33":2,"34":2,"35":1,"36":1,"37":1,"38":1,"39":1,"40":1,"41":1,"42":0,"43":1,"44":1,"45":1,"46":1,"47":1,"48":1,"49":0},"f":{"0":1,"1":8,"2":8,"3":2,"4":2,"5":4,"6":4,"7":4,"8":4,"9":2,"10":2,"11":1,"12":1,"13":1,"14":1},"b":{"0":[8,0],"1":[2,0],"2":[4,0],"3":[1,3],"4":[1,2],"5":[2,0],"6":[1,1],"7":[2,2],"8":[1,0],"9":[1,0]},"_coverageSchema":"d34fc3e6b8297bcde183f5492bcb8fcb36775295","hash":"501a1b2541deae198eb4a60ad85a480cd6ce9030"},"/home/cormac/Code/HORUS-git/HORUS/server/models/users.js":{"path":"/home/cormac/Code/HORUS-git/HORUS/server/models/users.js","statementMap":{"0":{"start":{"line":1,"column":9},"end":{"line":1,"column":25}},"1":{"start":{"line":4,"column":0},"end":{"line":28,"column":2}},"2":{"start":{"line":5,"column":4},"end":{"line":5,"column":29}},"3":{"start":{"line":6,"column":4},"end":{"line":27,"column":7}},"4":{"start":{"line":9,"column":22},"end":{"line":12,"column":9}},"5":{"start":{"line":13,"column":8},"end":{"line":25,"column":9}},"6":{"start":{"line":15,"column":12},"end":{"line":18,"column":14}},"7":{"start":{"line":21,"column":12},"end":{"line":24,"column":14}},"8":{"start":{"line":26,"column":8},"end":{"line":26,"column":26}},"9":{"start":{"line":31,"column":0},"end":{"line":63,"column":2}},"10":{"start":{"line":32,"column":4},"end":{"line":32,"column":41}},"11":{"start":{"line":33,"column":4},"end":{"line":62,"column":7}},"12":{"start":{"line":36,"column":22},"end":{"line":39,"column":9}},"13":{"start":{"line":40,"column":8},"end":{"line":60,"column":9}},"14":{"start":{"line":42,"column":12},"end":{"line":45,"column":14}},"15":{"start":{"line":47,"column":12},"end":{"line":47,"column":52}},"16":{"start":{"line":48,"column":12},"end":{"line":58,"column":13}},"17":{"start":{"line":49,"column":16},"end":{"line":52,"column":18}},"18":{"start":{"line":53,"column":18},"end":{"line":58,"column":13}},"19":{"start":{"line":54,"column":16},"end":{"line":57,"column":18}},"20":{"start":{"line":61,"column":8},"end":{"line":61,"column":26}},"21":{"start":{"line":66,"column":0},"end":{"line":89,"column":2}},"22":{"start":{"line":68,"column":4},"end":{"line":88,"column":7}},"23":{"start":{"line":70,"column":22},"end":{"line":73,"column":9}},"24":{"start":{"line":74,"column":8},"end":{"line":86,"column":9}},"25":{"start":{"line":76,"column":12},"end":{"line":79,"column":14}},"26":{"start":{"line":82,"column":12},"end":{"line":85,"column":14}},"27":{"start":{"line":87,"column":8},"end":{"line":87,"column":26}},"28":{"start":{"line":93,"column":0},"end":{"line":186,"column":2}},"29":{"start":{"line":94,"column":21},"end":{"line":94,"column":37}},"30":{"start":{"line":109,"column":4},"end":{"line":185,"column":7}},"31":{"start":{"line":111,"column":22},"end":{"line":114,"column":9}},"32":{"start":{"line":115,"column":8},"end":{"line":184,"column":9}},"33":{"start":{"line":117,"column":12},"end":{"line":120,"column":14}},"34":{"start":{"line":123,"column":12},"end":{"line":183,"column":13}},"35":{"start":{"line":127,"column":30},"end":{"line":127,"column":56}},"36":{"start":{"line":129,"column":16},"end":{"line":129,"column":47}},"37":{"start":{"line":132,"column":16},"end":{"line":137,"column":17}},"38":{"start":{"line":133,"column":20},"end":{"line":136,"column":22}},"39":{"start":{"line":138,"column":16},"end":{"line":143,"column":17}},"40":{"start":{"line":139,"column":20},"end":{"line":142,"column":22}},"41":{"start":{"line":144,"column":16},"end":{"line":148,"column":17}},"42":{"start":{"line":147,"column":20},"end":{"line":147,"column":41}},"43":{"start":{"line":151,"column":16},"end":{"line":173,"column":19}},"44":{"start":{"line":159,"column":20},"end":{"line":171,"column":21}},"45":{"start":{"line":160,"column":24},"end":{"line":160,"column":43}},"46":{"start":{"line":161,"column":24},"end":{"line":164,"column":26}},"47":{"start":{"line":166,"column":24},"end":{"line":166,"column":45}},"48":{"start":{"line":167,"column":24},"end":{"line":170,"column":26}},"49":{"start":{"line":172,"column":20},"end":{"line":172,"column":38}},"50":{"start":{"line":175,"column":16},"end":{"line":178,"column":18}},"51":{"start":{"line":179,"column":16},"end":{"line":179,"column":53}},"52":{"start":{"line":180,"column":16},"end":{"line":180,"column":43}},"53":{"start":{"line":181,"column":16},"end":{"line":181,"column":43}},"54":{"start":{"line":182,"column":16},"end":{"line":182,"column":33}},"55":{"start":{"line":190,"column":0},"end":{"line":247,"column":2}},"56":{"start":{"line":191,"column":21},"end":{"line":191,"column":37}},"57":{"start":{"line":193,"column":4},"end":{"line":246,"column":7}},"58":{"start":{"line":195,"column":22},"end":{"line":198,"column":9}},"59":{"start":{"line":199,"column":8},"end":{"line":245,"column":9}},"60":{"start":{"line":201,"column":12},"end":{"line":204,"column":14}},"61":{"start":{"line":207,"column":12},"end":{"line":244,"column":13}},"62":{"start":{"line":208,"column":30},"end":{"line":208,"column":56}},"63":{"start":{"line":210,"column":16},"end":{"line":210,"column":47}},"64":{"start":{"line":212,"column":16},"end":{"line":234,"column":19}},"65":{"start":{"line":220,"column":20},"end":{"line":232,"column":21}},"66":{"start":{"line":221,"column":24},"end":{"line":221,"column":43}},"67":{"start":{"line":222,"column":24},"end":{"line":225,"column":26}},"68":{"start":{"line":227,"column":24},"end":{"line":227,"column":45}},"69":{"start":{"line":228,"column":24},"end":{"line":231,"column":26}},"70":{"start":{"line":233,"column":20},"end":{"line":233,"column":38}},"71":{"start":{"line":236,"column":16},"end":{"line":239,"column":18}},"72":{"start":{"line":240,"column":16},"end":{"line":240,"column":53}},"73":{"start":{"line":241,"column":16},"end":{"line":241,"column":43}},"74":{"start":{"line":242,"column":16},"end":{"line":242,"column":43}},"75":{"start":{"line":243,"column":16},"end":{"line":243,"column":33}},"76":{"start":{"line":250,"column":0},"end":{"line":274,"column":2}},"77":{"start":{"line":251,"column":4},"end":{"line":251,"column":36}},"78":{"start":{"line":252,"column":4},"end":{"line":273,"column":7}},"79":{"start":{"line":255,"column":22},"end":{"line":258,"column":9}},"80":{"start":{"line":259,"column":8},"end":{"line":271,"column":9}},"81":{"start":{"line":260,"column":12},"end":{"line":260,"column":31}},"82":{"start":{"line":261,"column":12},"end":{"line":264,"column":14}},"83":{"start":{"line":266,"column":12},"end":{"line":266,"column":33}},"84":{"start":{"line":267,"column":12},"end":{"line":270,"column":14}},"85":{"start":{"line":272,"column":8},"end":{"line":272,"column":26}},"86":{"start":{"line":277,"column":0},"end":{"line":301,"column":2}},"87":{"start":{"line":279,"column":4},"end":{"line":300,"column":7}},"88":{"start":{"line":281,"column":22},"end":{"line":284,"column":9}},"89":{"start":{"line":286,"column":8},"end":{"line":298,"column":9}},"90":{"start":{"line":288,"column":12},"end":{"line":291,"column":14}},"91":{"start":{"line":294,"column":12},"end":{"line":297,"column":14}},"92":{"start":{"line":299,"column":8},"end":{"line":299,"column":26}}},"fnMap":{"0":{"name":"(anonymous_0)","decl":{"start":{"line":4,"column":22},"end":{"line":4,"column":23}},"loc":{"start":{"line":4,"column":45},"end":{"line":28,"column":1}},"line":4},"1":{"name":"(anonymous_1)","decl":{"start":{"line":6,"column":58},"end":{"line":6,"column":59}},"loc":{"start":{"line":6,"column":84},"end":{"line":27,"column":5}},"line":6},"2":{"name":"(anonymous_2)","decl":{"start":{"line":31,"column":34},"end":{"line":31,"column":35}},"loc":{"start":{"line":31,"column":63},"end":{"line":63,"column":1}},"line":31},"3":{"name":"(anonymous_3)","decl":{"start":{"line":33,"column":99},"end":{"line":33,"column":100}},"loc":{"start":{"line":33,"column":1
[...]
},"end":{"line":87,"column":11}},"42":{"start":{"line":82,"column":12},"end":{"line":86,"column":19}},"43":{"start":{"line":84,"column":20},"end":{"line":84,"column":52}},"44":{"start":{"line":85,"column":20},"end":{"line":85,"column":26}},"45":{"start":{"line":89,"column":8},"end":{"line":110,"column":11}},"46":{"start":{"line":90,"column":12},"end":{"line":90,"column":108}},"47":{"start":{"line":91,"column":12},"end":{"line":109,"column":19}},"48":{"start":{"line":93,"column":20},"end":{"line":93,"column":52}},"49":{"start":{"line":94,"column":44},"end":{"line":101,"column":22}},"50":{"start":{"line":102,"column":37},"end":{"line":102,"column":64}},"51":{"start":{"line":104,"column":41},"end":{"line":104,"column":70}},"52":{"start":{"line":105,"column":41},"end":{"line":105,"column":63}},"53":{"start":{"line":107,"column":20},"end":{"line":107,"column":73}},"54":{"start":{"line":108,"column":20},"end":{"line":108,"column":30}},"55":{"start":{"line":112,"column":8},"end":{"line":123,"column":11}},"56":{"start":{"line":113,"column":12},"end":{"line":122,"column":19}},"57":{"start":{"line":115,"column":20},"end":{"line":115,"column":52}},"58":{"start":{"line":116,"column":20},"end":{"line":121,"column":27}},"59":{"start":{"line":118,"column":28},"end":{"line":118,"column":61}},"60":{"start":{"line":119,"column":28},"end":{"line":119,"column":65}},"61":{"start":{"line":120,"column":28},"end":{"line":120,"column":38}},"62":{"start":{"line":127,"column":8},"end":{"line":152,"column":11}},"63":{"start":{"line":128,"column":12},"end":{"line":128,"column":65}},"64":{"start":{"line":129,"column":12},"end":{"line":151,"column":19}},"65":{"start":{"line":143,"column":20},"end":{"line":143,"column":53}},"66":{"start":{"line":144,"column":20},"end":{"line":150,"column":27}},"67":{"start":{"line":146,"column":28},"end":{"line":146,"column":61}},"68":{"start":{"line":147,"column":28},"end":{"line":147,"column":50}},"69":{"start":{"line":148,"column":28},"end":{"line":148,"column":65}},"70":{"start":{"line":149,"column":28},"end":{"line":149,"column":38}},"71":{"start":{"line":154,"column":8},"end":{"line":173,"column":11}},"72":{"start":{"line":155,"column":12},"end":{"line":155,"column":92}},"73":{"start":{"line":156,"column":12},"end":{"line":172,"column":19}},"74":{"start":{"line":170,"column":20},"end":{"line":170,"column":53}},"75":{"start":{"line":171,"column":20},"end":{"line":171,"column":26}},"76":{"start":{"line":175,"column":8},"end":{"line":196,"column":11}},"77":{"start":{"line":176,"column":12},"end":{"line":176,"column":95}},"78":{"start":{"line":177,"column":12},"end":{"line":195,"column":19}},"79":{"start":{"line":192,"column":20},"end":{"line":192,"column":53}},"80":{"start":{"line":194,"column":20},"end":{"line":194,"column":26}},"81":{"start":{"line":198,"column":8},"end":{"line":208,"column":11}},"82":{"start":{"line":199,"column":12},"end":{"line":199,"column":65}},"83":{"start":{"line":200,"column":12},"end":{"line":207,"column":19}},"84":{"start":{"line":205,"column":20},"end":{"line":205,"column":52}},"85":{"start":{"line":206,"column":20},"end":{"line":206,"column":29}},"86":{"start":{"line":210,"column":8},"end":{"line":218,"column":11}},"87":{"start":{"line":211,"column":12},"end":{"line":217,"column":19}},"88":{"start":{"line":215,"column":20},"end":{"line":215,"column":57}},"89":{"start":{"line":216,"column":20},"end":{"line":216,"column":30}},"90":{"start":{"line":221,"column":8},"end":{"line":260,"column":11}},"91":{"start":{"line":222,"column":12},"end":{"line":222,"column":82}},"92":{"start":{"line":223,"column":12},"end":{"line":258,"column":19}},"93":{"start":{"line":237,"column":20},"end":{"line":256,"column":27}},"94":{"start":{"line":240,"column":52},"end":{"line":247,"column":30}},"95":{"start":{"line":248,"column":45},"end":{"line":248,"column":72}},"96":{"start":{"line":250,"column":49},"end":{"line":250,"column":78}},"97":{"start":{"line":251,"column":49},"end":{"line":251,"column":71}},"98":{"start":{"line":254,"column":28},"end":{"line":254,"column":81}},"99":{"start":{"line":255,"column":28},"end":{"line":255,"column":38}},"100":{"start":{"line":263,"column":8},"end":{"line":274,"column":11}},"101":{"start":{"line":264,"column":12},"end":{"line":273,"column":19}},"102":{"start":{"line":266,"column":20},"end":{"line":266,"column":52}},"103":{"start":{"line":267,"column":20},"end":{"line":272,"column":27}},"104":{"start":{"line":269,"column":28},"end":{"line":269,"column":61}},"105":{"start":{"line":270,"column":28},"end":{"line":270,"column":65}},"106":{"start":{"line":271,"column":28},"end":{"line":271,"column":38}},"107":{"start":{"line":276,"column":8},"end":{"line":287,"column":11}},"108":{"start":{"line":277,"column":12},"end":{"line":286,"column":19}},"109":{"start":{"line":279,"column":20},"end":{"line":279,"column":52}},"110":{"start":{"line":280,"column":20},"end":{"line":285,"column":27}},"111":{"start":{"line":282,"column":28},"end":{"line":282,"column":61}},"112":{"start":{"line":283,"column":28},"end":{"line":283,"column":65}},"113":{"start":{"line":284,"column":28},"end":{"line":284,"column":38}},"114":{"start":{"line":289,"column":8},"end":{"line":302,"column":10}},"115":{"start":{"line":290,"column":12},"end":{"line":290,"column":67}},"116":{"start":{"line":291,"column":12},"end":{"line":301,"column":19}},"117":{"start":{"line":294,"column":20},"end":{"line":294,"column":53}},"118":{"start":{"line":295,"column":20},"end":{"line":298,"column":21}},"119":{"start":{"line":296,"column":24},"end":{"line":296,"column":61}},"120":{"start":{"line":297,"column":24},"end":{"line":297,"column":48}},"121":{"start":{"line":300,"column":20},"end":{"line":300,"column":30}},"122":{"start":{"line":304,"column":8},"end":{"line":314,"column":10}},"123":{"start":{"line":305,"column":12},"end":{"line":305,"column":67}},"124":{"start":{"line":306,"column":12},"end":{"line":313,"column":19}},"125":{"start":{"line":309,"column":20},"end":{"line":309,"column":53}},"126":{"start":{"line":310,"column":20},"end":{"line":310,"column":51}},"127":{"start":{"line":312,"column":20},"end":{"line":312,"column":30}},"128":{"start":{"line":316,"column":8},"end":{"line":326,"column":10}},"129":{"start":{"line":317,"column":12},"end":{"line":317,"column":67}},"130":{"start":{"line":318,"column":12},"end":{"line":325,"column":19}},"131":{"start":{"line":321,"column":20},"end":{"line":321,"column":53}},"132":{"start":{"line":322,"column":20},"end":{"line":322,"column":52}},"133":{"start":{"line":324,"column":20},"end":{"line":324,"column":30}},"134":{"start":{"line":332,"column":0},"end":{"line":395,"column":3}},"135":{"start":{"line":335,"column":4},"end":{"line":393,"column":7}},"136":{"start":{"line":337,"column":8},"end":{"line":358,"column":11}},"137":{"start":{"line":338,"column":12},"end":{"line":357,"column":19}},"138":{"start":{"line":348,"column":20},"end":{"line":348,"column":53}},"139":{"start":{"line":350,"column":20},"end":{"line":355,"column":27}},"140":{"start":{"line":353,"column":28},"end":{"line":353,"column":69}},"141":{"start":{"line":354,"column":28},"end":{"line":354,"column":38}},"142":{"start":{"line":360,"column":8},"end":{"line":374,"column":11}},"143":{"start":{"line":361,"column":12},"end":{"line":373,"column":19}},"144":{"start":{"line":371,"column":20},"end":{"line":371,"column":53}},"145":{"start":{"line":372,"column":20},"end":{"line":372,"column":26}},"146":{"start":{"line":376,"column":8},"end":{"line":390,"column":11}},"147":{"start":{"line":377,"column":12},"end":{"line":389,"column":19}},"148":{"start":{"line":387,"column":20},"end":{"line":387,"column":53}},"149":{"start":{"line":388,"column":20},"end":{"line":388,"column":26}}},"fnMap":{"0":{"name":"(anonymous_0)","decl":{"start":{"line":13,"column":19},"end":{"line":13,"column":20}},"loc":{"start":{"line":13,"column":31},"end":{"line":329,"column":1}},"line":13},"1":{"name":"(anonymous_1)","decl":{"start":{"line":16,"column":22},"end":{"line":16,"column":23}},"loc":{"start":{"line":16,"column":34},"end":{"line":328,"column":5}},"line":16},"2":{"name":"(anonymous_2)","decl":{"start":{"line":18,"column":30},"end":{"line":18,"column":31}},"loc":{"start":{"line":18,"column":46},"end":{"line":23,"column":9}},"line":18},"3":{"name":"(anonymous_3)","decl":{"start":{"line":19,"column":42},"end":{"line":19,"column":43}},"loc":{"start":{"line":19,"column":65},"end":{"line":22,"column":13}},"line":19},"4":{"name":"(anonymous_4)","decl":{"start":{"line":25,"column":32},"end":{"line":25,"column":33}},"loc":{"start":{"line":25,"column":48},"end":{"line":36,"column":9}},"line":25},"5":{"name":"(anonymous_5)","decl":{"start":{"line":31,"column":18},"end":{"line":31,"column":19}},"loc":{"start":{"line":31,"column":41},"end":{"line":35,"column":17}},"line":31},"6":{"name":"(anonymous_6)","decl":{"start":{"line":39,"column":38},"end":{"line":39,"column":39}},"loc":{"start":{"line":39,"column":54},"end":{"line":48,"column":9}},"line":39},"7":{"name":"(anonymous_7)","decl":{"start":{"line":42,"column":21},"end":{"line":42,"column":22}},"loc":{"start":{"line":42,"column":41},"end":{"line":47,"column":17}},"line":42},"8":{"name":"(anonymous_8)","decl":{"start":{"line":50,"column":32},"end":{"line":50,"column":33}},"loc":{"start":{"line":50,"column":48},"end":{"line":62,"column":9}},"line":50},"9":{"name":"(anonymous_9)","decl":{"start":{"line":53,"column":21},"end":{"line":53,"column":22}},"loc":{"start":{"line":53,"column":41},"end":{"line":61,"column":17}},"line":53},"10":{"name":"(anonymous_10)","decl":{"start":{"line":65,"column":45},"end":{"line":65,"column":46}},"loc":{"start":{"line":65,"column":61},"end":{"line":71,"column":9}},"line":65},"11":{"name":"(anonymous_11)","decl":{"start":{"line":67,"column":21},"end":{"line":67,"column":22}},"loc":{"start":{"line":67,"column":41},"end":{"line":70,"column":17}},"line":67},"12":{"name":"(anonymous_12)","decl":{"start":{"line":73,"column":48},"end":{"line":73,"column":49}},"loc":{"start":{"line":73,"column":64},"end":{"line":79,"column":9}},"line":73},"13":{"name":"(anonymous_13)","decl":{"start":{"line":75,"column":21},"end":{"line":75,"column":22}},"loc":{"start":{"line":75,"column":41},"end":{"line":78,"column":17}},"line":75},"14":{"name":"(anonymous_14)","decl":{"start":{"line":81,"column":45},"end":{"line":81,"column":46}},"loc":{"start":{"line":81,"column":61},"end":{"line":87,"column":9}},"line":81},"15":{"name":"(anonymous_15)","decl":{"start":{"line":83,"column":21},"end":{"line":83,"column":22}},"loc":{"start":{"line":83,"column":41},"end":{"line":86,"column":17}},"line":83},"16":{"name":"(anonymous_16)","decl":{"start":{"line":89,"column":73},"end":{"line":89,"column":74}},"loc":{"start":{"line":89,"column":89},"end":{"line":110,"column":9}},"line":89},"17":{"name":"(anonymous_17)","decl":{"start":{"line":92,"column":21},"end":{"line":92,"column":22}},"loc":{"start":{"line":92,"column":41},"end":{"line":109,"column":17}},"line":92},"18":{"name":"(anonymous_18)","decl":{"start":{"line":112,"column":29},"end":{"line":112,"column":30}},"loc":{"start":{"line":112,"column":45},"end":{"line":123,"column":9}},"line":112},"19":{"name":"(anonymous_19)","decl":{"start":{"line":114,"column":21},"end":{"line":114,"column":22}},"loc":{"start":{"line":114,"column":41},"end":{"line":122,"column":17}},"line":114},"20":{"name":"(anonymous_20)","decl":{"start":{"line":117,"column":29},"end":{"line":117,"column":30}},"loc":{"start":{"line":117,"column":49},"end":{"line":121,"column":25}},"line":117},"21":{"name":"(anonymous_21)","decl":{"start":{"line":127,"column":30},"end":{"line":127,"column":31}},"loc":{"start":{"line":127,"column":46},"end":{"line":152,"column":9}},"line":127},"22":{"name":"(anonymous_22)","decl":{"start":{"line":142,"column":21},"end":{"line":142,"column":22}},"loc":{"start":{"line":142,"column":41},"end":{"line":151,"column":17}},"line":142},"23":{"name":"(anonymous_23)","decl":{"start":{"line":145,"column":29},"end":{"line":145,"column":30}},"loc":{"start":{"line":145,"column":49},"end":{"line":150,"column":25}},"line":145},"24":{"name":"(anonymous_24)","decl":{"start":{"line":154,"column":57},"end":{"line":154,"column":58}},"loc":{"start":{"line":154,"column":73},"end":{"line":173,"column":9}},"line":154},"25":{"name":"(anonymous_25)","decl":{"start":{"line":169,"column":21},"end":{"line":169,"column":22}},"loc":{"start":{"line":169,"column":41},"end":{"line":172,"column":17}},"line":169},"26":{"name":"(anonymous_26)","decl":{"start":{"line":175,"column":60},"end":{"line":175,"column":61}},"loc":{"start":{"line":175,"column":76},"end":{"line":196,"column":9}},"line":175},"27":{"name":"(anonymous_27)","decl":{"start":{"line":190,"column":21},"end":{"line":190,"column":22}},"loc":{"start":{"line":190,"column":41},"end":{"line":195,"column":17}},"line":190},"28":{"name":"(anonymous_28)","decl":{"start":{"line":198,"column":52},"end":{"line":198,"column":53}},"loc":{"start":{"line":198,"column":68},"end":{"line":208,"column":9}},"line":198},"29":{"name":"(anonymous_29)","decl":{"start":{"line":204,"column":21},"end":{"line":204,"column":22}},"loc":{"start":{"line":204,"column":41},"end":{"line":207,"column":17}},"line":204},"30":{"name":"(anonymous_30)","decl":{"start":{"line":210,"column":41},"end":{"line":210,"column":42}},"loc":{"start":{"line":210,"column":57},"end":{"line":218,"column":9}},"line":210},"31":{"name":"(anonymous_31)","decl":{"start":{"line":213,"column":21},"end":{"line":213,"column":22}},"loc":{"start":{"line":213,"column":41},"end":{"line":217,"column":17}},"line":213},"32":{"name":"(anonymous_32)","decl":{"start":{"line":221,"column":47},"end":{"line":221,"column":48}},"loc":{"start":{"line":221,"column":63},"end":{"line":260,"column":9}},"line":221},"33":{"name":"(anonymous_33)","decl":{"start":{"line":235,"column":21},"end":{"line":235,"column":22}},"loc":{"start":{"line":235,"column":41},"end":{"line":258,"column":17}},"line":235},"34":{"name":"(anonymous_34)","decl":{"start":{"line":239,"column":29},"end":{"line":239,"column":30}},"loc":{"start":{"line":239,"column":49},"end":{"line":256,"column":25}},"line":239},"35":{"name":"(anonymous_35)","decl":{"start":{"line":263,"column":49},"end":{"line":263,"column":50}},"loc":{"start":{"line":263,"column":65},"end":{"line":274,"column":9}},"line":263},"36":{"name":"(anonymous_36)","decl":{"start":{"line":265,"column":21},"end":{"line":265,"column":22}},"loc":{"start":{"line":265,"column":41},"end":{"line":273,"column":17}},"line":265},"37":{"name":"(anonymous_37)","decl":{"start":{"line":268,"column":29},"end":{"line":268,"column":30}},"loc":{"start":{"line":268,"column":49},"end":{"line":272,"column":25}},"line":268},"38":{"name":"(anonymous_38)","decl":{"start":{"line":276,"column":61},"end":{"line":276,"column":62}},"loc":{"start":{"line":276,"column":77},"end":{"line":287,"column":9}},"line":276},"39":{"name":"(anonymous_39)","decl":{"start":{"line":278,"column":21},"end":{"line":278,"column":22}},"loc":{"start":{"line":278,"column":41},"end":{"line":286,"column":17}},"line":278},"40":{"name":"(anonymous_40)","decl":{"start":{"line":281,"column":29},"end":{"line":281,"column":30}},"loc":{"start":{"line":281,"column":49},"end":{"line":285,"column":25}},"line":281},"41":{"name":"(anonymous_41)","decl":{"start":{"line":289,"column":28},"end":{"line":289,"column":29}},"loc":{"start":{"line":289,"column":44},"end":{"line":302,"column":9}},"line":289},"42":{"name":"(anonymous_42)","decl":{"start":{"line":292,"column":21},"end":{"line":292,"column":22}},"loc":{"start":{"line":292,"column":41},"end":{"line":301,"column":17}},"line":292},"43":{"name":"(anonymous_43)","decl":{"start":{"line":304,"column":37},"end":{"line":304,"column":38}},"loc":{"start":{"line":304,"column":53},"end":{"line":314,"column":9}},"line":304},"44":{"name":"(anonymous_44)","decl":{"start":{"line":307,"column":21},"end":{"line":307,"column":22}},"loc":{"start":{"line":307,"column":41},"end":{"line":313,"column":17}},"line":307},"45":{"name":"(anonymous_45)","decl":{"start":{"line":316,"column":45},"end":{"line":316,"column":46}},"loc":{"start":{"line":316,"column":61},"end":{"line":326,"column":9}},"line":316},"46":{"name":"(anonymous_46)","decl":{"start":{"line":319,"column":21},"end":{"line":319,"column":22}},"loc":{"start":{"line":319,"column":41},"end":{"line":325,"column":17}},"line":319},"47":{"name":"(anonymous_47)","decl":{"start":{"line":332,"column":37},"end":{"line":332,"column":38}},"loc":{"start":{"line":332,"column":49},"end":{"line":395,"column":1}},"line":332},"48":{"name":"(anonymous_48)","decl":{"start":{"line":335,"column":31},"end":{"line":335,"column":32}},"loc":{"start":{"line":335,"column":43},"end":{"line":393,"column":5}},"line":335},"49":{"name":"(anonymous_49)","decl":{"start":{"line":337,"column":65},"end":{"line":337,"column":66}},"loc":{"start":{"line":337,"column":81},"end":{"line":358,"column":9}},"line":337},"50":{"name":"(anonymous_50)","decl":{"start":{"line":347,"column":21},"end":{"line":347,"column":22}},"loc":{"start":{"line":347,"column":41},"end":{"line":357,"column":17}},"line":347},"51":{"name":"(anonymous_51)","decl":{"start":{"line":352,"column":29},"end":{"line":352,"column":30}},"loc":{"start":{"line":352,"column":49},"end":{"line":355,"column":25}},"line":352},"52":{"name":"(anonymous_52)","decl":{"start":{"line":360,"column":67},"end":{"line":360,"column":68}},"loc":{"start":{"line":360,"column":83},"end":{"line":374,"column":9}},"line":360},"53":{"name":"(anonymous_53)","decl":{"start":{"line":370,"column":21},"end":{"line":370,"column":22}},"loc":{"start":{"line":370,"column":41},"end":{"line":373,"column":17}},"line":370},"54":{"name":"(anonymous_54)","decl":{"start":{"line":376,"column":46},"end":{"line":376,"column":47}},"loc":{"start":{"line":376,"column":62},"end":{"line":390,"column":9}},"line":376},"55":{"name":"(anonymous_55)","decl":{"start":{"line":386,"column":21},"end":{"line":386,"column":22}},"loc":{"start":{"line":386,"column":41},"end":{"line":389,"column":17}},"line":386}},"branchMap":{},"s":{"0":1,"1":1,"2":1,"3":1,"4":1,"5":1,"6":1,"7":1,"8":1,"9":1,"10":1,"11":1,"12":1,"13":1,"14":1,"15":1,"16":1,"17":1,"18":1,"19":1,"20":1,"21":1,"22":1,"23":1,"24":1,"25":1,"26":1,"27":1,"28":1,"29":1,"30":1,"31":1,"32":1,"33":1,"34":1,"35":1,"36":1,"37":1,"38":1,"39":1,"40":1,"41":1,"42":1,"43":1,"44":1,"45":1,"46":1,"47":1,"48":1,"49":1,"50":1,"51":1,"52":1,"53":1,"54":1,"55":1,"56":1,"57":1,"58":1,"59":1,"60":1,"61":1,"62":1,"63":1,"64":1,"65":1,"66":1,"67":1,"68":1,"69":1,"70":1,"71":1,"72":1,"73":1,"74":1,"75":1,"76":1,"77":1,"78":1,"79":1,"80":1,"81":1,"82":1,"83":1,"84":1,"85":1,"86":1,"87":1,"88":1,"89":1,"90":1,"91":1,"92":1,"93":1,"94":1,"95":1,"96":1,"97":1,"98":1,"99":1,"100":1,"101":1,"102":1,"103":1,"104":1,"105":1,"106":1,"107":1,"108":1,"109":1,"110":1,"111":1,"112":1,"113":1,"114":1,"115":1,"116":1,"117":1,"118":1,"119":1,"120":1,"121":1,"122":1,"123":1,"124":1,"125":1,"126":1,"127":1,"128":1,"129":1,"130":1,"131":1,"132":1,"133":1,"134":1,"135":1,"136":1,"137":1,"138":1,"139":1,"140":1,"141":1,"142":1,"143":1,"144":1,"145":1,"146":1,"147":1,"148":1,"149":1},"f":{"0":1,"1":1,"2":1,"3":1,"4":1,"5":1,"6":1,"7":1,"8":1,"9":1,"10":1,"11":1,"12":1,"13":1,"14":1,"15":1,"16":1,"17":1,"18":1,"19":1,"20":1,"21":1,"22":1,"23":1,"24":1,"25":1,"26":1,"27":1,"28":1,"29":1,"30":1,"31":1,"32":1,"33":1,"34":1,"35":1,"36":1,"37":1,"38":1,"39":1,"40":1,"41":1,"42":1,"43":1,"44":1,"45":1,"46":1,"47":1,"48":1,"49":1,"50":1,"51":1,"52":1,"53":1,"54":1,"55":1},"b":{},"_coverageSchema":"d34fc3e6b8297bcde183f5492bcb8fcb36775295","hash":"3ba1be5d7f1b55104eb7d07c3a74a7d90fcc14e4"},"/home/cormac/Code/HORUS-git/HORUS/server/test/visitorTests.js":{"path":"/home/cormac/Code/HORUS-git/HORUS/server/test/visitorTests.js","statementMap":{},"fnMap":{},"branchMap":{},"s":{},"f":{},"b":{},"_coverageSchema":"d34fc3e6b8297bcde183f5492bcb8fcb36775295","hash":"5519e7a99880be0387c41e0fee1a0e6f8b33256a"}}