{"/home/cormac/Code/HORUS-git/HORUS/server/test/connectionTests.js":{"path":"/home/cormac/Code/HORUS-git/HORUS/server/test/connectionTests.js","statementMap":{"0":{"start":{"line":1,"column":13},"end":{"line":1,"column":30}},"1":{"start":{"line":2,"column":9},"end":{"line":2,"column":25}},"2":{"start":{"line":5,"column":16},"end":{"line":5,"column":36}},"3":{"start":{"line":6,"column":11},"end":{"line":6,"column":26}},"4":{"start":{"line":7,"column":10},"end":{"line":7,"column":30}},"5":{"start":{"line":8,"column":0},"end":{"line":8,"column":17}},"6":{"start":{"line":10,"column":0},"end":{"line":10,"column":28}},"7":{"start":{"line":11,"column":0},"end":{"line":11,"column":32}},"8":{"start":{"line":13,"column":12},"end":{"line":13,"column":28}},"9":{"start":{"line":16,"column":19},"end":{"line":16,"column":53}},"10":{"start":{"line":19,"column":0},"end":{"line":25,"column":3}},"11":{"start":{"line":20,"column":21},"end":{"line":20,"column":57}},"12":{"start":{"line":21,"column":4},"end":{"line":24,"column":7}},"13":{"start":{"line":22,"column":8},"end":{"line":22,"column":32}},"14":{"start":{"line":23,"column":8},"end":{"line":23,"column":14}},"15":{"start":{"line":27,"column":0},"end":{"line":34,"column":3}},"16":{"start":{"line":28,"column":21},"end":{"line":28,"column":59}},"17":{"start":{"line":29,"column":4},"end":{"line":33,"column":7}},"18":{"start":{"line":31,"column":8},"end":{"line":31,"column":47}},"19":{"start":{"line":32,"column":8},"end":{"line":32,"column":14}},"20":{"start":{"line":36,"column":0},"end":{"line":262,"column":3}},"21":{"start":{"line":39,"column":4},"end":{"line":260,"column":7}},"22":{"start":{"line":41,"column":8},"end":{"line":47,"column":11}},"23":{"start":{"line":42,"column":12},"end":{"line":46,"column":15}},"24":{"start":{"line":44,"column":16},"end":{"line":44,"column":43}},"25":{"start":{"line":45,"column":16},"end":{"line":45,"column":22}},"26":{"start":{"line":49,"column":8},"end":{"line":59,"column":11}},"27":{"start":{"line":50,"column":12},"end":{"line":58,"column":19}},"28":{"start":{"line":55,"column":20},"end":{"line":55,"column":71}},"29":{"start":{"line":56,"column":20},"end":{"line":56,"column":26}},"30":{"start":{"line":62,"column":8},"end":{"line":71,"column":11}},"31":{"start":{"line":63,"column":12},"end":{"line":63,"column":73}},"32":{"start":{"line":64,"column":12},"end":{"line":70,"column":19}},"33":{"start":{"line":67,"column":20},"end":{"line":67,"column":52}},"34":{"start":{"line":68,"column":20},"end":{"line":68,"column":57}},"35":{"start":{"line":69,"column":20},"end":{"line":69,"column":30}},"36":{"start":{"line":73,"column":8},"end":{"line":92,"column":11}},"37":{"start":{"line":74,"column":12},"end":{"line":74,"column":108}},"38":{"start":{"line":75,"column":12},"end":{"line":91,"column":19}},"39":{"start":{"line":77,"column":20},"end":{"line":77,"column":52}},"40":{"start":{"line":79,"column":44},"end":{"line":86,"column":21}},"41":{"start":{"line":88,"column":20},"end":{"line":88,"column":97}},"42":{"start":{"line":90,"column":20},"end":{"line":90,"column":30}},"43":{"start":{"line":94,"column":8},"end":{"line":102,"column":11}},"44":{"start":{"line":95,"column":12},"end":{"line":101,"column":19}},"45":{"start":{"line":97,"column":20},"end":{"line":97,"column":52}},"46":{"start":{"line":98,"column":20},"end":{"line":98,"column":53}},"47":{"start":{"line":99,"column":20},"end":{"line":99,"column":57}},"48":{"start":{"line":100,"column":20},"end":{"line":100,"column":30}},"49":{"start":{"line":104,"column":8},"end":{"line":112,"column":11}},"50":{"start":{"line":105,"column":12},"end":{"line":111,"column":19}},"51":{"start":{"line":107,"column":20},"end":{"line":107,"column":52}},"52":{"start":{"line":108,"column":20},"end":{"line":108,"column":53}},"53":{"start":{"line":109,"column":20},"end":{"line":109,"column":57}},"54":{"start":{"line":110,"column":20},"end":{"line":110,"column":30}},"55":{"start":{"line":114,"column":8},"end":{"line":120,"column":11}},"56":{"start":{"line":115,"column":12},"end":{"line":119,"column":19}},"57":{"start":{"line":117,"column":20},"end":{"line":117,"column":55}},"58":{"start":{"line":118,"column":19},"end":{"line":118,"column":25}},"59":{"start":{"line":122,"column":8},"end":{"line":128,"column":11}},"60":{"start":{"line":123,"column":12},"end":{"line":127,"column":19}},"61":{"start":{"line":125,"column":20},"end":{"line":125,"column":52}},"62":{"start":{"line":126,"column":20},"end":{"line":126,"column":26}},"63":{"start":{"line":130,"column":8},"end":{"line":136,"column":11}},"64":{"start":{"line":131,"column":12},"end":{"line":135,"column":19}},"65":{"start":{"line":133,"column":20},"end":{"line":133,"column":52}},"66":{"start":{"line":134,"column":20},"end":{"line":134,"column":26}},"67":{"start":{"line":138,"column":8},"end":{"line":159,"column":11}},"68":{"start":{"line":139,"column":12},"end":{"line":139,"column":108}},"69":{"start":{"line":140,"column":12},"end":{"line":158,"column":19}},"70":{"start":{"line":142,"column":20},"end":{"line":142,"column":52}},"71":{"start":{"line":143,"column":44},"end":{"line":150,"column":22}},"72":{"start":{"line":151,"column":37},"end":{"line":151,"column":64}},"73":{"start":{"line":153,"column":41},"end":{"line":153,"column":70}},"74":{"start":{"line":154,"column":41},"end":{"line":154,"column":63}},"75":{"start":{"line":156,"column":20},"end":{"line":156,"column":73}},"76":{"start":{"line":157,"column":20},"end":{"line":157,"column":30}},"77":{"start":{"line":161,"column":8},"end":{"line":173,"column":11}},"78":{"start":{"line":162,"column":12},"end":{"line":172,"column":19}},"79":{"start":{"line":164,"column":20},"end":{"line":164,"column":52}},"80":{"start":{"line":165,"column":20},"end":{"line":171,"column":27}},"81":{"start":{"line":167,"column":28},"end":{"line":167,"column":60}},"82":{"start":{"line":169,"column":28},"end":{"line":169,"column":65}},"83":{"start":{"line":170,"column":28},"end":{"line":170,"column":38}},"84":{"start":{"line":175,"column":8},"end":{"line":194,"column":11}},"85":{"start":{"line":176,"column":12},"end":{"line":176,"column":65}},"86":{"start":{"line":177,"column":12},"end":{"line":193,"column":19}},"87":{"start":{"line":191,"column":20},"end":{"line":191,"column":58}},"88":{"start":{"line":192,"column":20},"end":{"line":192,"column":29}},"89":{"start":{"line":196,"column":8},"end":{"line":206,"column":11}},"90":{"start":{"line":197,"column":12},"end":{"line":197,"column":65}},"91":{"start":{"line":198,"column":12},"end":{"line":205,"column":19}},"92":{"start":{"line":203,"column":20},"end":{"line":203,"column":52}},"93":{"start":{"line":204,"column":20},"end":{"line":204,"column":29}},"94":{"start":{"line":208,"column":8},"end":{"line":216,"column":11}},"95":{"start":{"line":209,"column":12},"end":{"line":215,"column":19}},"96":{"start":{"line":213,"column":20},"end":{"line":213,"column":57}},"97":{"start":{"line":214,"column":20},"end":{"line":214,"column":30}},"98":{"start":{"line":219,"column":8},"end":{"line":259,"column":11}},"99":{"start":{"line":220,"column":12},"end":{"line":220,"column":82}},"100":{"start":{"line":221,"column":12},"end":{"line":257,"column":19}},"101":{"start":{"line":236,"column":20},"end":{"line":255,"column":27}},"102":{"start":{"line":239,"column":52},"end":{"line":246,"column":30}},"103":{"start":{"line":247,"column":45},"end":{"line":247,"column":72}},"104":{"start":{"line":249,"column":49},"end":{"line":249,"column":78}},"105":{"start":{"line":250,"column":49},"end":{"line":250,"column":71}},"106":{"start":{"line":253,"column":28},"end":{"line":253,"column":81}},"107":{"start":{"line":254,"column":28},"end":{"line":254,"column":38}}},"fnMap":{"0":{"name":"(anonymous_0)","decl":{"start":{"line":19,"column":49},"end":{"line":19,"column":50}},"loc":{"start":{"line":19,"column":65},"end":{"line":25,"column":1}},"line":19},"1":{"name":"(anonymous_1)","decl":{"start":{"line":21,"column":23},"end":{"line":21,"column":24}},"loc":{"start":{"line":21,"column":38},"end":{"line":24,"column":5}},"line":21},"2":{"name":"(anonymous_2)","decl":{"start":{"line":27,"column":46},"end":{"line":27,"column":47}},"loc":{"start":{"line":27,"column":62},"end":{"line":34,"column":1}},"line":27},"3":{"name":"(anonymous_3)","decl":{"start":{"line":29,"column":23},"end":{"line":29,"column":24}},"loc":{"start":{"line":29,"column":38},"end":{"line":33,"column":5}},"line":29},"4":{"name":"(anonymous_4)","decl":{"start":{"line":36,"column":19},"end":{"line":36,"column":20}},"loc":{"start":{"line":36,"column":31},"end":{"line":262,"column":1}},"line":36},"5":{"name":"(anonymous_5)","decl":{"start":{"line":39,"column":22},"end":{"line":39,"column":23}},"loc":{"start":{"line":39,"column":34},"end":{"line":260,"column":5}},"line":39},"6":{"name":"(anonymous_6)","decl":{"start":{"line":41,"column":30},"end":{"line":41,"column":31}},"loc":{"start":{"line":41,"column":46},"end":{"line":47,"column":9}},"line":41},"7":{"name":"(anonymous_7)","decl":{"start":{"line":42,"column":52},"end":{"line":42,"column":53}},"loc":{"start":{"line":42,"column":75},"end":{"line":46,"column":13}},"line":42},"8":{"name":"(anonymous_8)","decl":{"start":{"line":49,"column":32},"end":{"line":49,"column":33}},"loc":{"start":{"line":49,"column":48},"end":{"line":59,"column":9}},"line":49},"9":{"name":"(anonymous_9)","decl":{"start":{"line":54,"column":18},"end":{"line":54,"column":19}},"loc":{"start":{"line":54,"column":41},"end":{"line":58,"column":17}},"line":54},"10":{"name":"(anonymous_10)","decl":{"start":{"line":62,"column":38},"end":{"line":62,"column":39}},"loc":{"start":{"line":62,"column":54},"end":{"line":71,"column":9}},"line":62},"11":{"name":"(anonymous_11)","decl":{"start":{"line":65,"column":21},"end":{"line":65,"column":22}},"loc":{"start":{"line":65,"column":41},"end":{"line":70,"column":17}},"line":65},"12":{"name":"(anonymous_12)","decl":{"start":{"line":73,"column":73},"end":{"line":73,"column":74}},"loc":{"start":{"line":73,"column":89},"end":{"line":92,"column":9}},"line":73},"13":{"name":"(anonymous_13)","decl":{"start":{"line":76,"column":21},"end":{"line":76,"column":22}},"loc":{"start":{"line":76,"column":41},"end":{"line":91,"column":17}},"line":76},"14":{"name":"(anonymous_14)","decl":{"start":{"line":94,"column":49},"end":{"line":94,"column":50}},"loc":{"start":{"line":94,"column":65},"end":{"line":102,"column":9}},"line":94},"15":{"name":"(anonymous_15)","decl":{"start":{"line":96,"column":21},"end":{"line":96,"column":22}},"loc":{"start":{"line":96,"column":41},"end":{"line":101,"column":17}},"line":96},"16":{"name":"(anonymous_16)","decl":{"start":{"line":104,"column":49},"end":{"line":104,"column":50}},"loc":{"start":{"line":104,"column":65},"end":{"line":112,"column":9}},"line":104},"17":{"name":"(anonymous_17)","decl":{"start":{"line":106,"column":21},"end":{"line":106,"column":22}},"loc":{"start":{"line":106,"column":41},"end":{"line":111,"column":17}},"line":106},"18":{"name":"(anonymous_18)","decl":{"start":{"line":114,"column":45},"end":{"line":114,"column":46}},"loc":{"start":{"line":114,"column":61},"end":{"line":120,"column":9}},"line":114},"19":{"name":"(anonymous_19)","decl":{"start":{"line":116,"column":21},"end":{"line":116,"column":22}},"loc":{"start":{"line":116,"column":41},"end":{"line":119,"column":17}},"line":116},"20":{"name":"(anonymous_20)","decl":{"start":{"line":122,"column":48},"end":{"line":122,"column":49}},"loc":{"start":{"line":122,"column":64},"end":{"line":128,"column":9}},"line":122},"21":{"name":"(anonymous_21)","decl":{"start":{"line":124,"column":21},"end":{"line":124,"column":22}},"loc":{"start":{"line":124,"column":41},"end":{"line":127,"column":17}},"line":124},"22":{"name":"(anonymous_22)","decl":{"start":{"line":130,"column":45},"end":{"line":130,"column":46}},"loc":{"start":{"line":130,"column":61},"end":{"line":136,"column":9}},"line":130},"23":{"name":"(anonymous_23)","decl":{"start":{"line":132,"column":21},"end":{"line":132,"column":22}},"loc":{"start":{"line":132,"column":41},"end":{"line":135,"column":17}},"line":132},"24":{"name":"(anonymous_24)","decl":{"start":{"line":138,"column":73},"end":{"line":138,"column":74}},"loc":{"start":{"line":138,"column":89},"end":{"line":159,"column":9}},"line":138},"25":{"name":"(anonymous_25)","decl":{"start":{"line":141,"column":21},"end":{"line":141,"column":22}},"loc":{"start":{"line":141,"column":41},"end":{"line":158,"column":17}},"line":141},"26":{"name":"(anonymous_26)","decl":{"start":{"line":161,"column":29},"end":{"line":161,"column":30}},"loc":{"start":{"line":161,"column":45},"end":{"line":173,"column":9}},"line":161},"27":{"name":"(anonymous_27)","decl":{"start":{"line":163,"column":21},"end":{"line":163,"column":22}},"loc":{"start":{"line":163,"column":41},"end":{"line":172,"column":17}},"line":163},"28":{"name":"(anonymous_28)","decl":{"start":{"line":166,"column":29},"end":{"line":166,"column":30}},"loc":{"start":{"line":166,"column":49},"end":{"line":171,"column":25}},"line":166},"29":{"name":"(anonymous_29)","decl":{"start":{"line":175,"column":30},"end":{"line":175,"column":31}},"loc":{"start":{"line":175,"column":46},"end":{"line":194,"column":9}},"line":175},"30":{"name":"(anonymous_30)","decl":{"start":{"line":190,"column":21},"end":{"line":190,"column":22}},"loc":{"start":{"line":190,"column":41},"end":{"line":193,"column":17}},"line":190},"31":{"name":"(anonymous_31)","decl":{"start":{"line":196,"column":52},"end":{"line":196,"column":53}},"loc":{"start":{"line":196,"column":68},"end":{"line":206,"column":9}},"line":196},"32":{"name":"(anonymous_32)","decl":{"start":{"line":202,"column":21},"end":{"line":202,"column":22}},"loc":{"start":{"line":202,"column":41},"end":{"line":205,"column":17}},"line":202},"33":{"name":"(anonymous_33)","decl":{"start":{"line":208,"column":41},"end":{"line":208,"column":42}},"loc":{"start":{"line":208,"column":57},"end":{"line":216,"column":9}},"line":208},"34":{"name":"(anonymous_34)","decl":{"start":{"line":211,"column":21},"end":{"line":211,"column":22}},"loc":{"start":{"line":211,"column":41},"end":{"line":215,"column":17}},"line":211},"35":{"name":"(anonymous_35)","decl":{"start":{"line":219,"column":47},"end":{"line":219,"column":48}},"loc":{"start":{"line":219,"column":63},"end":{"line":259,"column":9}},"line":219},"36":{"name":"(anonymous_36)","decl":{"start":{"line":234,"column":21},"end":{"line":234,"column":22}},"loc":{"start":{"line":234,"column":41},"end":{"line":257,"column":17}},"line":234},"37":{"name":"(anonymous_37)","decl":{"start":{"line":238,"column":29},"end":{"line":238,"column":30}},"loc":{"start":{"line":238,"column":49},"end":{"line":255,"column":25}},"line":238}},"branchMap":{},"s":{"0":1,"1":1,"2":1,"3":1,"4":1,"5":1,"6":1,"7":1,"8":1,"9":1,"10":1,"11":1,"12":1,"13":1,"14":1,"15":1,"16":1,"17":1,"18":1,"19":1,"20":1,"21":1,"22":1,"23":1,"24":1,"25":1,"26":1,"27":1,"28":1,"29":1,"30":1,"31":1,"32":1,"33":1,"34":1,"35":1,"36":1,"37":1,"38":1,"39":1,"40":1,"41":1,"42":1,"43":1,"44":1,"45":1,"46":1,"47":1,"48":1,"49":1,"50":1,"51":1,"52":1,"53":1,"54":1,"55":1,"56":1,"57":1,"58":1,"59":1,"60":1,"61":1,"62":1,"63":1,"64":1,"65":1,"66":1,"67":1,"68":1,"69":1,"70":1,"71":1,"72":1,"73":1,"74":1,"75":1,"76":1,"77":1,"78":1,"79":1,"80":1,"81":1,"82":1,"83":1,"84":1,"85":1,"86":1,"87":1,"88":1,"89":1,"90":1,"91":1,"92":1,"93":0,"94":1,"95":1,"96":1,"97":0,"98":1,"99":1,"100":1,"101":1,"102":1,"103":1,"104":1,"105":1,"106":1,"107":1},"f":{"0":1,"1":1,"2":1,"3":1,"4":1,"5":1,"6":1,"7":1,"8":1,"9":1,"10":1,"11":1,"12":1,"13":1,"14":1,"15":1,"16":1,"17":1,"18":1,"19":1,"20":1,"21":1,"22":1,"23":1,"24":1,"25":1,"26":1,"27":1,"28":1,"29":1,"30":1,"31":1,"32":1,"33":1,"34":1,"35":1,"36":1,"37":1},"b":{},"_coverageSchema":"d34fc3e6b8297bcde183f5492bcb8fcb36775295","hash":"318c0da971d5f9b3041499b54eb7552c1a588fc4"},"/home/cormac/Code/HORUS-git/HORUS/server/db.js":{"path":"/home/cormac/Code/HORUS-git/HORUS/server/db.js","statementMap":{"0":{"start":{"line":4,"column":12},"end":{"line":4,"column":28}},"1":{"start":{"line":7,"column":14},"end":{"line":7,"column":47}},"2":{"start":{"line":8,"column":0},"end":{"line":8,"column":50}},"3":{"start":{"line":9,"column":20},"end":{"line":9,"column":55}},"4":{"start":{"line":11,"column":12},"end":{"line":11,"column":37}},"5":{"start":{"line":13,"column":9},"end":{"line":48,"column":4}},"6":{"start":{"line":16,"column":8},"end":{"line":42,"column":11}},"7":{"start":{"line":17,"column":12},"end":{"line":41,"column":13}},"8":{"start":{"line":21,"column":16},"end":{"line":21,"column":26}},"9":{"start":{"line":23,"column":16},"end":{"line":33,"column":19}},"10":{"start":{"line":24,"column":20},"end":{"line":30,"column":21}},"11":{"start":{"line":25,"column":24},"end":{"line":25,"column":45}},"12":{"start":{"line":28,"column":24},"end":{"line":28,"column":44}},"13":{"start":{"line":31,"column":20},"end":{"line":31,"column":41}},"14":{"start":{"line":32,"column":20},"end":{"line":32,"column":41}},"15":{"start":{"line":35,"column":16},"end":{"line":40,"column":19}},"16":{"start":{"line":37,"column":20},"end":{"line":37,"column":40}},"17":{"start":{"line":38,"column":20},"end":{"line":38,"column":41}},"18":{"start":{"line":39,"column":20},"end":{"line":39,"column":30}},"19":{"start":{"line":45,"column":4},"end":{"line":47,"column":6}},"20":{"start":{"line":50,"column":0},"end":{"line":50,"column":20}}},"fnMap":{"0":{"name":"(anonymous_0)","decl":{"start":{"line":13,"column":10},"end":{"line":13,"column":11}},"loc":{"start":{"line":13,"column":22},"end":{"line":48,"column":1}},"line":13},"1":{"name":"_query","decl":{"start":{"line":15,"column":13},"end":{"line":15,"column":19}},"loc":{"start":{"line":15,"column":37},"end":{"line":44,"column":5}},"line":15},"2":{"name":"(anonymous_2)","decl":{"start":{"line":16,"column":27},"end":{"line":16,"column":28}},"loc":{"start":{"line":16,"column":54},"end":{"line":42,"column":9}},"line":16},"3":{"name":"(anonymous_3)","decl":{"start":{"line":23,"column":40},"end":{"line":23,"column":41}},"loc":{"start":{"line":23,"column":61},"end":{"line":33,"column":17}},"line":23},"4":{"name":"(anonymous_4)","decl":{"start":{"line":35,"column":39},"end":{"line":35,"column":40}},"loc":{"start":{"line":35,"column":54},"end":{"line":40,"column":17}},"line":35}},"branchMap":{"0":{"loc":{"start":{"line":17,"column":12},"end":{"line":41,"column":13}},"type":"if","locations":[{"start":{"line":17,"column":12},"end":{"line":41,"column":13}},{"start":{"line":17,"column":12},"end":{"line":41,"column":13}}],"line":17},"1":{"loc":{"start":{"line":24,"column":20},"end":{"line":30,"column":21}},"type":"if","locations":[{"start":{"line":24,"column":20},"end":{"line":30,"column":21}},{"start":{"line":24,"column":20},"end":{"line":30,"column":21}}],"line":24}},"s":{"0":1,"1":1,"2":1,"3":1,"4":1,"5":1,"6":18,"7":18,"8":0,"9":18,"10":18,"11":17,"12":1,"13":18,"14":18,"15":18,"16":0,"17":0,"18":0,"19":1,"20":1},"f":{"0":1,"1":18,"2":18,"3":18,"4":0},"b":{"0":[0,18],"1":[17,1]},"_coverageSchema":"d34fc3e6b8297bcde183f5492bcb8fcb36775295","hash":"01ba48a937bf0463fa6381e7745a16694dc8acdf"},"/home/cormac/Code/HORUS-git/HORUS/server/app.js":{"path":"/home/cormac/Code/HORUS-git/HORUS/server/app.js","statementMap":{"0":{"start":{"line":1,"column":14},"end":{"line":1,"column":32}},"1":{"start":{"line":2,"column":10},"end":{"line":2,"column":19}},"2":{"start":{"line":3,"column":17},"end":{"line":3,"column":39}},"3":{"start":{"line":4,"column":11},"end":{"line":4,"column":35}},"4":{"start":{"line":6,"column":16},"end":{"line":6,"column":36}},"5":{"start":{"line":8,"column":13},"end":{"line":8,"column":29}},"6":{"start":{"line":9,"column":19},"end":{"line":9,"column":59}},"7":{"start":{"line":10,"column":11},"end":{"line":10,"column":43}},"8":{"start":{"line":11,"column":16},"end":{"line":11,"column":53}},"9":{"start":{"line":12,"column":12},"end":{"line":12,"column":45}},"10":{"start":{"line":13,"column":21},"end":{"line":13,"column":53}},"11":{"start":{"line":14,"column":12},"end":{"line":14,"column":45}},"12":{"start":{"line":15,"column":16},"end":{"line":15,"column":53}},"13":{"start":{"line":16,"column":15},"end":{"line":16,"column":51}},"14":{"start":{"line":19,"column":0},"end":{"line":19,"column":32}},"15":{"start":{"line":21,"column":0},"end":{"line":21,"column":28}},"16":{"start":{"line":23,"column":11},"end":{"line":23,"column":26}},"17":{"start":{"line":24,"column":0},"end":{"line":24,"column":41}},"18":{"start":{"line":26,"column":0},"end":{"line":26,"column":50}},"19":{"start":{"line":28,"column":0},"end":{"line":28,"column":42}},"20":{"start":{"line":30,"column":0},"end":{"line":30,"column":38}},"21":{"start":{"line":31,"column":0},"end":{"line":31,"column":42}},"22":{"start":{"line":33,"column":0},"end":{"line":33,"column":36}},"23":{"start":{"line":34,"column":0},"end":{"line":34,"column":30}},"24":{"start":{"line":36,"column":0},"end":{"line":36,"column":39}},"25":{"start":{"line":37,"column":0},"end":{"line":37,"column":31}},"26":{"start":{"line":38,"column":0},"end":{"line":40,"column":3}},"27":{"start":{"line":39,"column":4},"end":{"line":39,"column":11}},"28":{"start":{"line":41,"column":0},"end":{"line":45,"column":3}},"29":{"start":{"line":42,"column":14},"end":{"line":42,"column":39}},"30":{"start":{"line":43,"column":4},"end":{"line":43,"column":21}},"31":{"start":{"line":44,"column":4},"end":{"line":44,"column":14}},"32":{"start":{"line":46,"column":0},"end":{"line":48,"column":3}},"33":{"start":{"line":47,"column":4},"end":{"line":47,"column":37}},"34":{"start":{"line":51,"column":0},"end":{"line":51,"column":57}},"35":{"start":{"line":54,"column":0},"end":{"line":54,"column":47}},"36":{"start":{"line":55,"column":0},"end":{"line":55,"column":27}},"37":{"start":{"line":56,"column":0},"end":{"line":56,"column":49}},"38":{"start":{"line":61,"column":0},"end":{"line":65,"column":3}},"39":{"start":{"line":62,"column":4},"end":{"line":62,"column":51}},"40":{"start":{"line":64,"column":4},"end":{"line":64,"column":11}},"41":{"start":{"line":73,"column":0},"end":{"line":73,"column":21}},"42":{"start":{"line":77,"column":0},"end":{"line":77,"column":10}},"43":{"start":{"line":78,"column":0},"end":{"line":78,"column":15}},"44":{"start":{"line":79,"column":0},"end":{"line":79,"column":11}},"45":{"start":{"line":80,"column":0},"end":{"line":80,"column":18}},"46":{"start":{"line":81,"column":0},"end":{"line":81,"column":11}},"47":{"start":{"line":82,"column":0},"end":{"line":82,"column":20}},"48":{"start":{"line":83,"column":0},"end":{"line":83,"column":15}},"49":{"start":{"line":84,"column":0},"end":{"line":84,"column":13}},"50":{"start":{"line":87,"column":13},"end":{"line":89,"column":2}},"51":{"start":{"line":88,"column":4},"end":{"line":88,"column":61}},"52":{"start":{"line":91,"column":0},"end":{"line":91,"column":24}}},"fnMap":{"0":{"name":"(anonymous_0)","decl":{"start":{"line":38,"column":16},"end":{"line":38,"column":17}},"loc":{"start":{"line":38,"column":42},"end":{"line":40,"column":1}},"line":38},"1":{"name":"(anonymous_1)","decl":{"start":{"line":41,"column":16},"end":{"line":41,"column":17}},"loc":{"start":{"line":41,"column":42},"end":{"line":45,"column":1}},"line":41},"2":{"name":"(anonymous_2)","decl":{"start":{"line":46,"column":16},"end":{"line":46,"column":17}},"loc":{"start":{"line":46,"column":42},"end":{"line":48,"column":1}},"line":46},"3":{"name":"(anonymous_3)","decl":{"start":{"line":61,"column":11},"end":{"line":61,"column":12}},"loc":{"start":{"line":61,"column":37},"end":{"line":65,"column":1}},"line":61},"4":{"name":"(anonymous_4)","decl":{"start":{"line":87,"column":30},"end":{"line":87,"column":31}},"loc":{"start":{"line":87,"column":42},"end":{"line":89,"column":1}},"line":87}},"branchMap":{"0":{"loc":{"start":{"line":4,"column":11},"end":{"line":4,"column":35}},"type":"binary-expr","locations":[{"start":{"line":4,"column":11},"end":{"line":4,"column":27}},{"start":{"line":4,"column":31},"end":{"line":4,"column":35}}],"line":4}},"s":{"0":1,"1":1,"2":1,"3":1,"4":1,"5":1,"6":1,"7":1,"8":1,"9":1,"10":1,"11":1,"12":1,"13":1,"14":1,"15":1,"16":1,"17":1,"18":1,"19":1,"20":1,"21":1,"22":1,"23":1,"24":1,"25":1,"26":1,"27":0,"28":1,"29":0,"30":0,"31":0,"32":1,"33":0,"34":1,"35":1,"36":1,"37":1,"38":1,"39":15,"40":15,"41":1,"42":1,"43":1,"44":1,"45":1,"46":1,"47":1,"48":1,"49":1,"50":1,"51":1,"52":1},"f":{"0":0,"1":0,"2":0,"3":15,"4":1},"b":{"0":[1,1]},"_coverageSchema":"d34fc3e6b8297bcde183f5492bcb8fcb36775295","hash":"c346777d50c3baa0be355c32ddd5a29303858c78"},"/home/cormac/Code/HORUS-git/HORUS/server/controllers/trackerNodes.js":{"path":"/home/cormac/Code/HORUS-git/HORUS/server/controllers/trackerNodes.js","statementMap":{"0":{"start":{"line":1,"column":23},"end":{"line":1,"column":59}},"1":{"start":{"line":3,"column":0},"end":{"line":116,"column":2}},"2":{"start":{"line":5,"column":4},"end":{"line":15,"column":7}},"3":{"start":{"line":7,"column":8},"end":{"line":14,"column":11}},"4":{"start":{"line":9,"column":12},"end":{"line":13,"column":13}},"5":{"start":{"line":10,"column":16},"end":{"line":10,"column":55}},"6":{"start":{"line":12,"column":16},"end":{"line":12,"column":58}},"7":{"start":{"line":17,"column":4},"end":{"line":28,"column":7}},"8":{"start":{"line":18,"column":17},"end":{"line":18,"column":30}},"9":{"start":{"line":20,"column":8},"end":{"line":27,"column":11}},"10":{"start":{"line":22,"column":12},"end":{"line":26,"column":13}},"11":{"start":{"line":23,"column":16},"end":{"line":23,"column":55}},"12":{"start":{"line":25,"column":16},"end":{"line":25,"column":58}},"13":{"start":{"line":30,"column":4},"end":{"line":41,"column":7}},"14":{"start":{"line":31,"column":17},"end":{"line":31,"column":30}},"15":{"start":{"line":33,"column":8},"end":{"line":40,"column":11}},"16":{"start":{"line":35,"column":12},"end":{"line":39,"column":13}},"17":{"start":{"line":36,"column":16},"end":{"line":36,"column":55}},"18":{"start":{"line":38,"column":16},"end":{"line":38,"column":58}},"19":{"start":{"line":43,"column":4},"end":{"line":54,"column":7}},"20":{"start":{"line":44,"column":17},"end":{"line":44,"column":30}},"21":{"start":{"line":46,"column":8},"end":{"line":53,"column":11}},"22":{"start":{"line":48,"column":12},"end":{"line":52,"column":13}},"23":{"start":{"line":49,"column":16},"end":{"line":49,"column":55}},"24":{"start":{"line":51,"column":16},"end":{"line":51,"column":58}},"25":{"start":{"line":56,"column":4},"end":{"line":69,"column":7}},"26":{"start":{"line":57,"column":22},"end":{"line":57,"column":30}},"27":{"start":{"line":59,"column":8},"end":{"line":66,"column":11}},"28":{"start":{"line":61,"column":12},"end":{"line":65,"column":13}},"29":{"start":{"line":62,"column":16},"end":{"line":62,"column":55}},"30":{"start":{"line":64,"column":16},"end":{"line":64,"column":58}},"31":{"start":{"line":71,"column":4},"end":{"line":84,"column":7}},"32":{"start":{"line":72,"column":17},"end":{"line":72,"column":30}},"33":{"start":{"line":74,"column":8},"end":{"line":82,"column":11}},"34":{"start":{"line":76,"column":12},"end":{"line":81,"column":13}},"35":{"start":{"line":77,"column":16},"end":{"line":77,"column":55}},"36":{"start":{"line":79,"column":16},"end":{"line":79,"column":58}},"37":{"start":{"line":86,"column":4},"end":{"line":103,"column":7}},"38":{"start":{"line":87,"column":17},"end":{"line":87,"column":30}},"39":{"start":{"line":88,"column":25},"end":{"line":88,"column":33}},"40":{"start":{"line":89,"column":8},"end":{"line":89,"column":48}},"41":{"start":{"line":90,"column":8},"end":{"line":90,"column":44}},"42":{"start":{"line":92,"column":8},"end":{"line":100,"column":11}},"43":{"start":{"line":93,"column":12},"end":{"line":93,"column":45}},"44":{"start":{"line":94,"column":12},"end":{"line":99,"column":13}},"45":{"start":{"line":95,"column":16},"end":{"line":95,"column":55}},"46":{"start":{"line":98,"column":16},"end":{"line":98,"column":53}},"47":{"start":{"line":106,"column":4},"end":{"line":114,"column":7}},"48":{"start":{"line":109,"column":8},"end":{"line":109,"column":66}}},"fnMap":{"0":{"name":"(anonymous_0)","decl":{"start":{"line":3,"column":17},"end":{"line":3,"column":18}},"loc":{"start":{"line":3,"column":32},"end":{"line":116,"column":1}},"line":3},"1":{"name":"(anonymous_1)","decl":{"start":{"line":5,"column":33},"end":{"line":5,"column":34}},"loc":{"start":{"line":5,"column":52},"end":{"line":15,"column":5}},"line":5},"2":{"name":"(anonymous_2)","decl":{"start":{"line":7,"column":44},"end":{"line":7,"column":45}},"loc":{"start":{"line":7,"column":63},"end":{"line":14,"column":9}},"line":7},"3":{"name":"(anonymous_3)","decl":{"start":{"line":17,"column":37},"end":{"line":17,"column":38}},"loc":{"start":{"line":17,"column":56},"end":{"line":28,"column":5}},"line":17},"4":{"name":"(anonymous_4)","decl":{"start":{"line":20,"column":48},"end":{"line":20,"column":49}},"loc":{"start":{"line":20,"column":67},"end":{"line":27,"column":9}},"line":20},"5":{"name":"(anonymous_5)","decl":{"start":{"line":30,"column":42},"end":{"line":30,"column":43}},"loc":{"start":{"line":30,"column":61},"end":{"line":41,"column":5}},"line":30},"6":{"name":"(anonymous_6)","decl":{"start":{"line":33,"column":52},"end":{"line":33,"column":53}},"loc":{"start":{"line":33,"column":71},"end":{"line":40,"column":9}},"line":33},"7":{"name":"(anonymous_7)","decl":{"start":{"line":43,"column":47},"end":{"line":43,"column":48}},"loc":{"start":{"line":43,"column":66},"end":{"line":54,"column":5}},"line":43},"8":{"name":"(anonymous_8)","decl":{"start":{"line":46,"column":58},"end":{"line":46,"column":59}},"loc":{"start":{"line":46,"column":77},"end":{"line":53,"column":9}},"line":46},"9":{"name":"(anonymous_9)","decl":{"start":{"line":56,"column":34},"end":{"line":56,"column":35}},"loc":{"start":{"line":56,"column":53},"end":{"line":69,"column":5}},"line":56},"10":{"name":"(anonymous_10)","decl":{"start":{"line":59,"column":65},"end":{"line":59,"column":66}},"loc":{"start":{"line":59,"column":84},"end":{"line":66,"column":9}},"line":59},"11":{"name":"(anonymous_11)","decl":{"start":{"line":71,"column":40},"end":{"line":71,"column":41}},"loc":{"start":{"line":71,"column":59},"end":{"line":84,"column":5}},"line":71},"12":{"name":"(anonymous_12)","decl":{"start":{"line":74,"column":51},"end":{"line":74,"column":52}},"loc":{"start":{"line":74,"column":70},"end":{"line":82,"column":9}},"line":74},"13":{"name":"(anonymous_13)","decl":{"start":{"line":86,"column":37},"end":{"line":86,"column":38}},"loc":{"start":{"line":86,"column":57},"end":{"line":103,"column":5}},"line":86},"14":{"name":"(anonymous_14)","decl":{"start":{"line":92,"column":55},"end":{"line":92,"column":56}},"loc":{"start":{"line":92,"column":75},"end":{"line":100,"column":9}},"line":92},"15":{"name":"(anonymous_15)","decl":{"start":{"line":106,"column":34},"end":{"line":106,"column":35}},"loc":{"start":{"line":106,"column":60},"end":{"line":114,"column":5}},"line":106}},"branchMap":{"0":{"loc":{"start":{"line":9,"column":12},"end":{"line":13,"column":13}},"type":"if","locations":[{"start":{"line":9,"column":12},"end":{"line":13,"column":13}},{"start":{"line":9,"column":12},"end":{"line":13,"column":13}}],"line":9},"1":{"loc":{"start":{"line":22,"column":12},"end":{"line":26,"column":13}},"type":"if","locations":[{"start":{"line":22,"column":12},"end":{"line":26,"column":13}},{"start":{"line":22,"column":12},"end":{"line":26,"column":13}}],"line":22},"2":{"loc":{"start":{"line":35,"column":12},"end":{"line":39,"column":13}},"type":"if","locations":[{"start":{"line":35,"column":12},"end":{"line":39,"column":13}},{"start":{"line":35,"column":12},"end":{"line":39,"column":13}}],"line":35},"3":{"loc":{"start":{"line":48,"column":12},"end":{"line":52,"column":13}},"type":"if","locations":[{"start":{"line":48,"column":12},"end":{"line":52,"column":13}},{"start":{"line":48,"column":12},"end":{"line":52,"column":13}}],"line":48},"4":{"loc":{"start":{"line":61,"column":12},"end":{"line":65,"column":13}},"type":"if","locations":[{"start":{"line":61,"column":12},"end":{"line":65,"column":13}},{"start":{"line":61,"column":12},"end":{"line":65,"column":13}}],"line":61},"5":{"loc":{"start":{"line":76,"column":12},"end":{"line":81,"column":13}},"type":"if","locations":[{"start":{"line":76,"column":12},"end":{"line":81,"column":13}},{"start":{"line":76,"column":12},"end":{"line":81,"column":13}}],"line":76},"6":{"loc":{"start":{"line":94,"column":12},"end":{"line":99,"column":13}},"type":"if","locations":[{"start":{"line":94,"column":12},"end":{"line":99,"column":13}},{"start":{"line":94,"column":12},"end":{"line":99,"column":13}}],"line":94}},"s":{"0":1,"1":1,"2":1,"3":0,"4":0,"5":0,"6":0,"7":1,"8":0,"9":0,"10":0,"11":0,"12":0,"13":1,"14":0,"15":0,"16":0,"17":0,"18":0,"19":1,"20":0,"21":0,"22":0,"23":0,"24":0,"25":1,"26":0,"27":0,"28":0,"29":0,"30":0,"31":1,"32":0,"33":0,"34":0,"35":0,"36":0,"37":1,"38":0,"39":0,"40":0,"41":0,"42":0,"43":0,"44":0,"45":0,"46":0,"47":1,"48":0},"f":{"0":1,"1":0,"2":0,"3":0,"4":0,"5":0,"6":0,"7":0,"8":0,"9":0,"10":0,"11":0,"12":0,"13":0,"14":0,"15":0},"b":{"0":[0,0],"1":[0,0],"2":[0,0],"3":[0,0],"4":[0,0],"5":[0,0],"6":[0,0]},"_coverageSchema":"d34fc3e6b8297bcde183f5492bcb8fcb36775295","hash":"71a10b83b3344509e1b9821d5f4e91751397920c"},"/home/cormac/Code/HORUS-git/HORUS/server/models/trackerNodes.js":{"path":"/home/cormac/Code/HORUS-git/HORUS/server/models/trackerNodes.js","statementMap":{"0":{"start":{"line":1,"column":9},"end":{"line":1,"column":25}},"1":{"start":{"line":4,"column":0},"end":{"line":28,"column":2}},"2":{"start":{"line":5,"column":4},"end":{"line":5,"column":29}},"3":{"start":{"line":6,"column":4},"end":{"line":27,"column":7}},"4":{"start":{"line":9,"column":22},"end":{"line":12,"column":9}},"5":{"start":{"line":13,"column":8},"end":{"line":25,"column":9}},"6":{"start":{"line":14,"column":12},"end":{"line":14,"column":31}},"7":{"start":{"line":15,"column":12},"end":{"line":18,"column":14}},"8":{"start":{"line":20,"column":12},"end":{"line":20,"column":33}},"9":{"start":{"line":21,"column":12},"end":{"line":24,"column":14}},"10":{"start":{"line":26,"column":8},"end":{"line":26,"column":26}},"11":{"start":{"line":31,"column":0},"end":{"line":55,"column":2}},"12":{"start":{"line":32,"column":4},"end":{"line":32,"column":29}},"13":{"start":{"line":33,"column":4},"end":{"line":54,"column":7}},"14":{"start":{"line":36,"column":22},"end":{"line":39,"column":9}},"15":{"start":{"line":40,"column":8},"end":{"line":52,"column":9}},"16":{"start":{"line":41,"column":12},"end":{"line":41,"column":31}},"17":{"start":{"line":42,"column":12},"end":{"line":45,"column":14}},"18":{"start":{"line":47,"column":12},"end":{"line":47,"column":33}},"19":{"start":{"line":48,"column":12},"end":{"line":51,"column":14}},"20":{"start":{"line":53,"column":8},"end":{"line":53,"column":26}},"21":{"start":{"line":58,"column":0},"end":{"line":82,"column":2}},"22":{"start":{"line":59,"column":4},"end":{"line":59,"column":29}},"23":{"start":{"line":60,"column":4},"end":{"line":81,"column":7}},"24":{"start":{"line":63,"column":22},"end":{"line":66,"column":9}},"25":{"start":{"line":67,"column":8},"end":{"line":79,"column":9}},"26":{"start":{"line":68,"column":12},"end":{"line":68,"column":31}},"27":{"start":{"line":69,"column":12},"end":{"line":72,"column":14}},"28":{"start":{"line":74,"column":12},"end":{"line":74,"column":33}},"29":{"start":{"line":75,"column":12},"end":{"line":78,"column":14}},"30":{"start":{"line":80,"column":8},"end":{"line":80,"column":26}},"31":{"start":{"line":85,"column":0},"end":{"line":108,"column":2}},"32":{"start":{"line":87,"column":4},"end":{"line":107,"column":7}},"33":{"start":{"line":89,"column":22},"end":{"line":92,"column":9}},"34":{"start":{"line":93,"column":8},"end":{"line":105,"column":9}},"35":{"start":{"line":94,"column":12},"end":{"line":94,"column":31}},"36":{"start":{"line":95,"column":12},"end":{"line":98,"column":14}},"37":{"start":{"line":100,"column":12},"end":{"line":100,"column":33}},"38":{"start":{"line":101,"column":12},"end":{"line":104,"column":14}},"39":{"start":{"line":106,"column":8},"end":{"line":106,"column":26}},"40":{"start":{"line":112,"column":0},"end":{"line":135,"column":2}},"41":{"start":{"line":114,"column":4},"end":{"line":134,"column":7}},"42":{"start":{"line":116,"column":22},"end":{"line":119,"column":9}},"43":{"start":{"line":120,"column":8},"end":{"line":132,"column":9}},"44":{"start":{"line":121,"column":12},"end":{"line":121,"column":31}},"45":{"start":{"line":122,"column":12},"end":{"line":125,"column":14}},"46":{"start":{"line":127,"column":12},"end":{"line":127,"column":33}},"47":{"start":{"line":128,"column":12},"end":{"line":131,"column":14}},"48":{"start":{"line":133,"column":8},"end":{"line":133,"column":26}}},"fnMap":{"0":{"name":"(anonymous_0)","decl":{"start":{"line":4,"column":29},"end":{"line":4,"column":30}},"loc":{"start":{"line":4,"column":52},"end":{"line":28,"column":1}},"line":4},"1":{"name":"(anonymous_1)","decl":{"start":{"line":6,"column":66},"end":{"line":6,"column":67}},"loc":{"start":{"line":6,"column":92},"end":{"line":27,"column":5}},"line":6},"2":{"name":"(anonymous_2)","decl":{"start":{"line":31,"column":33},"end":{"line":31,"column":34}},"loc":{"start":{"line":31,"column":56},"end":{"line":55,"column":1}},"line":31},"3":{"name":"(anonymous_3)","decl":{"start":{"line":33,"column":74},"end":{"line":33,"column":75}},"loc":{"start":{"line":33,"column":100},"end":{"line":54,"column":5}},"line":33},"4":{"name":"(anonymous_4)","decl":{"start":{"line":58,"column":39},"end":{"line":58,"column":40}},"loc":{"start":{"line":58,"column":62},"end":{"line":82,"column":1}},"line":58},"5":{"name":"(anonymous_5)","decl":{"start":{"line":60,"column":106},"end":{"line":60,"column":107}},"loc":{"start":{"line":60,"column":132},"end":{"line":81,"column":5}},"line":60},"6":{"name":"(anonymous_6)","decl":{"start":{"line":85,"column":29},"end":{"line":85,"column":30}},"loc":{"start":{"line":85,"column":48},"end":{"line":108,"column":1}},"line":85},"7":{"name":"(anonymous_7)","decl":{"start":{"line":87,"column":44},"end":{"line":87,"column":45}},"loc":{"start":{"line":87,"column":75},"end":{"line":107,"column":5}},"line":87},"8":{"name":"(anonymous_8)","decl":{"start":{"line":112,"column":26},"end":{"line":112,"column":27}},"loc":{"start":{"line":112,"column":45},"end":{"line":135,"column":1}},"line":112},"9":{"name":"(anonymous_9)","decl":{"start":{"line":114,"column":44},"end":{"line":114,"column":45}},"loc":{"start":{"line":114,"column":75},"end":{"line":134,"column":5}},"line":114}},"branchMap":{"0":{"loc":{"start":{"line":13,"column":8},"end":{"line":25,"column":9}},"type":"if","locations":[{"start":{"line":13,"column":8},"end":{"line":25,"column":9}},{"start":{"line":13,"column":8},"end":{"line":25,"column":9}}],"line":13},"1":{"loc":{"start":{"line":40,"column":8},"end":{"line":52,"column":9}},"type":"if","locations":[{"start":{"line":40,"column":8},"end":{"line":52,"column":9}},{"start":{"line":40,"column":8},"end":{"line":52,"column":9}}],"line":40},"2":{"loc":{"start":{"line":67,"column":8},"end":{"line":79,"column":9}},"type":"if","locations":[{"start":{"line":67,"column":8},"end":{"line":79,"column":9}},{"start":{"line":67,"column":8},"end":{"line":79,"column":9}}],"line":67},"3":{"loc":{"start":{"line":93,"column":8},"end":{"line":105,"column":9}},"type":"if","locations":[{"start":{"line":93,"column":8},"end":{"line":105,"column":9}},{"start":{"line":93,"column":8},"end":{"line":105,"column":9}}],"line":93},"4":{"loc":{"start":{"line":120,"column":8},"end":{"line":132,"column":9}},"type":"if","locations":[{"start":{"line":120,"column":8},"end":{"line":132,"column":9}},{"start":{"line":120,"column":8},"end":{"line":132,"column":9}}],"line":120}},"s":{"0":1,"1":1,"2":0,"3":0,"4":0,"5":0,"6":0,"7":0,"8":0,"9":0,"10":0,"11":1,"12":0,"13":0,"14":0,"15":0,"16":0,"17":0,"18":0,"19":0,"20":0,"21":1,"22":0,"23":0,"24":0,"25":0,"26":0,"27":0,"28":0,"29":0,"30":0,"31":1,"32":0,"33":0,"34":0,"35":0,"36":0,"37":0,"38":0,"39":0,"40":1,"41":0,"42":0,"43":0,"44":0,"45":0,"46":0,"47":0,"48":0},"f":{"0":0,"1":0,"2":0,"3":0,"4":0,"5":0,"6":0,"7":0,"8":0,"9":0},"b":{"0":[0,0],"1":[0,0],"2":[0,0],"3":[0,0],"4":[0,0]},"_coverageSchema":"d34fc3e6b8297bcde183f5492bcb8fcb36775295","hash":"1a4cadbd2899ce0dc53060294d25f4520cd5ac4f"},"/home/cormac/Code/HORUS-git/HORUS/server/controllers/home.js":{"path":"/home/cormac/Code/HORUS-git/HORUS/server/controllers/home.js","statementMap":{"0":{"start":{"line":1,"column":0},"end":{"line":25,"column":2}},"1":{"start":{"line":4,"column":4},"end":{"line":12,"column":7}},"2":{"start":{"line":6,"column":8},"end":{"line":6,"column":29}},"3":{"start":{"line":7,"column":8},"end":{"line":7,"column":14}},"4":{"start":{"line":15,"column":4},"end":{"line":24,"column":7}},"5":{"start":{"line":17,"column":8},"end":{"line":17,"column":65}},"6":{"start":{"line":19,"column":8},"end":{"line":19,"column":63}}},"fnMap":{"0":{"name":"(anonymous_0)","decl":{"start":{"line":1,"column":17},"end":{"line":1,"column":18}},"loc":{"start":{"line":1,"column":32},"end":{"line":25,"column":1}},"line":1},"1":{"name":"(anonymous_1)","decl":{"start":{"line":4,"column":23},"end":{"line":4,"column":24}},"loc":{"start":{"line":4,"column":49},"end":{"line":12,"column":5}},"line":4},"2":{"name":"(anonymous_2)","decl":{"start":{"line":15,"column":23},"end":{"line":15,"column":24}},"loc":{"start":{"line":15,"column":49},"end":{"line":24,"column":5}},"line":15}},"branchMap":{},"s":{"0":1,"1":1,"2":0,"3":0,"4":1,"5":0,"6":0},"f":{"0":1,"1":0,"2":0},"b":{},"_coverageSchema":"d34fc3e6b8297bcde183f5492bcb8fcb36775295","hash":"da11666d8a56489af2de54b46bda54b43cb083f5"},"/home/cormac/Code/HORUS-git/HORUS/server/controllers/userTypes.js":{"path":"/home/cormac/Code/HORUS-git/HORUS/server/controllers/userTypes.js","statementMap":{"0":{"start":{"line":1,"column":20},"end":{"line":1,"column":53}},"1":{"start":{"line":2,"column":0},"end":{"line":80,"column":1}},"2":{"start":{"line":4,"column":4},"end":{"line":23,"column":7}},"3":{"start":{"line":6,"column":8},"end":{"line":20,"column":11}},"4":{"start":{"line":14,"column":12},"end":{"line":19,"column":13}},"5":{"start":{"line":15,"column":16},"end":{"line":15,"column":55}},"6":{"start":{"line":18,"column":16},"end":{"line":18,"column":58}},"7":{"start":{"line":25,"column":4},"end":{"line":36,"column":7}},"8":{"start":{"line":26,"column":17},"end":{"line":26,"column":30}},"9":{"start":{"line":28,"column":8},"end":{"line":35,"column":11}},"10":{"start":{"line":30,"column":12},"end":{"line":34,"column":13}},"11":{"start":{"line":31,"column":16},"end":{"line":31,"column":55}},"12":{"start":{"line":33,"column":16},"end":{"line":33,"column":58}},"13":{"start":{"line":38,"column":4},"end":{"line":51,"column":7}},"14":{"start":{"line":39,"column":22},"end":{"line":39,"column":30}},"15":{"start":{"line":41,"column":8},"end":{"line":48,"column":11}},"16":{"start":{"line":43,"column":12},"end":{"line":47,"column":13}},"17":{"start":{"line":44,"column":16},"end":{"line":44,"column":55}},"18":{"start":{"line":46,"column":16},"end":{"line":46,"column":58}},"19":{"start":{"line":53,"column":4},"end":{"line":66,"column":7}},"20":{"start":{"line":54,"column":17},"end":{"line":54,"column":30}},"21":{"start":{"line":56,"column":8},"end":{"line":63,"column":11}},"22":{"start":{"line":58,"column":12},"end":{"line":62,"column":13}},"23":{"start":{"line":59,"column":16},"end":{"line":59,"column":55}},"24":{"start":{"line":61,"column":16},"end":{"line":61,"column":58}},"25":{"start":{"line":69,"column":4},"end":{"line":78,"column":7}},"26":{"start":{"line":71,"column":8},"end":{"line":71,"column":65}},"27":{"start":{"line":73,"column":8},"end":{"line":73,"column":63}}},"fnMap":{"0":{"name":"(anonymous_0)","decl":{"start":{"line":2,"column":17},"end":{"line":2,"column":18}},"loc":{"start":{"line":2,"column":32},"end":{"line":80,"column":1}},"line":2},"1":{"name":"(anonymous_1)","decl":{"start":{"line":4,"column":31},"end":{"line":4,"column":32}},"loc":{"start":{"line":4,"column":51},"end":{"line":23,"column":5}},"line":4},"2":{"name":"(anonymous_2)","decl":{"start":{"line":6,"column":38},"end":{"line":6,"column":39}},"loc":{"start":{"line":6,"column":58},"end":{"line":20,"column":9}},"line":6},"3":{"name":"(anonymous_3)","decl":{"start":{"line":25,"column":35},"end":{"line":25,"column":36}},"loc":{"start":{"line":25,"column":55},"end":{"line":36,"column":5}},"line":25},"4":{"name":"(anonymous_4)","decl":{"start":{"line":28,"column":42},"end":{"line":28,"column":43}},"loc":{"start":{"line":28,"column":62},"end":{"line":35,"column":9}},"line":28},"5":{"name":"(anonymous_5)","decl":{"start":{"line":38,"column":32},"end":{"line":38,"column":33}},"loc":{"start":{"line":38,"column":52},"end":{"line":51,"column":5}},"line":38},"6":{"name":"(anonymous_6)","decl":{"start":{"line":41,"column":59},"end":{"line":41,"column":60}},"loc":{"start":{"line":41,"column":79},"end":{"line":48,"column":9}},"line":41},"7":{"name":"(anonymous_7)","decl":{"start":{"line":53,"column":38},"end":{"line":53,"column":39}},"loc":{"start":{"line":53,"column":58},"end":{"line":66,"column":5}},"line":53},"8":{"name":"(anonymous_8)","decl":{"start":{"line":56,"column":45},"end":{"line":56,"column":46}},"loc":{"start":{"line":56,"column":65},"end":{"line":63,"column":9}},"line":56},"9":{"name":"(anonymous_9)","decl":{"start":{"line":69,"column":36},"end":{"line":69,"column":37}},"loc":{"start":{"line":69,"column":62},"end":{"line":78,"column":5}},"line":69}},"branchMap":{"0":{"loc":{"start":{"line":14,"column":12},"end":{"line":19,"column":13}},"type":"if","locations":[{"start":{"line":14,"column":12},"end":{"line":19,"column":13}},{"start":{"line":14,"column":12},"end":{"line":19,"column":13}}],"line":14},"1":{"loc":{"start":{"line":30,"column":12},"end":{"line":34,"column":13}},"type":"if","locations":[{"start":{"line":30,"column":12},"end":{"line":34,"column":13}},{"start":{"line":30,"column":12},"end":{"line":34,"column":13}}],"line":30},"2":{"loc":{"start":{"line":43,"column":12},"end":{"line":47,"column":13}},"type":"if","locations":[{"start":{"line":43,"column":12},"end":{"line":47,"column":13}},{"start":{"line":43,"column":12},"end":{"line":47,"column":13}}],"line":43},"3":{"loc":{"start":{"line":58,"column":12},"end":{"line":62,"column":13}},"type":"if","locations":[{"start":{"line":58,"column":12},"end":{"line":62,"column":13}},{"start":{"line":58,"column":12},"end":{"line":62,"column":13}}],"line":58}},"s":{"0":1,"1":1,"2":1,"3":0,"4":0,"5":0,"6":0,"7":1,"8":0,"9":0,"10":0,"11":0,"12":0,"13":1,"14":0,"15":0,"16":0,"17":0,"18":0,"19":1,"20":0,"21":0,"22":0,"23":0,"24":0,"25":1,"26":0,"27":0},"f":{"0":1,"1":0,"2":0,"3":0,"4":0,"5":0,"6":0,"7":0,"8":0,"9":0},"b":{"0":[0,0],"1":[0,0],"2":[0,0],"3":[0,0]},"_coverageSchema":"d34fc3e6b8297bcde183f5492bcb8fcb36775295","hash":"f1df8ef53c01b3bf026d583962ae9460b2face14"},"/home/cormac/Code/HORUS-git/HORUS/server/models/userTypes.js":{"path":"/home/cormac/Code/HORUS-git/HORUS/server/models/userTypes.js","statementMap":{"0":{"start":{"line":1,"column":9},"end":{"line":1,"column":25}},"1":{"start":{"line":4,"column":0},"end":{"line":28,"column":2}},"2":{"start":{"line":5,"column":4},"end":{"line":5,"column":29}},"3":{"start":{"line":6,"column":4},"end":{"line":27,"column":7}},"4":{"start":{"line":9,"column":22},"end":{"line":12,"column":9}},"5":{"start":{"line":13,"column":8},"end":{"line":25,"column":9}},"6":{"start":{"line":15,"column":12},"end":{"line":18,"column":14}},"7":{"start":{"line":21,"column":12},"end":{"line":24,"column":14}},"8":{"start":{"line":26,"column":8},"end":{"line":26,"column":26}},"9":{"start":{"line":31,"column":0},"end":{"line":54,"column":2}},"10":{"start":{"line":33,"column":3},"end":{"line":53,"column":7}},"11":{"start":{"line":35,"column":22},"end":{"line":38,"column":9}},"12":{"start":{"line":39,"column":8},"end":{"line":51,"column":9}},"13":{"start":{"line":41,"column":12},"end":{"line":44,"column":14}},"14":{"start":{"line":47,"column":12},"end":{"line":50,"column":14}},"15":{"start":{"line":52,"column":8},"end":{"line":52,"column":26}},"16":{"start":{"line":58,"column":0},"end":{"line":85,"column":2}},"17":{"start":{"line":60,"column":21},"end":{"line":60,"column":41}},"18":{"start":{"line":62,"column":4},"end":{"line":62,"column":33}},"19":{"start":{"line":64,"column":4},"end":{"line":84,"column":7}},"20":{"start":{"line":66,"column":22},"end":{"line":69,"column":9}},"21":{"start":{"line":70,"column":8},"end":{"line":82,"column":9}},"22":{"start":{"line":71,"column":12},"end":{"line":71,"column":31}},"23":{"start":{"line":72,"column":12},"end":{"line":75,"column":14}},"24":{"start":{"line":77,"column":12},"end":{"line":77,"column":33}},"25":{"start":{"line":78,"column":12},"end":{"line":81,"column":14}},"26":{"start":{"line":83,"column":8},"end":{"line":83,"column":26}},"27":{"start":{"line":89,"column":0},"end":{"line":113,"column":2}},"28":{"start":{"line":90,"column":4},"end":{"line":90,"column":29}},"29":{"start":{"line":91,"column":4},"end":{"line":112,"column":7}},"30":{"start":{"line":94,"column":22},"end":{"line":97,"column":9}},"31":{"start":{"line":98,"column":8},"end":{"line":110,"column":9}},"32":{"start":{"line":99,"column":12},"end":{"line":99,"column":31}},"33":{"start":{"line":100,"column":12},"end":{"line":103,"column":14}},"34":{"start":{"line":105,"column":12},"end":{"line":105,"column":33}},"35":{"start":{"line":106,"column":12},"end":{"line":109,"column":14}},"36":{"start":{"line":111,"column":8},"end":{"line":111,"column":26}}},"fnMap":{"0":{"name":"(anonymous_0)","decl":{"start":{"line":4,"column":26},"end":{"line":4,"column":27}},"loc":{"start":{"line":4,"column":49},"end":{"line":28,"column":1}},"line":4},"1":{"name":"(anonymous_1)","decl":{"start":{"line":6,"column":63},"end":{"line":6,"column":64}},"loc":{"start":{"line":6,"column":89},"end":{"line":27,"column":5}},"line":6},"2":{"name":"(anonymous_2)","decl":{"start":{"line":31,"column":26},"end":{"line":31,"column":27}},"loc":{"start":{"line":31,"column":45},"end":{"line":54,"column":1}},"line":31},"3":{"name":"(anonymous_3)","decl":{"start":{"line":33,"column":40},"end":{"line":33,"column":41}},"loc":{"start":{"line":33,"column":66},"end":{"line":53,"column":5}},"line":33},"4":{"name":"(anonymous_4)","decl":{"start":{"line":58,"column":22},"end":{"line":58,"column":23}},"loc":{"start":{"line":58,"column":51},"end":{"line":85,"column":1}},"line":58},"5":{"name":"(anonymous_5)","decl":{"start":{"line":64,"column":106},"end":{"line":64,"column":107}},"loc":{"start":{"line":64,"column":132},"end":{"line":84,"column":5}},"line":64},"6":{"name":"(anonymous_6)","decl":{"start":{"line":89,"column":29},"end":{"line":89,"column":30}},"loc":{"start":{"line":89,"column":52},"end":{"line":113,"column":1}},"line":89},"7":{"name":"(anonymous_7)","decl":{"start":{"line":91,"column":61},"end":{"line":91,"column":62}},"loc":{"start":{"line":91,"column":87},"end":{"line":112,"column":5}},"line":91}},"branchMap":{"0":{"loc":{"start":{"line":13,"column":8},"end":{"line":25,"column":9}},"type":"if","locations":[{"start":{"line":13,"column":8},"end":{"line":25,"column":9}},{"start":{"line":13,"column":8},"end":{"line":25,"column":9}}],"line":13},"1":{"loc":{"start":{"line":39,"column":8},"end":{"line":51,"column":9}},"type":"if","locations":[{"start":{"line":39,"column":8},"end":{"line":51,"column":9}},{"start":{"line":39,"column":8},"end":{"line":51,"column":9}}],"line":39},"2":{"loc":{"start":{"line":70,"column":8},"end":{"line":82,"column":9}},"type":"if","locations":[{"start":{"line":70,"column":8},"end":{"line":82,"column":9}},{"start":{"line":70,"column":8},"end":{"line":82,"column":9}}],"line":70},"3":{"loc":{"start":{"line":98,"column":8},"end":{"line":110,"column":9}},"type":"if","locations":[{"start":{"line":98,"column":8},"end":{"line":110,"column":9}},{"start":{"line":98,"column":8},"end":{"line":110,"column":9}}],"line":98}},"s":{"0":1,"1":1,"2":0,"3":0,"4":0,"5":0,"6":0,"7":0,"8":0,"9":1,"10":0,"11":0,"12":0,"13":0,"14":0,"15":0,"16":1,"17":0,"18":0,"19":0,"20":0,"21":0,"22":0,"23":0,"24":0,"25":0,"26":0,"27":1,"28":0,"29":0,"30":0,"31":0,"32":0,"33":0,"34":0,"35":0,"36":0},"f":{"0":0,"1":0,"2":0,"3":0,"4":0,"5":0,"6":0,"7":0},"b":{"0":[0,0],"1":[0,0],"2":[0,0],"3":[0,0]},"_coverageSchema":"d34fc3e6b8297bcde183f5492bcb8fcb36775295","hash":"a6a9918936d8c76fad4becd64806108fcd441df0"},"/home/cormac/Code/HORUS-git/HORUS/server/controllers/tools.js":{"path":"/home/cormac/Code/HORUS-git/HORUS/server/controllers/tools.js","statementMap":{"0":{"start":{"line":1,"column":16},"end":{"line":1,"column":45}},"1":{"start":{"line":4,"column":0},"end":{"line":105,"column":2}},"2":{"start":{"line":5,"column":4},"end":{"line":15,"column":7}},"3":{"start":{"line":7,"column":8},"end":{"line":14,"column":11}},"4":{"start":{"line":9,"column":12},"end":{"line":13,"column":13}},"5":{"start":{"line":10,"column":16},"end":{"line":10,"column":55}},"6":{"start":{"line":12,"column":16},"end":{"line":12,"column":58}},"7":{"start":{"line":17,"column":4},"end":{"line":25,"column":7}},"8":{"start":{"line":18,"column":8},"end":{"line":24,"column":11}},"9":{"start":{"line":19,"column":12},"end":{"line":23,"column":13}},"10":{"start":{"line":20,"column":16},"end":{"line":20,"column":55}},"11":{"start":{"line":22,"column":16},"end":{"line":22,"column":58}},"12":{"start":{"line":27,"column":4},"end":{"line":38,"column":7}},"13":{"start":{"line":28,"column":17},"end":{"line":28,"column":30}},"14":{"start":{"line":30,"column":8},"end":{"line":37,"column":11}},"15":{"start":{"line":32,"column":12},"end":{"line":36,"column":13}},"16":{"start":{"line":33,"column":16},"end":{"line":33,"column":55}},"17":{"start":{"line":35,"column":16},"end":{"line":35,"column":58}},"18":{"start":{"line":40,"column":4},"end":{"line":59,"column":7}},"19":{"start":{"line":41,"column":22},"end":{"line":41,"column":30}},"20":{"start":{"line":42,"column":8},"end":{"line":42,"column":42}},"21":{"start":{"line":44,"column":8},"end":{"line":58,"column":11}},"22":{"start":{"line":45,"column":26},"end":{"line":45,"column":45}},"23":{"start":{"line":46,"column":12},"end":{"line":46,"column":47}},"24":{"start":{"line":47,"column":12},"end":{"line":47,"column":52}},"25":{"start":{"line":48,"column":12},"end":{"line":48,"column":46}},"26":{"start":{"line":49,"column":12},"end":{"line":49,"column":63}},"27":{"start":{"line":51,"column":12},"end":{"line":57,"column":15}},"28":{"start":{"line":52,"column":16},"end":{"line":56,"column":17}},"29":{"start":{"line":53,"column":20},"end":{"line":53,"column":59}},"30":{"start":{"line":55,"column":20},"end":{"line":55,"column":62}},"31":{"start":{"line":61,"column":4},"end":{"line":75,"column":7}},"32":{"start":{"line":62,"column":17},"end":{"line":62,"column":30}},"33":{"start":{"line":64,"column":8},"end":{"line":72,"column":11}},"34":{"start":{"line":66,"column":12},"end":{"line":71,"column":13}},"35":{"start":{"line":67,"column":16},"end":{"line":67,"column":55}},"36":{"start":{"line":69,"column":16},"end":{"line":69,"column":58}},"37":{"start":{"line":77,"column":4},"end":{"line":93,"column":7}},"38":{"start":{"line":78,"column":17},"end":{"line":78,"column":30}},"39":{"start":{"line":79,"column":22},"end":{"line":79,"column":30}},"40":{"start":{"line":80,"column":8},"end":{"line":80,"column":42}},"41":{"start":{"line":81,"column":8},"end":{"line":81,"column":38}},"42":{"start":{"line":83,"column":8},"end":{"line":90,"column":11}},"43":{"start":{"line":84,"column":12},"end":{"line":89,"column":13}},"44":{"start":{"line":85,"column":16},"end":{"line":85,"column":55}},"45":{"start":{"line":88,"column":16},"end":{"line":88,"column":58}},"46":{"start":{"line":95,"column":4},"end":{"line":104,"column":7}},"47":{"start":{"line":97,"column":8},"end":{"line":103,"column":11}},"48":{"start":{"line":98,"column":12},"end":{"line":102,"column":13}},"49":{"start":{"line":99,"column":16},"end":{"line":99,"column":55}},"50":{"start":{"line":101,"column":16},"end":{"line":101,"column":58}}},"fnMap":{"0":{"name":"(anonymous_0)","decl":{"start":{"line":4,"column":17},"end":{"line":4,"column":18}},"loc":{"start":{"line":4,"column":32},"end":{"line":105,"column":1}},"line":4},"1":{"name":"(anonymous_1)","decl":{"start":{"line":5,"column":35},"end":{"line":5,"column":36}},"loc":{"start":{"line":5,"column":55},"end":{"line":15,"column":5}},"line":5},"2":{"name":"(anonymous_2)","decl":{"start":{"line":7,"column":30},"end":{"line":7,"column":31}},"loc":{"start":{"line":7,"column":50},"end":{"line":14,"column":9}},"line":7},"3":{"name":"(anonymous_3)","decl":{"start":{"line":17,"column":48},"end":{"line":17,"column":49}},"loc":{"start":{"line":17,"column":68},"end":{"line":25,"column":5}},"line":17},"4":{"name":"(anonymous_4)","decl":{"start":{"line":18,"column":33},"end":{"line":18,"column":34}},"loc":{"start":{"line":18,"column":53},"end":{"line":24,"column":9}},"line":18},"5":{"name":"(anonymous_5)","decl":{"start":{"line":27,"column":46},"end":{"line":27,"column":47}},"loc":{"start":{"line":27,"column":66},"end":{"line":38,"column":5}},"line":27},"6":{"name":"(anonymous_6)","decl":{"start":{"line":30,"column":34},"end":{"line":30,"column":35}},"loc":{"start":{"line":30,"column":54},"end":{"line":37,"column":9}},"line":30},"7":{"name":"(anonymous_7)","decl":{"start":{"line":40,"column":36},"end":{"line":40,"column":37}},"loc":{"start":{"line":40,"column":56},"end":{"line":59,"column":5}},"line":40},"8":{"name":"(anonymous_8)","decl":{"start":{"line":44,"column":28},"end":{"line":44,"column":29}},"loc":{"start":{"line":44,"column":48},"end":{"line":58,"column":9}},"line":44},"9":{"name":"(anonymous_9)","decl":{"start":{"line":51,"column":39},"end":{"line":51,"column":40}},"loc":{"start":{"line":51,"column":59},"end":{"line":57,"column":13}},"line":51},"10":{"name":"(anonymous_10)","decl":{"start":{"line":61,"column":42},"end":{"line":61,"column":43}},"loc":{"start":{"line":61,"column":62},"end":{"line":75,"column":5}},"line":61},"11":{"name":"(anonymous_11)","decl":{"start":{"line":64,"column":37},"end":{"line":64,"column":38}},"loc":{"start":{"line":64,"column":57},"end":{"line":72,"column":9}},"line":64},"12":{"name":"(anonymous_12)","decl":{"start":{"line":77,"column":39},"end":{"line":77,"column":40}},"loc":{"start":{"line":77,"column":59},"end":{"line":93,"column":5}},"line":77},"13":{"name":"(anonymous_13)","decl":{"start":{"line":83,"column":42},"end":{"line":83,"column":43}},"loc":{"start":{"line":83,"column":62},"end":{"line":90,"column":9}},"line":83},"14":{"name":"(anonymous_14)","decl":{"start":{"line":95,"column":41},"end":{"line":95,"column":42}},"loc":{"start":{"line":95,"column":61},"end":{"line":104,"column":5}},"line":95},"15":{"name":"(anonymous_15)","decl":{"start":{"line":97,"column":28},"end":{"line":97,"column":29}},"loc":{"start":{"line":97,"column":48},"end":{"line":103,"column":9}},"line":97}},"branchMap":{"0":{"loc":{"start":{"line":9,"column":12},"end":{"line":13,"column":13}},"type":"if","locations":[{"start":{"line":9,"column":12},"end":{"line":13,"column":13}},{"start":{"line":9,"column":12},"end":{"line":13,"column":13}}],"line":9},"1":{"loc":{"start":{"line":19,"column":12},"end":{"line":23,"column":13}},"type":"if","locations":[{"start":{"line":19,"column":12},"end":{"line":23,"column":13}},{"start":{"line":19,"column":12},"end":{"line":23,"column":13}}],"line":19},"2":{"loc":{"start":{"line":32,"column":12},"end":{"line":36,"column":13}},"type":"if","locations":[{"start":{"line":32,"column":12},"end":{"line":36,"column":13}},{"start":{"line":32,"column":12},"end":{"line":36,"column":13}}],"line":32},"3":{"loc":{"start":{"line":52,"column":16},"end":{"line":56,"column":17}},"type":"if","locations":[{"start":{"line":52,"column":16},"end":{"line":56,"column":17}},{"start":{"line":52,"column":16},"end":{"line":56,"column":17}}],"line":52},"4":{"loc":{"start":{"line":66,"column":12},"end":{"line":71,"column":13}},"type":"if","locations":[{"start":{"line":66,"column":12},"end":{"line":71,"column":13}},{"start":{"line":66,"column":12},"end":{"line":71,"column":13}}],"line":66},"5":{"loc":{"start":{"line":84,"column":12},"end":{"line":89,"column":13}},"type":"if","locations":[{"start":{"line":84,"column":12},"end":{"line":89,"column":13}},{"start":{"line":84,"column":12},"end":{"line":89,"column":13}}],"line":84},"6":{"loc":{"start":{"line":98,"column":12},"end":{"line":102,"column":13}},"type":"if","locations":[{"start":{"line":98,"column":12},"end":{"line":102,"column":13}},{"start":{"line":98,"column":12},"end":{"line":102,"column":13}}],"line":98}},"s":{"0":1,"1":1,"2":1,"3":3,"4":3,"5":3,"6":0,"7":1,"8":2,"9":2,"10":2,"11":0,"12":1,"13":5,"14":5,"15":5,"16":4,"17":1,"18":1,"19":2,"20":2,"21":2,"22":2,"23":2,"24":2,"25":2,"26":2,"27":2,"28":2,"29":2,"30":0,"31":1,"32":1,"33":1,"34":1,"35":1,"36":0,"37":1,"38":1,"39":1,"40":1,"41":1,"42":1,"43":1,"44":1,"45":0,"46":1,"47":0,"48":0,"49":0,"50":0},"f":{"0":1,"1":3,"2":3,"3":2,"4":2,"5":5,"6":5,"7":2,"8":2,"9":2,"10":1,"11":1,"12":1,"13":1,"14":0,"15":0},"b":{"0":[3,0],"1":[2,0],"2":[4,1],"3":[2,0],"4":[1,0],"5":[1,0],"6":[0,0]},"_coverageSchema":"d34fc3e6b8297bcde183f5492bcb8fcb36775295","hash":"69b5f1c7a7c941b5e5560ec5cdb00e47266da596"},"/home/cormac/Code/HORUS-git/HORUS/server/models/tools.js":{"path":"/home/cormac/Code/HORUS-git/HORUS/server/models/tools.js","statementMap":{"0":{"start":{"line":1,"column":9},"end":{"line":1,"column":25}},"1":{"start":{"line":4,"column":0},"end":{"line":28,"column":2}},"2":{"start":{"line":6,"column":4},"end":{"line":27,"column":7}},"3":{"start":{"line":9,"column":22},"end":{"line":12,"column":9}},"4":{"start":{"line":13,"column":8},"end":{"line":25,"column":9}},"5":{"start":{"line":15,"column":12},"end":{"line":18,"column":14}},"6":{"start":{"line":21,"column":12},"end":{"line":24,"column":14}},"7":{"start":{"line":26,"column":8},"end":{"line":26,"column":26}},"8":{"start":{"line":31,"column":0},"end":{"line":54,"column":2}},"9":{"start":{"line":32,"column":4},"end":{"line":32,"column":36}},"10":{"start":{"line":33,"column":4},"end":{"line":53,"column":7}},"11":{"start":{"line":34,"column":8},"end":{"line":34,"column":25}},"12":{"start":{"line":35,"column":22},"end":{"line":38,"column":9}},"13":{"start":{"line":39,"column":8},"end":{"line":51,"column":9}},"14":{"start":{"line":41,"column":12},"end":{"line":44,"column":14}},"15":{"start":{"line":47,"column":12},"end":{"line":50,"column":14}},"16":{"start":{"line":52,"column":8},"end":{"line":52,"column":26}},"17":{"start":{"line":57,"column":0},"end":{"line":81,"column":2}},"18":{"start":{"line":59,"column":4},"end":{"line":80,"column":7}},"19":{"start":{"line":62,"column":22},"end":{"line":65,"column":9}},"20":{"start":{"line":66,"column":8},"end":{"line":78,"column":9}},"21":{"start":{"line":68,"column":12},"end":{"line":71,"column":14}},"22":{"start":{"line":74,"column":12},"end":{"line":77,"column":14}},"23":{"start":{"line":79,"column":8},"end":{"line":79,"column":26}},"24":{"start":{"line":85,"column":0},"end":{"line":110,"column":2}},"25":{"start":{"line":87,"column":21},"end":{"line":87,"column":37}},"26":{"start":{"line":89,"column":4},"end":{"line":109,"column":7}},"27":{"start":{"line":91,"column":22},"end":{"line":94,"column":9}},"28":{"start":{"line":95,"column":8},"end":{"line":107,"column":9}},"29":{"start":{"line":97,"column":12},"end":{"line":100,"column":14}},"30":{"start":{"line":103,"column":12},"end":{"line":106,"column":14}},"31":{"start":{"line":108,"column":8},"end":{"line":108,"column":26}},"32":{"start":{"line":114,"column":0},"end":{"line":140,"column":2}},"33":{"start":{"line":116,"column":4},"end":{"line":139,"column":7}},"34":{"start":{"line":119,"column":22},"end":{"line":122,"column":9}},"35":{"start":{"line":123,"column":8},"end":{"line":137,"column":9}},"36":{"start":{"line":125,"column":12},"end":{"line":128,"column":14}},"37":{"start":{"line":131,"column":12},"end":{"line":134,"column":14}},"38":{"start":{"line":138,"column":8},"end":{"line":138,"column":26}},"39":{"start":{"line":143,"column":0},"end":{"line":169,"column":2}},"40":{"start":{"line":145,"column":4},"end":{"line":168,"column":7}},"41":{"start":{"line":148,"column":22},"end":{"line":151,"column":9}},"42":{"start":{"line":152,"column":8},"end":{"line":166,"column":9}},"43":{"start":{"line":154,"column":12},"end":{"line":157,"column":14}},"44":{"start":{"line":160,"column":12},"end":{"line":163,"column":14}},"45":{"start":{"line":165,"column":12},"end":{"line":165,"column":65}},"46":{"start":{"line":167,"column":8},"end":{"line":167,"column":26}},"47":{"start":{"line":171,"column":0},"end":{"line":203,"column":2}},"48":{"start":{"line":173,"column":18},"end":{"line":173,"column":22}},"49":{"start":{"line":175,"column":4},"end":{"line":202,"column":7}},"50":{"start":{"line":184,"column":22},"end":{"line":187,"column":9}},"51":{"start":{"line":188,"column":8},"end":{"line":200,"column":9}},"52":{"start":{"line":190,"column":12},"end":{"line":193,"column":14}},"53":{"start":{"line":196,"column":12},"end":{"line":199,"column":14}},"54":{"start":{"line":201,"column":8},"end":{"line":201,"column":26}}},"fnMap":{"0":{"name":"(anonymous_0)","decl":{"start":{"line":4,"column":22},"end":{"line":4,"column":23}},"loc":{"start":{"line":4,"column":46},"end":{"line":28,"column":1}},"line":4},"1":{"name":"(anonymous_1)","decl":{"start":{"line":6,"column":68},"end":{"line":6,"column":69}},"loc":{"start":{"line":6,"column":94},"end":{"line":27,"column":5}},"line":6},"2":{"name":"(anonymous_2)","decl":{"start":{"line":31,"column":22},"end":{"line":31,"column":23}},"loc":{"start":{"line":31,"column":42},"end":{"line":54,"column":1}},"line":31},"3":{"name":"(anonymous_3)","decl":{"start":{"line":33,"column":46},"end":{"line":33,"column":47}},"loc":{"start":{"line":33,"column":77},"end":{"line":53,"column":5}},"line":33},"4":{"name":"(anonymous_4)","decl":{"start":{"line":57,"column":25},"end":{"line":57,"column":26}},"loc":{"start":{"line":57,"column":45},"end":{"line":81,"column":1}},"line":57},"5":{"name":"(anonymous_5)","decl":{"start":{"line":59,"column":76},"end":{"line":59,"column":77}},"loc":{"start":{"line":59,"column":102},"end":{"line":80,"column":5}},"line":59},"6":{"name":"(anonymous_6)","decl":{"start":{"line":85,"column":18},"end":{"line":85,"column":19}},"loc":{"start":{"line":85,"column":44},"end":{"line":110,"column":1}},"line":85},"7":{"name":"(anonymous_7)","decl":{"start":{"line":89,"column":293},"end":{"line":89,"column":294}},"loc":{"start":{"line":89,"column":319},"end":{"line":109,"column":5}},"line":89},"8":{"name":"(anonymous_8)","decl":{"start":{"line":114,"column":25},"end":{"line":114,"column":26}},"loc":{"start":{"line":114,"column":49},"end":{"line":140,"column":1}},"line":114},"9":{"name":"(anonymous_9)","decl":{"start":{"line":116,"column":66},"end":{"line":116,"column":67}},"loc":{"start":{"line":116,"column":92},"end":{"line":139,"column":5}},"line":116},"10":{"name":"(anonymous_10)","decl":{"start":{"line":143,"column":20},"end":{"line":143,"column":21}},"loc":{"start":{"line":143,"column":40},"end":{"line":169,"column":1}},"line":143},"11":{"name":"(anonymous_11)","decl":{"start":{"line":145,"column":66},"end":{"line":145,"column":67}},"loc":{"start":{"line":145,"column":92},"end":{"line":168,"column":5}},"line":145},"12":{"name":"(anonymous_12)","decl":{"start":{"line":171,"column":21},"end":{"line":171,"column":22}},"loc":{"start":{"line":171,"column":51},"end":{"line":203,"column":1}},"line":171},"13":{"name":"(anonymous_13)","decl":{"start":{"line":182,"column":35},"end":{"line":182,"column":36}},"loc":{"start":{"line":182,"column":61},"end":{"line":202,"column":5}},"line":182}},"branchMap":{"0":{"loc":{"start":{"line":13,"column":8},"end":{"line":25,"column":9}},"type":"if","locations":[{"start":{"line":13,"column":8},"end":{"line":25,"column":9}},{"start":{"line":13,"column":8},"end":{"line":25,"column":9}}],"line":13},"1":{"loc":{"start":{"line":39,"column":8},"end":{"line":51,"column":9}},"type":"if","locations":[{"start":{"line":39,"column":8},"end":{"line":51,"column":9}},{"start":{"line":39,"column":8},"end":{"line":51,"column":9}}],"line":39},"2":{"loc":{"start":{"line":66,"column":8},"end":{"line":78,"column":9}},"type":"if","locations":[{"start":{"line":66,"column":8},"end":{"line":78,"column":9}},{"start":{"line":66,"column":8},"end":{"line":78,"column":9}}],"line":66},"3":{"loc":{"start":{"line":95,"column":8},"end":{"line":107,"column":9}},"type":"if","locations":[{"start":{"line":95,"column":8},"end":{"line":107,"column":9}},{"start":{"line":95,"column":8},"end":{"line":107,"column":9}}],"line":95},"4":{"loc":{"start":{"line":123,"column":8},"end":{"line":137,"column":9}},"type":"if","locations":[{"start":{"line":123,"column":8},"end":{"line":137,"column":9}},{"start":{"line":123,"column":8},"end":{"line":137,"column":9}}],"line":123},"5":{"loc":{"start":{"line":152,"column":8},"end":{"line":166,"column":9}},"type":"if","locations":[{"start":{"line":152,"column":8},"end":{"line":166,"column":9}},{"start":{"line":152,"column":8},"end":{"line":166,"column":9}}],"line":152},"6":{"loc":{"start":{"line":188,"column":8},"end":{"line":200,"column":9}},"type":"if","locations":[{"start":{"line":188,"column":8},"end":{"line":200,"column":9}},{"start":{"line":188,"column":8},"end":{"line":200,"column":9}}],"line":188}},"s":{"0":1,"1":1,"2":5,"3":5,"4":5,"5":1,"6":4,"7":5,"8":1,"9":3,"10":3,"11":3,"12":3,"13":3,"14":0,"15":3,"16":3,"17":1,"18":2,"19":2,"20":2,"21":0,"22":2,"23":2,"24":1,"25":2,"26":2,"27":2,"28":2,"29":0,"30":2,"31":2,"32":1,"33":1,"34":1,"35":1,"36":0,"37":1,"38":1,"39":1,"40":2,"41":2,"42":2,"43":0,"44":2,"45":2,"46":2,"47":1,"48":1,"49":1,"50":1,"51":1,"52":0,"53":1,"54":1},"f":{"0":5,"1":5,"2":3,"3":3,"4":2,"5":2,"6":2,"7":2,"8":1,"9":1,"10":2,"11":2,"12":1,"13":1},"b":{"0":[1,4],"1":[0,3],"2":[0,2],"3":[0,2],"4":[0,1],"5":[0,2],"6":[0,1]},"_coverageSchema":"d34fc3e6b8297bcde183f5492bcb8fcb36775295","hash":"ae8605876d1e499bdcd6709578411519b0c97065"},"/home/cormac/Code/HORUS-git/HORUS/server/controllers/auth.js":{"path":"/home/cormac/Code/HORUS-git/HORUS/server/controllers/auth.js","statementMap":{"0":{"start":{"line":1,"column":16},"end":{"line":1,"column":44}},"1":{"start":{"line":4,"column":0},"end":{"line":108,"column":1}},"2":{"start":{"line":6,"column":4},"end":{"line":51,"column":7}},"3":{"start":{"line":8,"column":19},"end":{"line":8,"column":27}},"4":{"start":{"line":9,"column":25},"end":{"line":9,"column":42}},"5":{"start":{"line":10,"column":8},"end":{"line":10,"column":52}},"6":{"start":{"line":12,"column":8},"end":{"line":48,"column":11}},"7":{"start":{"line":21,"column":12},"end":{"line":47,"column":13}},"8":{"start":{"line":22,"column":16},"end":{"line":38,"column":17}},"9":{"start":{"line":23,"column":20},"end":{"line":23,"column":47}},"10":{"start":{"line":24,"column":34},"end":{"line":24,"column":36}},"11":{"start":{"line":25,"column":20},"end":{"line":32,"column":23}},"12":{"start":{"line":26,"column":24},"end":{"line":31,"column":27}},"13":{"start":{"line":28,"column":28},"end":{"line":28,"column":58}},"14":{"start":{"line":30,"column":28},"end":{"line":30,"column":58}},"15":{"start":{"line":33,"column":23},"end":{"line":38,"column":17}},"16":{"start":{"line":34,"column":20},"end":{"line":34,"column":46}},"17":{"start":{"line":35,"column":20},"end":{"line":35,"column":75}},"18":{"start":{"line":37,"column":20},"end":{"line":37,"column":57}},"19":{"start":{"line":46,"column":16},"end":{"line":46,"column":53}},"20":{"start":{"line":53,"column":4},"end":{"line":64,"column":7}},"21":{"start":{"line":54,"column":17},"end":{"line":54,"column":30}},"22":{"start":{"line":56,"column":8},"end":{"line":63,"column":11}},"23":{"start":{"line":58,"column":12},"end":{"line":62,"column":13}},"24":{"start":{"line":59,"column":16},"end":{"line":59,"column":55}},"25":{"start":{"line":61,"column":16},"end":{"line":61,"column":58}},"26":{"start":{"line":66,"column":4},"end":{"line":79,"column":7}},"27":{"start":{"line":67,"column":22},"end":{"line":67,"column":30}},"28":{"start":{"line":69,"column":8},"end":{"line":76,"column":11}},"29":{"start":{"line":71,"column":12},"end":{"line":75,"column":13}},"30":{"start":{"line":72,"column":16},"end":{"line":72,"column":55}},"31":{"start":{"line":74,"column":16},"end":{"line":74,"column":53}},"32":{"start":{"line":81,"column":4},"end":{"line":94,"column":7}},"33":{"start":{"line":82,"column":17},"end":{"line":82,"column":30}},"34":{"start":{"line":84,"column":8},"end":{"line":91,"column":11}},"35":{"start":{"line":86,"column":12},"end":{"line":90,"column":13}},"36":{"start":{"line":87,"column":16},"end":{"line":87,"column":55}},"37":{"start":{"line":89,"column":16},"end":{"line":89,"column":58}},"38":{"start":{"line":97,"column":4},"end":{"line":106,"column":7}},"39":{"start":{"line":99,"column":8},"end":{"line":99,"column":65}},"40":{"start":{"line":101,"column":8},"end":{"line":101,"column":61}}},"fnMap":{"0":{"name":"(anonymous_0)","decl":{"start":{"line":4,"column":17},"end":{"line":4,"column":18}},"loc":{"start":{"line":4,"column":32},"end":{"line":108,"column":1}},"line":4},"1":{"name":"(anonymous_1)","decl":{"start":{"line":6,"column":28},"end":{"line":6,"column":29}},"loc":{"start":{"line":6,"column":48},"end":{"line":51,"column":5}},"line":6},"2":{"name":"(anonymous_2)","decl":{"start":{"line":12,"column":55},"end":{"line":12,"column":56}},"loc":{"start":{"line":12,"column":75},"end":{"line":48,"column":9}},"line":12},"3":{"name":"(anonymous_3)","decl":{"start":{"line":25,"column":55},"end":{"line":25,"column":56}},"loc":{"start":{"line":25,"column":73},"end":{"line":32,"column":21}},"line":25},"4":{"name":"(anonymous_4)","decl":{"start":{"line":26,"column":67},"end":{"line":26,"column":68}},"loc":{"start":{"line":26,"column":87},"end":{"line":31,"column":25}},"line":26},"5":{"name":"(anonymous_5)","decl":{"start":{"line":53,"column":31},"end":{"line":53,"column":32}},"loc":{"start":{"line":53,"column":51},"end":{"line":64,"column":5}},"line":53},"6":{"name":"(anonymous_6)","decl":{"start":{"line":56,"column":34},"end":{"line":56,"column":35}},"loc":{"start":{"line":56,"column":54},"end":{"line":63,"column":9}},"line":56},"7":{"name":"(anonymous_7)","decl":{"start":{"line":66,"column":28},"end":{"line":66,"column":29}},"loc":{"start":{"line":66,"column":48},"end":{"line":79,"column":5}},"line":66},"8":{"name":"(anonymous_8)","decl":{"start":{"line":69,"column":51},"end":{"line":69,"column":52}},"loc":{"start":{"line":69,"column":71},"end":{"line":76,"column":9}},"line":69},"9":{"name":"(anonymous_9)","decl":{"start":{"line":81,"column":34},"end":{"line":81,"column":35}},"loc":{"start":{"line":81,"column":54},"end":{"line":94,"column":5}},"line":81},"10":{"name":"(anonymous_10)","decl":{"start":{"line":84,"column":37},"end":{"line":84,"column":38}},"loc":{"start":{"line":84,"column":57},"end":{"line":91,"column":9}},"line":84},"11":{"name":"(anonymous_11)","decl":{"start":{"line":97,"column":34},"end":{"line":97,"column":35}},"loc":{"start":{"line":97,"column":60},"end":{"line":106,"column":5}},"line":97}},"branchMap":{"0":{"loc":{"start":{"line":21,"column":12},"end":{"line":47,"column":13}},"type":"if","locations":[{"start":{"line":21,"column":12},"end":{"line":47,"column":13}},{"start":{"line":21,"column":12},"end":{"line":47,"column":13}}],"line":21},"1":{"loc":{"start":{"line":22,"column":16},"end":{"line":38,"column":17}},"type":"if","locations":[{"start":{"line":22,"column":16},"end":{"line":38,"column":17}},{"start":{"line":22,"column":16},"end":{"line":38,"column":17}}],"line":22},"2":{"loc":{"start":{"line":33,"column":23},"end":{"line":38,"column":17}},"type":"if","locations":[{"start":{"line":33,"column":23},"end":{"line":38,"column":17}},{"start":{"line":33,"column":23},"end":{"line":38,"column":17}}],"line":33},"3":{"loc":{"start":{"line":58,"column":12},"end":{"line":62,"column":13}},"type":"if","locations":[{"start":{"line":58,"column":12},"end":{"line":62,"column":13}},{"start":{"line":58,"column":12},"end":{"line":62,"column":13}}],"line":58},"4":{"loc":{"start":{"line":71,"column":12},"end":{"line":75,"column":13}},"type":"if","locations":[{"start":{"line":71,"column":12},"end":{"line":75,"column":13}},{"start":{"line":71,"column":12},"end":{"line":75,"column":13}}],"line":71},"5":{"loc":{"start":{"line":86,"column":12},"end":{"line":90,"column":13}},"type":"if","locations":[{"start":{"line":86,"column":12},"end":{"line":90,"column":13}},{"start":{"line":86,"column":12},"end":{"line":90,"column":13}}],"line":86}},"s":{"0":1,"1":1,"2":1,"3":0,"4":0,"5":0,"6":0,"7":0,"8":0,"9":0,"10":0,"11":0,"12":0,"13":0,"14":0,"15":0,"16":0,"17":0,"18":0,"19":0,"20":1,"21":0,"22":0,"23":0,"24":0,"25":0,"26":1,"27":0,"28":0,"29":0,"30":0,"31":0,"32":1,"33":0,"34":0,"35":0,"36":0,"37":0,"38":1,"39":0,"40":0},"f":{"0":1,"1":0,"2":0,"3":0,"4":0,"5":0,"6":0,"7":0,"8":0,"9":0,"10":0,"11":0},"b":{"0":[0,0],"1":[0,0],"2":[0,0],"3":[0,0],"4":[0,0],"5":[0,0]},"_coverageSchema":"d34fc3e6b8297bcde183f5492bcb8fcb36775295","hash":"c27eed577bdd5c326fa946cdf9e96912d8011a0a"},"/home/cormac/Code/HORUS-git/HORUS/server/models/auth.js":{"path":"/home/cormac/Code/HORUS-git/HORUS/server/models/auth.js","statementMap":{"0":{"start":{"line":1,"column":9},"end":{"line":1,"column":25}},"1":{"start":{"line":2,"column":13},"end":{"line":2,"column":30}},"2":{"start":{"line":5,"column":0},"end":{"line":37,"column":2}},"3":{"start":{"line":6,"column":4},"end":{"line":6,"column":41}},"4":{"start":{"line":7,"column":4},"end":{"line":36,"column":7}},"5":{"start":{"line":10,"column":22},"end":{"line":13,"column":9}},"6":{"start":{"line":14,"column":8},"end":{"line":34,"column":9}},"7":{"start":{"line":16,"column":12},"end":{"line":19,"column":14}},"8":{"start":{"line":21,"column":12},"end":{"line":32,"column":13}},"9":{"start":{"line":22,"column":16},"end":{"line":25,"column":18}},"10":{"start":{"line":27,"column":16},"end":{"line":31,"column":18}},"11":{"start":{"line":35,"column":8},"end":{"line":35,"column":26}},"12":{"start":{"line":39,"column":0},"end":{"line":63,"column":2}},"13":{"start":{"line":40,"column":4},"end":{"line":40,"column":41}},"14":{"start":{"line":41,"column":4},"end":{"line":62,"column":7}},"15":{"start":{"line":44,"column":22},"end":{"line":47,"column":9}},"16":{"start":{"line":48,"column":8},"end":{"line":60,"column":9}},"17":{"start":{"line":50,"column":12},"end":{"line":53,"column":14}},"18":{"start":{"line":56,"column":12},"end":{"line":59,"column":14}},"19":{"start":{"line":61,"column":8},"end":{"line":61,"column":26}},"20":{"start":{"line":65,"column":0},"end":{"line":92,"column":2}},"21":{"start":{"line":66,"column":4},"end":{"line":66,"column":41}},"22":{"start":{"line":67,"column":4},"end":{"line":91,"column":7}},"23":{"start":{"line":70,"column":22},"end":{"line":73,"column":9}},"24":{"start":{"line":74,"column":8},"end":{"line":89,"column":9}},"25":{"start":{"line":76,"column":12},"end":{"line":79,"column":14}},"26":{"start":{"line":82,"column":12},"end":{"line":84,"column":15}},"27":{"start":{"line":83,"column":16},"end":{"line":83,"column":50}},"28":{"start":{"line":85,"column":12},"end":{"line":88,"column":14}},"29":{"start":{"line":90,"column":8},"end":{"line":90,"column":26}},"30":{"start":{"line":94,"column":0},"end":{"line":117,"column":2}},"31":{"start":{"line":95,"column":4},"end":{"line":95,"column":41}},"32":{"start":{"line":96,"column":4},"end":{"line":116,"column":7}},"33":{"start":{"line":99,"column":22},"end":{"line":102,"column":9}},"34":{"start":{"line":103,"column":8},"end":{"line":114,"column":9}},"35":{"start":{"line":105,"column":12},"end":{"line":108,"column":14}},"36":{"start":{"line":110,"column":12},"end":{"line":113,"column":14}},"37":{"start":{"line":115,"column":8},"end":{"line":115,"column":26}},"38":{"start":{"line":119,"column":0},"end":{"line":142,"column":2}},"39":{"st
[...]
,"15":{"start":{"line":34,"column":8},"end":{"line":40,"column":11}},"16":{"start":{"line":35,"column":12},"end":{"line":39,"column":13}},"17":{"start":{"line":36,"column":16},"end":{"line":36,"column":55}},"18":{"start":{"line":38,"column":16},"end":{"line":38,"column":53}},"19":{"start":{"line":43,"column":4},"end":{"line":58,"column":7}},"20":{"start":{"line":45,"column":17},"end":{"line":45,"column":30}},"21":{"start":{"line":46,"column":22},"end":{"line":46,"column":30}},"22":{"start":{"line":48,"column":8},"end":{"line":57,"column":11}},"23":{"start":{"line":50,"column":12},"end":{"line":56,"column":13}},"24":{"start":{"line":51,"column":16},"end":{"line":51,"column":55}},"25":{"start":{"line":55,"column":16},"end":{"line":55,"column":53}},"26":{"start":{"line":60,"column":4},"end":{"line":78,"column":7}},"27":{"start":{"line":62,"column":8},"end":{"line":62,"column":48}},"28":{"start":{"line":64,"column":24},"end":{"line":64,"column":44}},"29":{"start":{"line":65,"column":24},"end":{"line":65,"column":44}},"30":{"start":{"line":68,"column":8},"end":{"line":77,"column":11}},"31":{"start":{"line":70,"column":12},"end":{"line":76,"column":13}},"32":{"start":{"line":71,"column":16},"end":{"line":71,"column":55}},"33":{"start":{"line":75,"column":16},"end":{"line":75,"column":53}},"34":{"start":{"line":80,"column":4},"end":{"line":97,"column":7}},"35":{"start":{"line":82,"column":8},"end":{"line":82,"column":48}},"36":{"start":{"line":84,"column":24},"end":{"line":84,"column":44}},"37":{"start":{"line":85,"column":24},"end":{"line":85,"column":44}},"38":{"start":{"line":87,"column":8},"end":{"line":96,"column":11}},"39":{"start":{"line":89,"column":12},"end":{"line":95,"column":13}},"40":{"start":{"line":90,"column":16},"end":{"line":90,"column":55}},"41":{"start":{"line":94,"column":16},"end":{"line":94,"column":53}}},"fnMap":{"0":{"name":"(anonymous_0)","decl":{"start":{"line":4,"column":17},"end":{"line":4,"column":18}},"loc":{"start":{"line":4,"column":32},"end":{"line":99,"column":1}},"line":4},"1":{"name":"(anonymous_1)","decl":{"start":{"line":5,"column":30},"end":{"line":5,"column":31}},"loc":{"start":{"line":5,"column":50},"end":{"line":15,"column":5}},"line":5},"2":{"name":"(anonymous_2)","decl":{"start":{"line":7,"column":36},"end":{"line":7,"column":37}},"loc":{"start":{"line":7,"column":56},"end":{"line":14,"column":9}},"line":7},"3":{"name":"(anonymous_3)","decl":{"start":{"line":17,"column":40},"end":{"line":17,"column":41}},"loc":{"start":{"line":17,"column":60},"end":{"line":28,"column":5}},"line":17},"4":{"name":"(anonymous_4)","decl":{"start":{"line":20,"column":40},"end":{"line":20,"column":41}},"loc":{"start":{"line":20,"column":60},"end":{"line":27,"column":9}},"line":20},"5":{"name":"(anonymous_5)","decl":{"start":{"line":31,"column":31},"end":{"line":31,"column":32}},"loc":{"start":{"line":31,"column":51},"end":{"line":41,"column":5}},"line":31},"6":{"name":"(anonymous_6)","decl":{"start":{"line":34,"column":60},"end":{"line":34,"column":61}},"loc":{"start":{"line":34,"column":80},"end":{"line":40,"column":9}},"line":34},"7":{"name":"(anonymous_7)","decl":{"start":{"line":43,"column":40},"end":{"line":43,"column":41}},"loc":{"start":{"line":43,"column":60},"end":{"line":58,"column":5}},"line":43},"8":{"name":"(anonymous_8)","decl":{"start":{"line":48,"column":46},"end":{"line":48,"column":47}},"loc":{"start":{"line":48,"column":66},"end":{"line":57,"column":9}},"line":48},"9":{"name":"(anonymous_9)","decl":{"start":{"line":60,"column":72},"end":{"line":60,"column":73}},"loc":{"start":{"line":60,"column":92},"end":{"line":78,"column":5}},"line":60},"10":{"name":"(anonymous_10)","decl":{"start":{"line":68,"column":57},"end":{"line":68,"column":58}},"loc":{"start":{"line":68,"column":77},"end":{"line":77,"column":9}},"line":68},"11":{"name":"(anonymous_11)","decl":{"start":{"line":80,"column":75},"end":{"line":80,"column":76}},"loc":{"start":{"line":80,"column":95},"end":{"line":97,"column":5}},"line":80},"12":{"name":"(anonymous_12)","decl":{"start":{"line":87,"column":57},"end":{"line":87,"column":58}},"loc":{"start":{"line":87,"column":77},"end":{"line":96,"column":9}},"line":87}},"branchMap":{"0":{"loc":{"start":{"line":9,"column":12},"end":{"line":13,"column":13}},"type":"if","locations":[{"start":{"line":9,"column":12},"end":{"line":13,"column":13}},{"start":{"line":9,"column":12},"end":{"line":13,"column":13}}],"line":9},"1":{"loc":{"start":{"line":22,"column":12},"end":{"line":26,"column":13}},"type":"if","locations":[{"start":{"line":22,"column":12},"end":{"line":26,"column":13}},{"start":{"line":22,"column":12},"end":{"line":26,"column":13}}],"line":22},"2":{"loc":{"start":{"line":35,"column":12},"end":{"line":39,"column":13}},"type":"if","locations":[{"start":{"line":35,"column":12},"end":{"line":39,"column":13}},{"start":{"line":35,"column":12},"end":{"line":39,"column":13}}],"line":35},"3":{"loc":{"start":{"line":50,"column":12},"end":{"line":56,"column":13}},"type":"if","locations":[{"start":{"line":50,"column":12},"end":{"line":56,"column":13}},{"start":{"line":50,"column":12},"end":{"line":56,"column":13}}],"line":50},"4":{"loc":{"start":{"line":70,"column":12},"end":{"line":76,"column":13}},"type":"if","locations":[{"start":{"line":70,"column":12},"end":{"line":76,"column":13}},{"start":{"line":70,"column":12},"end":{"line":76,"column":13}}],"line":70},"5":{"loc":{"start":{"line":89,"column":12},"end":{"line":95,"column":13}},"type":"if","locations":[{"start":{"line":89,"column":12},"end":{"line":95,"column":13}},{"start":{"line":89,"column":12},"end":{"line":95,"column":13}}],"line":89}},"s":{"0":1,"1":1,"2":1,"3":0,"4":0,"5":0,"6":0,"7":1,"8":0,"9":0,"10":0,"11":0,"12":0,"13":1,"14":0,"15":0,"16":0,"17":0,"18":0,"19":1,"20":0,"21":0,"22":0,"23":0,"24":0,"25":0,"26":1,"27":0,"28":0,"29":0,"30":0,"31":0,"32":0,"33":0,"34":1,"35":0,"36":0,"37":0,"38":0,"39":0,"40":0,"41":0},"f":{"0":1,"1":0,"2":0,"3":0,"4":0,"5":0,"6":0,"7":0,"8":0,"9":0,"10":0,"11":0,"12":0},"b":{"0":[0,0],"1":[0,0],"2":[0,0],"3":[0,0],"4":[0,0],"5":[0,0]},"_coverageSchema":"d34fc3e6b8297bcde183f5492bcb8fcb36775295","hash":"500d72948af82e3341bd55b7503e0a7dce22e917"},"/home/cormac/Code/HORUS-git/HORUS/server/models/visitors.js":{"path":"/home/cormac/Code/HORUS-git/HORUS/server/models/visitors.js","statementMap":{"0":{"start":{"line":1,"column":9},"end":{"line":1,"column":25}},"1":{"start":{"line":4,"column":0},"end":{"line":28,"column":2}},"2":{"start":{"line":6,"column":4},"end":{"line":27,"column":7}},"3":{"start":{"line":9,"column":22},"end":{"line":12,"column":9}},"4":{"start":{"line":13,"column":8},"end":{"line":25,"column":9}},"5":{"start":{"line":15,"column":12},"end":{"line":18,"column":14}},"6":{"start":{"line":21,"column":12},"end":{"line":24,"column":14}},"7":{"start":{"line":26,"column":8},"end":{"line":26,"column":26}},"8":{"start":{"line":31,"column":0},"end":{"line":53,"column":2}},"9":{"start":{"line":32,"column":4},"end":{"line":52,"column":7}},"10":{"start":{"line":33,"column":8},"end":{"line":33,"column":25}},"11":{"start":{"line":34,"column":22},"end":{"line":37,"column":9}},"12":{"start":{"line":38,"column":8},"end":{"line":50,"column":9}},"13":{"start":{"line":40,"column":12},"end":{"line":43,"column":14}},"14":{"start":{"line":46,"column":12},"end":{"line":49,"column":14}},"15":{"start":{"line":51,"column":8},"end":{"line":51,"column":26}},"16":{"start":{"line":56,"column":0},"end":{"line":90,"column":2}},"17":{"start":{"line":57,"column":24},"end":{"line":57,"column":43}},"18":{"start":{"line":59,"column":4},"end":{"line":89,"column":7}},"19":{"start":{"line":71,"column":22},"end":{"line":74,"column":9}},"20":{"start":{"line":75,"column":8},"end":{"line":87,"column":9}},"21":{"start":{"line":76,"column":12},"end":{"line":76,"column":31}},"22":{"start":{"line":77,"column":12},"end":{"line":80,"column":14}},"23":{"start":{"line":82,"column":12},"end":{"line":82,"column":33}},"24":{"start":{"line":83,"column":12},"end":{"line":86,"column":14}},"25":{"start":{"line":88,"column":8},"end":{"line":88,"column":26}},"26":{"start":{"line":92,"column":0},"end":{"line":133,"column":2}},"27":{"start":{"line":94,"column":4},"end":{"line":94,"column":53}},"28":{"start":{"line":95,"column":24},"end":{"line":95,"column":31}},"29":{"start":{"line":97,"column":4},"end":{"line":130,"column":7}},"30":{"start":{"line":112,"column":22},"end":{"line":115,"column":9}},"31":{"start":{"line":116,"column":8},"end":{"line":128,"column":9}},"32":{"start":{"line":117,"column":12},"end":{"line":117,"column":31}},"33":{"start":{"line":118,"column":12},"end":{"line":121,"column":14}},"34":{"start":{"line":123,"column":12},"end":{"line":123,"column":33}},"35":{"start":{"line":124,"column":12},"end":{"line":127,"column":14}},"36":{"start":{"line":129,"column":8},"end":{"line":129,"column":26}},"37":{"start":{"line":135,"column":0},"end":{"line":181,"column":2}},"38":{"start":{"line":137,"column":4},"end":{"line":137,"column":57}},"39":{"start":{"line":139,"column":4},"end":{"line":180,"column":7}},"40":{"start":{"line":145,"column":22},"end":{"line":148,"column":9}},"41":{"start":{"line":149,"column":8},"end":{"line":179,"column":9}},"42":{"start":{"line":150,"column":12},"end":{"line":150,"column":31}},"43":{"start":{"line":151,"column":12},"end":{"line":154,"column":14}},"44":{"start":{"line":156,"column":12},"end":{"line":178,"column":15}},"45":{"start":{"line":160,"column":30},"end":{"line":163,"column":17}},"46":{"start":{"line":164,"column":16},"end":{"line":176,"column":17}},"47":{"start":{"line":165,"column":20},"end":{"line":165,"column":39}},"48":{"start":{"line":166,"column":20},"end":{"line":169,"column":22}},"49":{"start":{"line":171,"column":20},"end":{"line":171,"column":41}},"50":{"start":{"line":172,"column":20},"end":{"line":175,"column":22}},"51":{"start":{"line":177,"column":16},"end":{"line":177,"column":34}},"52":{"start":{"line":184,"column":0},"end":{"line":229,"column":2}},"53":{"start":{"line":186,"column":4},"end":{"line":186,"column":57}},"54":{"start":{"line":188,"column":4},"end":{"line":228,"column":7}},"55":{"start":{"line":193,"column":22},"end":{"line":196,"column":9}},"56":{"start":{"line":197,"column":8},"end":{"line":227,"column":9}},"57":{"start":{"line":198,"column":12},"end":{"line":198,"column":31}},"58":{"start":{"line":199,"column":12},"end":{"line":202,"column":14}},"59":{"start":{"line":204,"column":12},"end":{"line":226,"column":15}},"60":{"start":{"line":208,"column":30},"end":{"line":211,"column":17}},"61":{"start":{"line":212,"column":16},"end":{"line":224,"column":17}},"62":{"start":{"line":213,"column":20},"end":{"line":213,"column":39}},"63":{"start":{"line":214,"column":20},"end":{"line":217,"column":22}},"64":{"start":{"line":219,"column":20},"end":{"line":219,"column":41}},"65":{"start":{"line":220,"column":20},"end":{"line":223,"column":22}},"66":{"start":{"line":225,"column":16},"end":{"line":225,"column":34}}},"fnMap":{"0":{"name":"(anonymous_0)","decl":{"start":{"line":4,"column":25},"end":{"line":4,"column":26}},"loc":{"start":{"line":4,"column":49},"end":{"line":28,"column":1}},"line":4},"1":{"name":"(anonymous_1)","decl":{"start":{"line":6,"column":62},"end":{"line":6,"column":63}},"loc":{"start":{"line":6,"column":88},"end":{"line":27,"column":5}},"line":6},"2":{"name":"(anonymous_2)","decl":{"start":{"line":31,"column":25},"end":{"line":31,"column":26}},"loc":{"start":{"line":31,"column":45},"end":{"line":53,"column":1}},"line":31},"3":{"name":"(anonymous_3)","decl":{"start":{"line":32,"column":40},"end":{"line":32,"column":41}},"loc":{"start":{"line":32,"column":71},"end":{"line":52,"column":5}},"line":32},"4":{"name":"(anonymous_4)","decl":{"start":{"line":56,"column":21},"end":{"line":56,"column":22}},"loc":{"start":{"line":56,"column":50},"end":{"line":90,"column":1}},"line":56},"5":{"name":"(anonymous_5)","decl":{"start":{"line":70,"column":44},"end":{"line":70,"column":45}},"loc":{"start":{"line":70,"column":70},"end":{"line":89,"column":5}},"line":70},"6":{"name":"(anonymous_6)","decl":{"start":{"line":92,"column":22},"end":{"line":92,"column":23}},"loc":{"start":{"line":92,"column":55},"end":{"line":133,"column":1}},"line":92},"7":{"name":"(anonymous_7)","decl":{"start":{"line":109,"column":35},"end":{"line":109,"column":36}},"loc":{"start":{"line":109,"column":61},"end":{"line":130,"column":5}},"line":109},"8":{"name":"(anonymous_8)","decl":{"start":{"line":135,"column":24},"end":{"line":135,"column":25}},"loc":{"start":{"line":135,"column":66},"end":{"line":181,"column":1}},"line":135},"9":{"name":"(anonymous_9)","decl":{"start":{"line":142,"column":42},"end":{"line":142,"column":43}},"loc":{"start":{"line":142,"column":68},"end":{"line":180,"column":5}},"line":142},"10":{"name":"(anonymous_10)","decl":{"start":{"line":157,"column":50},"end":{"line":157,"column":51}},"loc":{"start":{"line":157,"column":76},"end":{"line":178,"column":13}},"line":157},"11":{"name":"(anonymous_11)","decl":{"start":{"line":184,"column":24},"end":{"line":184,"column":25}},"loc":{"start":{"line":184,"column":66},"end":{"line":229,"column":1}},"line":184},"12":{"name":"(anonymous_12)","decl":{"start":{"line":190,"column":42},"end":{"line":190,"column":43}},"loc":{"start":{"line":190,"column":68},"end":{"line":228,"column":5}},"line":190},"13":{"name":"(anonymous_13)","decl":{"start":{"line":205,"column":50},"end":{"line":205,"column":51}},"loc":{"start":{"line":205,"column":76},"end":{"line":226,"column":13}},"line":205}},"branchMap":{"0":{"loc":{"start":{"line":13,"column":8},"end":{"line":25,"column":9}},"type":"if","locations":[{"start":{"line":13,"column":8},"end":{"line":25,"column":9}},{"start":{"line":13,"column":8},"end":{"line":25,"column":9}}],"line":13},"1":{"loc":{"start":{"line":38,"column":8},"end":{"line":50,"column":9}},"type":"if","locations":[{"start":{"line":38,"column":8},"end":{"line":50,"column":9}},{"start":{"line":38,"column":8},"end":{"line":50,"column":9}}],"line":38},"2":{"loc":{"start":{"line":75,"column":8},"end":{"line":87,"column":9}},"type":"if","locations":[{"start":{"line":75,"column":8},"end":{"line":87,"column":9}},{"start":{"line":75,"column":8},"end":{"line":87,"column":9}}],"line":75},"3":{"loc":{"start":{"line":116,"column":8},"end":{"line":128,"column":9}},"type":"if","locations":[{"start":{"line":116,"column":8},"end":{"line":128,"column":9}},{"start":{"line":116,"column":8},"end":{"line":128,"column":9}}],"line":116},"4":{"loc":{"start":{"line":149,"column":8},"end":{"line":179,"column":9}},"type":"if","locations":[{"start":{"line":149,"column":8},"end":{"line":179,"column":9}},{"start":{"line":149,"column":8},"end":{"line":179,"column":9}}],"line":149},"5":{"loc":{"start":{"line":164,"column":16},"end":{"line":176,"column":17}},"type":"if","locations":[{"start":{"line":164,"column":16},"end":{"line":176,"column":17}},{"start":{"line":164,"column":16},"end":{"line":176,"column":17}}],"line":164},"6":{"loc":{"start":{"line":197,"column":8},"end":{"line":227,"column":9}},"type":"if","locations":[{"start":{"line":197,"column":8},"end":{"line":227,"column":9}},{"start":{"line":197,"column":8},"end":{"line":227,"column":9}}],"line":197},"7":{"loc":{"start":{"line":212,"column":16},"end":{"line":224,"column":17}},"type":"if","locations":[{"start":{"line":212,"column":16},"end":{"line":224,"column":17}},{"start":{"line":212,"column":16},"end":{"line":224,"column":17}}],"line":212}},"s":{"0":1,"1":1,"2":0,"3":0,"4":0,"5":0,"6":0,"7":0,"8":1,"9":0,"10":0,"11":0,"12":0,"13":0,"14":0,"15":0,"16":1,"17":0,"18":0,"19":0,"20":0,"21":0,"22":0,"23":0,"24":0,"25":0,"26":1,"27":0,"28":0,"29":0,"30":0,"31":0,"32":0,"33":0,"34":0,"35":0,"36":0,"37":1,"38":0,"39":0,"40":0,"41":0,"42":0,"43":0,"44":0,"45":0,"46":0,"47":0,"48":0,"49":0,"50":0,"51":0,"52":1,"53":0,"54":0,"55":0,"56":0,"57":0,"58":0,"59":0,"60":0,"61":0,"62":0,"63":0,"64":0,"65":0,"66":0},"f":{"0":0,"1":0,"2":0,"3":0,"4":0,"5":0,"6":0,"7":0,"8":0,"9":0,"10":0,"11":0,"12":0,"13":0},"b":{"0":[0,0],"1":[0,0],"2":[0,0],"3":[0,0],"4":[0,0],"5":[0,0],"6":[0,0],"7":[0,0]},"_coverageSchema":"d34fc3e6b8297bcde183f5492bcb8fcb36775295","hash":"1a22e42fb48d480ef930412e1911f9adbb9f9363"},"/home/cormac/Code/HORUS-git/HORUS/server/AWS_db.js":{"path":"/home/cormac/Code/HORUS-git/HORUS/server/AWS_db.js","statementMap":{"0":{"start":{"line":1,"column":12},"end":{"line":1,"column":28}},"1":{"start":{"line":1,"column":38},"end":{"line":1,"column":54}},"2":{"start":{"line":3,"column":20},"end":{"line":3,"column":34}},"3":{"start":{"line":3,"column":46},"end":{"line":3,"column":58}},"4":{"start":{"line":5,"column":0},"end":{"line":5,"column":32}},"5":{"start":{"line":6,"column":0},"end":{"line":6,"column":44}},"6":{"start":{"line":9,"column":17},"end":{"line":16,"column":2}},"7":{"start":{"line":18,"column":0},"end":{"line":18,"column":44}},"8":{"start":{"line":20,"column":0},"end":{"line":31,"column":2}},"9":{"start":{"line":22,"column":8},"end":{"line":22,"column":48}},"10":{"start":{"line":23,"column":8},"end":{"line":29,"column":11}},"11":{"start":{"line":24,"column":12},"end":{"line":26,"column":13}},"12":{"start":{"line":25,"column":16},"end":{"line":25,"column":45}},"13":{"start":{"line":28,"column":12},"end":{"line":28,"column":40}}},"fnMap":{"0":{"name":"(anonymous_0)","decl":{"start":{"line":21,"column":11},"end":{"line":21,"column":12}},"loc":{"start":{"line":21,"column":36},"end":{"line":30,"column":5}},"line":21},"1":{"name":"(anonymous_1)","decl":{"start":{"line":23,"column":32},"end":{"line":23,"column":33}},"loc":{"start":{"line":23,"column":57},"end":{"line":29,"column":9}},"line":23}},"branchMap":{"0":{"loc":{"start":{"line":24,"column":12},"end":{"line":26,"column":13}},"type":"if","locations":[{"start":{"line":24,"column":12},"end":{"line":26,"column":13}},{"start":{"line":24,"column":12},"end":{"line":26,"column":13}}],"line":24}},"s":{"0":1,"1":1,"2":1,"3":1,"4":1,"5":1,"6":1,"7":1,"8":1,"9":0,"10":0,"11":0,"12":0,"13":0},"f":{"0":0,"1":0},"b":{"0":[0,0]},"_coverageSchema":"d34fc3e6b8297bcde183f5492bcb8fcb36775295","hash":"31834d1952b42b5ee6062dd99101ddb6938bcae7"},"/home/cormac/Code/HORUS-git/HORUS/server/local_db.js":{"path":"/home/cormac/Code/HORUS-git/HORUS/server/local_db.js","statementMap":{"0":{"start":{"line":1,"column":12},"end":{"line":1,"column":28}},"1":{"start":{"line":1,"column":38},"end":{"line":1,"column":54}},"2":{"start":{"line":3,"column":20},"end":{"line":3,"column":34}},"3":{"start":{"line":3,"column":46},"end":{"line":3,"column":58}},"4":{"start":{"line":5,"column":0},"end":{"line":5,"column":32}},"5":{"start":{"line":6,"column":0},"end":{"line":6,"column":44}},"6":{"start":{"line":9,"column":17},"end":{"line":16,"column":2}},"7":{"start":{"line":18,"column":0},"end":{"line":18,"column":44}},"8":{"start":{"line":20,"column":0},"end":{"line":30,"column":2}},"9":{"start":{"line":22,"column":8},"end":{"line":28,"column":11}},"10":{"start":{"line":23,"column":12},"end":{"line":25,"column":13}},"11":{"start":{"line":24,"column":16},"end":{"line":24,"column":45}},"12":{"start":{"line":27,"column":12},"end":{"line":27,"column":40}}},"fnMap":{"0":{"name":"(anonymous_0)","decl":{"start":{"line":21,"column":11},"end":{"line":21,"column":12}},"loc":{"start":{"line":21,"column":36},"end":{"line":29,"column":5}},"line":21},"1":{"name":"(anonymous_1)","decl":{"start":{"line":22,"column":32},"end":{"line":22,"column":33}},"loc":{"start":{"line":22,"column":57},"end":{"line":28,"column":9}},"line":22}},"branchMap":{"0":{"loc":{"start":{"line":23,"column":12},"end":{"line":25,"column":13}},"type":"if","locations":[{"start":{"line":23,"column":12},"end":{"line":25,"column":13}},{"start":{"line":23,"column":12},"end":{"line":25,"column":13}}],"line":23}},"s":{"0":1,"1":1,"2":1,"3":1,"4":1,"5":1,"6":1,"7":1,"8":1,"9":0,"10":0,"11":0,"12":0},"f":{"0":0,"1":0},"b":{"0":[0,0]},"_coverageSchema":"d34fc3e6b8297bcde183f5492bcb8fcb36775295","hash":"7044d549d08437f178db72a6956f2c72f631b6be"}}